Using cuda device
CNNv3(
  (convLayer1): Sequential(
    (0): Dropout(p=0.1, inplace=False)
    (1): Conv2d(3, 256, kernel_size=(3, 3), stride=(1, 1), padding=(1, 1))
    (2): ReLU()
    (3): Conv2d(256, 256, kernel_size=(3, 3), stride=(1, 1), padding=(1, 1))
    (4): ReLU()
    (5): MaxPool2d(kernel_size=2, stride=2, padding=0, dilation=1, ceil_mode=False)
  )
  (convLayer2): Sequential(
    (0): Dropout(p=0.1, inplace=False)
    (1): Conv2d(256, 256, kernel_size=(3, 3), stride=(1, 1), padding=(1, 1))
    (2): ReLU()
    (3): Conv2d(256, 256, kernel_size=(3, 3), stride=(1, 1), padding=(1, 1))
    (4): ReLU()
    (5): MaxPool2d(kernel_size=2, stride=2, padding=0, dilation=1, ceil_mode=False)
  )
  (convLayer3): Sequential(
    (0): Dropout(p=0.1, inplace=False)
    (1): Conv2d(256, 256, kernel_size=(3, 3), stride=(1, 1), padding=(1, 1))
    (2): ReLU()
    (3): Conv2d(256, 256, kernel_size=(3, 3), stride=(1, 1), padding=(1, 1))
    (4): ReLU()
    (5): MaxPool2d(kernel_size=2, stride=2, padding=0, dilation=1, ceil_mode=False)
  )
  (convLayer4): Sequential(
    (0): Dropout(p=0.1, inplace=False)
    (1): Conv2d(256, 256, kernel_size=(3, 3), stride=(1, 1), padding=(1, 1))
    (2): ReLU()
    (3): Conv2d(256, 256, kernel_size=(3, 3), stride=(1, 1), padding=(1, 1))
    (4): ReLU()
    (5): MaxPool2d(kernel_size=2, stride=2, padding=0, dilation=1, ceil_mode=False)
  )
  (classifier): Sequential(
    (0): Flatten(start_dim=1, end_dim=-1)
    (1): Linear(in_features=65536, out_features=1024, bias=True)
    (2): BatchNorm1d(1024, eps=1e-05, momentum=0.1, affine=True, track_running_stats=True)
    (3): ReLU()
    (4): Linear(in_features=1024, out_features=512, bias=True)
    (5): BatchNorm1d(512, eps=1e-05, momentum=0.1, affine=True, track_running_stats=True)
    (6): ReLU()
    (7): Linear(in_features=512, out_features=102, bias=True)
  )
)
Epoch 1/200 -------------------------------
Train Error: 
Accuracy: 1.57%, Avg loss: 4.626324 

Validate Error: 
 Accuracy: 0.98%, Avg loss: 4.628308 

Epoch 2/200 -------------------------------
Train Error: 
Accuracy: 4.02%, Avg loss: 4.416197 

Validate Error: 
 Accuracy: 3.53%, Avg loss: 4.509436 

Epoch 3/200 -------------------------------
Train Error: 
Accuracy: 6.67%, Avg loss: 4.227010 

Validate Error: 
 Accuracy: 4.12%, Avg loss: 4.424703 

Epoch 4/200 -------------------------------
Train Error: 
Accuracy: 8.82%, Avg loss: 4.095698 

Validate Error: 
 Accuracy: 4.61%, Avg loss: 4.342212 

Epoch 5/200 -------------------------------
Train Error: 
Accuracy: 12.75%, Avg loss: 3.994773 

Validate Error: 
 Accuracy: 4.61%, Avg loss: 4.293554 

Epoch 6/200 -------------------------------
Train Error: 
Accuracy: 14.80%, Avg loss: 3.931621 

Validate Error: 
 Accuracy: 5.29%, Avg loss: 4.273358 

Epoch 7/200 -------------------------------
Train Error: 
Accuracy: 16.86%, Avg loss: 3.831670 

Validate Error: 
 Accuracy: 6.86%, Avg loss: 4.161736 

Epoch 8/200 -------------------------------
Train Error: 
Accuracy: 19.61%, Avg loss: 3.765588 

Validate Error: 
 Accuracy: 8.63%, Avg loss: 4.111880 

Epoch 9/200 -------------------------------
Train Error: 
Accuracy: 18.04%, Avg loss: 3.717399 

Validate Error: 
 Accuracy: 7.75%, Avg loss: 4.097191 

Epoch 10/200 -------------------------------
Train Error: 
Accuracy: 23.82%, Avg loss: 3.650070 

Validate Error: 
 Accuracy: 9.02%, Avg loss: 4.005769 

Epoch 11/200 -------------------------------
Train Error: 
Accuracy: 23.04%, Avg loss: 3.603502 

Validate Error: 
 Accuracy: 8.73%, Avg loss: 4.000456 

Epoch 12/200 -------------------------------
Train Error: 
Accuracy: 23.82%, Avg loss: 3.564079 

Validate Error: 
 Accuracy: 10.29%, Avg loss: 3.889763 

Epoch 13/200 -------------------------------
Train Error: 
Accuracy: 24.71%, Avg loss: 3.502479 

Validate Error: 
 Accuracy: 10.00%, Avg loss: 3.942671 

Epoch 14/200 -------------------------------
Train Error: 
Accuracy: 28.04%, Avg loss: 3.451678 

Validate Error: 
 Accuracy: 11.27%, Avg loss: 3.876535 

Epoch 15/200 -------------------------------
Train Error: 
Accuracy: 29.31%, Avg loss: 3.413731 

Validate Error: 
 Accuracy: 12.35%, Avg loss: 3.842715 

Epoch 16/200 -------------------------------
Train Error: 
Accuracy: 30.49%, Avg loss: 3.371028 

Validate Error: 
 Accuracy: 9.31%, Avg loss: 3.916847 

Epoch 17/200 -------------------------------
Train Error: 
Accuracy: 32.45%, Avg loss: 3.290682 

Validate Error: 
 Accuracy: 9.61%, Avg loss: 3.879639 

Epoch 18/200 -------------------------------
Train Error: 
Accuracy: 33.33%, Avg loss: 3.258115 

Validate Error: 
 Accuracy: 10.88%, Avg loss: 3.807842 

Epoch 19/200 -------------------------------
Train Error: 
Accuracy: 33.24%, Avg loss: 3.227551 

Validate Error: 
 Accuracy: 15.10%, Avg loss: 3.690344 

Epoch 20/200 -------------------------------
Train Error: 
Accuracy: 37.35%, Avg loss: 3.164881 

Validate Error: 
 Accuracy: 14.12%, Avg loss: 3.694607 

Epoch 21/200 -------------------------------
Train Error: 
Accuracy: 37.25%, Avg loss: 3.121747 

Validate Error: 
 Accuracy: 13.92%, Avg loss: 3.710180 

Epoch 22/200 -------------------------------
Train Error: 
Accuracy: 40.39%, Avg loss: 3.040332 

Validate Error: 
 Accuracy: 15.69%, Avg loss: 3.698992 

Epoch 23/200 -------------------------------
Train Error: 
Accuracy: 39.31%, Avg loss: 3.004772 

Validate Error: 
 Accuracy: 15.20%, Avg loss: 3.705858 

Epoch 24/200 -------------------------------
Train Error: 
Accuracy: 42.45%, Avg loss: 2.959455 

Validate Error: 
 Accuracy: 13.04%, Avg loss: 3.785305 

Epoch 25/200 -------------------------------
Train Error: 
Accuracy: 43.53%, Avg loss: 2.928159 

Validate Error: 
 Accuracy: 17.06%, Avg loss: 3.586849 

Epoch 26/200 -------------------------------
Train Error: 
Accuracy: 46.96%, Avg loss: 2.896583 

Validate Error: 
 Accuracy: 17.55%, Avg loss: 3.619016 

Epoch 27/200 -------------------------------
Train Error: 
Accuracy: 47.84%, Avg loss: 2.851201 

Validate Error: 
 Accuracy: 15.98%, Avg loss: 3.648748 

Epoch 28/200 -------------------------------
Train Error: 
Accuracy: 48.92%, Avg loss: 2.812420 

Validate Error: 
 Accuracy: 17.84%, Avg loss: 3.612502 

Epoch 29/200 -------------------------------
Train Error: 
Accuracy: 49.71%, Avg loss: 2.801121 

Validate Error: 
 Accuracy: 16.27%, Avg loss: 3.637596 

Epoch 30/200 -------------------------------
Train Error: 
Accuracy: 48.04%, Avg loss: 2.798936 

Validate Error: 
 Accuracy: 17.35%, Avg loss: 3.626934 

Epoch 31/200 -------------------------------
Train Error: 
Accuracy: 50.59%, Avg loss: 2.766528 

Validate Error: 
 Accuracy: 20.39%, Avg loss: 3.504591 

Epoch 32/200 -------------------------------
Train Error: 
Accuracy: 50.49%, Avg loss: 2.703085 

Validate Error: 
 Accuracy: 17.16%, Avg loss: 3.602667 

Epoch 33/200 -------------------------------
Train Error: 
Accuracy: 52.94%, Avg loss: 2.661847 

Validate Error: 
 Accuracy: 16.76%, Avg loss: 3.609049 

Epoch 34/200 -------------------------------
Train Error: 
Accuracy: 53.14%, Avg loss: 2.611236 

Validate Error: 
 Accuracy: 18.04%, Avg loss: 3.559113 

Epoch 35/200 -------------------------------
Train Error: 
Accuracy: 54.12%, Avg loss: 2.592166 

Validate Error: 
 Accuracy: 17.16%, Avg loss: 3.559328 

Epoch 36/200 -------------------------------
Train Error: 
Accuracy: 53.14%, Avg loss: 2.604227 

Validate Error: 
 Accuracy: 18.33%, Avg loss: 3.518962 

Epoch 37/200 -------------------------------
Train Error: 
Accuracy: 56.27%, Avg loss: 2.563308 

Validate Error: 
 Accuracy: 19.22%, Avg loss: 3.528566 

Epoch 38/200 -------------------------------
Train Error: 
Accuracy: 57.35%, Avg loss: 2.516411 

Validate Error: 
 Accuracy: 19.41%, Avg loss: 3.529449 

Epoch 39/200 -------------------------------
Train Error: 
Accuracy: 58.04%, Avg loss: 2.467985 

Validate Error: 
 Accuracy: 18.92%, Avg loss: 3.515730 

Epoch 40/200 -------------------------------
Train Error: 
Accuracy: 59.12%, Avg loss: 2.440290 

Validate Error: 
 Accuracy: 24.02%, Avg loss: 3.315439 

Epoch 41/200 -------------------------------
Train Error: 
Accuracy: 59.80%, Avg loss: 2.413488 

Validate Error: 
 Accuracy: 23.04%, Avg loss: 3.359516 

Epoch 42/200 -------------------------------
Train Error: 
Accuracy: 59.02%, Avg loss: 2.407685 

Validate Error: 
 Accuracy: 22.06%, Avg loss: 3.424759 

Epoch 43/200 -------------------------------
Train Error: 
Accuracy: 62.45%, Avg loss: 2.390229 

Validate Error: 
 Accuracy: 25.00%, Avg loss: 3.276370 

Epoch 44/200 -------------------------------
Train Error: 
Accuracy: 62.45%, Avg loss: 2.357557 

Validate Error: 
 Accuracy: 26.18%, Avg loss: 3.249712 

Epoch 45/200 -------------------------------
Train Error: 
Accuracy: 63.24%, Avg loss: 2.319389 

Validate Error: 
 Accuracy: 21.96%, Avg loss: 3.426738 

Epoch 46/200 -------------------------------
Train Error: 
Accuracy: 64.22%, Avg loss: 2.285466 

Validate Error: 
 Accuracy: 21.27%, Avg loss: 3.440049 

Epoch 47/200 -------------------------------
Train Error: 
Accuracy: 63.73%, Avg loss: 2.276248 

Validate Error: 
 Accuracy: 23.04%, Avg loss: 3.368252 

Epoch 48/200 -------------------------------
Train Error: 
Accuracy: 64.12%, Avg loss: 2.258340 

Validate Error: 
 Accuracy: 23.92%, Avg loss: 3.316556 

Epoch 49/200 -------------------------------
Train Error: 
Accuracy: 65.29%, Avg loss: 2.219470 

Validate Error: 
 Accuracy: 22.25%, Avg loss: 3.362333 

Epoch 50/200 -------------------------------
Train Error: 
Accuracy: 67.16%, Avg loss: 2.190491 

Validate Error: 
 Accuracy: 22.25%, Avg loss: 3.343843 

Epoch 51/200 -------------------------------
Train Error: 
Accuracy: 66.76%, Avg loss: 2.182533 

Validate Error: 
 Accuracy: 24.41%, Avg loss: 3.292448 

Epoch 52/200 -------------------------------
Train Error: 
Accuracy: 67.35%, Avg loss: 2.203081 

Validate Error: 
 Accuracy: 23.92%, Avg loss: 3.318710 

Epoch 53/200 -------------------------------
Train Error: 
Accuracy: 67.75%, Avg loss: 2.124940 

Validate Error: 
 Accuracy: 25.88%, Avg loss: 3.278448 

Epoch 54/200 -------------------------------
Train Error: 
Accuracy: 67.06%, Avg loss: 2.133328 

Validate Error: 
 Accuracy: 24.41%, Avg loss: 3.280405 

Epoch 55/200 -------------------------------
Train Error: 
Accuracy: 69.31%, Avg loss: 2.084439 

Validate Error: 
 Accuracy: 24.71%, Avg loss: 3.296178 

Epoch 56/200 -------------------------------
Train Error: 
Accuracy: 69.71%, Avg loss: 2.084146 

Validate Error: 
 Accuracy: 21.57%, Avg loss: 3.432084 

Epoch 57/200 -------------------------------
Train Error: 
Accuracy: 70.49%, Avg loss: 2.057340 

Validate Error: 
 Accuracy: 26.57%, Avg loss: 3.213716 

Epoch 58/200 -------------------------------
Train Error: 
Accuracy: 71.67%, Avg loss: 2.023180 

Validate Error: 
 Accuracy: 24.22%, Avg loss: 3.270968 

Epoch 59/200 -------------------------------
Train Error: 
Accuracy: 70.69%, Avg loss: 1.991351 

Validate Error: 
 Accuracy: 27.94%, Avg loss: 3.197142 

Epoch 60/200 -------------------------------
Train Error: 
Accuracy: 73.82%, Avg loss: 1.975455 

Validate Error: 
 Accuracy: 25.29%, Avg loss: 3.243752 

Epoch 61/200 -------------------------------
Train Error: 
Accuracy: 75.10%, Avg loss: 1.944299 

Validate Error: 
 Accuracy: 23.33%, Avg loss: 3.314382 

Epoch 62/200 -------------------------------
Train Error: 
Accuracy: 74.80%, Avg loss: 1.937383 

Validate Error: 
 Accuracy: 28.33%, Avg loss: 3.176893 

Epoch 63/200 -------------------------------
Train Error: 
Accuracy: 72.94%, Avg loss: 1.966944 

Validate Error: 
 Accuracy: 24.71%, Avg loss: 3.239067 

Epoch 64/200 -------------------------------
Train Error: 
Accuracy: 75.78%, Avg loss: 1.906162 

Validate Error: 
 Accuracy: 26.27%, Avg loss: 3.166784 

Epoch 65/200 -------------------------------
Train Error: 
Accuracy: 76.76%, Avg loss: 1.872573 

Validate Error: 
 Accuracy: 28.24%, Avg loss: 3.119830 

Epoch 66/200 -------------------------------
Train Error: 
Accuracy: 76.96%, Avg loss: 1.851941 

Validate Error: 
 Accuracy: 28.04%, Avg loss: 3.144431 

Epoch 67/200 -------------------------------
Train Error: 
Accuracy: 77.16%, Avg loss: 1.851841 

Validate Error: 
 Accuracy: 27.06%, Avg loss: 3.198967 

Epoch 68/200 -------------------------------
Train Error: 
Accuracy: 76.86%, Avg loss: 1.851322 

Validate Error: 
 Accuracy: 26.37%, Avg loss: 3.167578 

Epoch 69/200 -------------------------------
Train Error: 
Accuracy: 79.12%, Avg loss: 1.806450 

Validate Error: 
 Accuracy: 24.22%, Avg loss: 3.205024 

Epoch 70/200 -------------------------------
Train Error: 
Accuracy: 78.53%, Avg loss: 1.803281 

Validate Error: 
 Accuracy: 27.84%, Avg loss: 3.134848 

Epoch 71/200 -------------------------------
Train Error: 
Accuracy: 78.63%, Avg loss: 1.783734 

Validate Error: 
 Accuracy: 27.75%, Avg loss: 3.195878 

Epoch 72/200 -------------------------------
Train Error: 
Accuracy: 80.20%, Avg loss: 1.733994 

Validate Error: 
 Accuracy: 25.10%, Avg loss: 3.216636 

Epoch 73/200 -------------------------------
Train Error: 
Accuracy: 77.84%, Avg loss: 1.735668 

Validate Error: 
 Accuracy: 29.22%, Avg loss: 3.115837 

Epoch 74/200 -------------------------------
Train Error: 
Accuracy: 80.00%, Avg loss: 1.728759 

Validate Error: 
 Accuracy: 27.55%, Avg loss: 3.142968 

Epoch 75/200 -------------------------------
Train Error: 
Accuracy: 82.06%, Avg loss: 1.673062 

Validate Error: 
 Accuracy: 25.78%, Avg loss: 3.152505 

Epoch 76/200 -------------------------------
Train Error: 
Accuracy: 80.39%, Avg loss: 1.691660 

Validate Error: 
 Accuracy: 26.37%, Avg loss: 3.158887 

Epoch 77/200 -------------------------------
Train Error: 
Accuracy: 80.39%, Avg loss: 1.676820 

Validate Error: 
 Accuracy: 27.06%, Avg loss: 3.164824 

Epoch 78/200 -------------------------------
Train Error: 
Accuracy: 80.98%, Avg loss: 1.685613 

Validate Error: 
 Accuracy: 29.90%, Avg loss: 3.102478 

Epoch 79/200 -------------------------------
Train Error: 
Accuracy: 80.98%, Avg loss: 1.676200 

Validate Error: 
 Accuracy: 22.84%, Avg loss: 3.275892 

Epoch 80/200 -------------------------------
Train Error: 
Accuracy: 83.92%, Avg loss: 1.605168 

Validate Error: 
 Accuracy: 27.84%, Avg loss: 3.112409 

Epoch 81/200 -------------------------------
Train Error: 
Accuracy: 83.33%, Avg loss: 1.596346 

Validate Error: 
 Accuracy: 29.80%, Avg loss: 3.080363 

Epoch 82/200 -------------------------------
Train Error: 
Accuracy: 83.82%, Avg loss: 1.553226 

Validate Error: 
 Accuracy: 26.67%, Avg loss: 3.153036 

Epoch 83/200 -------------------------------
Train Error: 
Accuracy: 83.92%, Avg loss: 1.566041 

Validate Error: 
 Accuracy: 26.86%, Avg loss: 3.177042 

Epoch 84/200 -------------------------------
Train Error: 
Accuracy: 83.53%, Avg loss: 1.569147 

Validate Error: 
 Accuracy: 27.25%, Avg loss: 3.117083 

Epoch 85/200 -------------------------------
Train Error: 
Accuracy: 83.82%, Avg loss: 1.524777 

Validate Error: 
 Accuracy: 27.25%, Avg loss: 3.102693 

Epoch 86/200 -------------------------------
Train Error: 
Accuracy: 85.39%, Avg loss: 1.519807 

Validate Error: 
 Accuracy: 31.47%, Avg loss: 3.026600 

Epoch 87/200 -------------------------------
Train Error: 
Accuracy: 84.31%, Avg loss: 1.498134 

Validate Error: 
 Accuracy: 25.98%, Avg loss: 3.167062 

Epoch 88/200 -------------------------------
Train Error: 
Accuracy: 84.31%, Avg loss: 1.509937 

Validate Error: 
 Accuracy: 28.04%, Avg loss: 3.137324 

Epoch 89/200 -------------------------------
Train Error: 
Accuracy: 85.49%, Avg loss: 1.505236 

Validate Error: 
 Accuracy: 25.59%, Avg loss: 3.210077 

Epoch 90/200 -------------------------------
Train Error: 
Accuracy: 88.24%, Avg loss: 1.462784 

Validate Error: 
 Accuracy: 29.80%, Avg loss: 3.055309 

Epoch 91/200 -------------------------------
Train Error: 
Accuracy: 87.94%, Avg loss: 1.453792 

Validate Error: 
 Accuracy: 27.94%, Avg loss: 3.105236 

Epoch 92/200 -------------------------------
Train Error: 
Accuracy: 85.10%, Avg loss: 1.459146 

Validate Error: 
 Accuracy: 29.51%, Avg loss: 3.052971 

Epoch 93/200 -------------------------------
Train Error: 
Accuracy: 88.43%, Avg loss: 1.439049 

Validate Error: 
 Accuracy: 28.33%, Avg loss: 3.081840 

Epoch 94/200 -------------------------------
Train Error: 
Accuracy: 88.33%, Avg loss: 1.405170 

Validate Error: 
 Accuracy: 28.73%, Avg loss: 3.106619 

Epoch 95/200 -------------------------------
Train Error: 
Accuracy: 87.16%, Avg loss: 1.423248 

Validate Error: 
 Accuracy: 25.59%, Avg loss: 3.175980 

Epoch 96/200 -------------------------------
Train Error: 
Accuracy: 87.35%, Avg loss: 1.382104 

Validate Error: 
 Accuracy: 28.43%, Avg loss: 3.101923 

Epoch 97/200 -------------------------------
Train Error: 
Accuracy: 88.24%, Avg loss: 1.380186 

Validate Error: 
 Accuracy: 28.92%, Avg loss: 3.062483 

Epoch 98/200 -------------------------------
Train Error: 
Accuracy: 89.12%, Avg loss: 1.348210 

Validate Error: 
 Accuracy: 30.20%, Avg loss: 3.021653 

Epoch 99/200 -------------------------------
Train Error: 
Accuracy: 88.24%, Avg loss: 1.347672 

Validate Error: 
 Accuracy: 30.78%, Avg loss: 3.019343 

Epoch 100/200 -------------------------------
Train Error: 
Accuracy: 89.71%, Avg loss: 1.338327 

Validate Error: 
 Accuracy: 32.55%, Avg loss: 2.955536 

Epoch 101/200 -------------------------------
Train Error: 
Accuracy: 89.31%, Avg loss: 1.322601 

Validate Error: 
 Accuracy: 28.24%, Avg loss: 3.105994 

Epoch 102/200 -------------------------------
Train Error: 
Accuracy: 91.18%, Avg loss: 1.285647 

Validate Error: 
 Accuracy: 27.94%, Avg loss: 3.097074 

Epoch 103/200 -------------------------------
Train Error: 
Accuracy: 89.80%, Avg loss: 1.278001 

Validate Error: 
 Accuracy: 29.80%, Avg loss: 3.057656 

Epoch 104/200 -------------------------------
Train Error: 
Accuracy: 89.31%, Avg loss: 1.289002 

Validate Error: 
 Accuracy: 30.20%, Avg loss: 3.043614 

Epoch 105/200 -------------------------------
Train Error: 
Accuracy: 90.59%, Avg loss: 1.282544 

Validate Error: 
 Accuracy: 30.49%, Avg loss: 2.989654 

Epoch 106/200 -------------------------------
Train Error: 
Accuracy: 88.92%, Avg loss: 1.287845 

Validate Error: 
 Accuracy: 29.31%, Avg loss: 3.062577 

Epoch 107/200 -------------------------------
Train Error: 
Accuracy: 91.67%, Avg loss: 1.245086 

Validate Error: 
 Accuracy: 29.22%, Avg loss: 3.106383 

Epoch 108/200 -------------------------------
Train Error: 
Accuracy: 90.98%, Avg loss: 1.236684 

Validate Error: 
 Accuracy: 30.10%, Avg loss: 3.099847 

Epoch 109/200 -------------------------------
Train Error: 
Accuracy: 90.78%, Avg loss: 1.220567 

Validate Error: 
 Accuracy: 29.71%, Avg loss: 3.052910 

Epoch 110/200 -------------------------------
Train Error: 
Accuracy: 90.49%, Avg loss: 1.241946 

Validate Error: 
 Accuracy: 28.04%, Avg loss: 3.121122 

Epoch 111/200 -------------------------------
Train Error: 
Accuracy: 90.49%, Avg loss: 1.225151 

Validate Error: 
 Accuracy: 31.67%, Avg loss: 2.992558 

Epoch 112/200 -------------------------------
Train Error: 
Accuracy: 92.35%, Avg loss: 1.193951 

Validate Error: 
 Accuracy: 31.67%, Avg loss: 3.011710 

Epoch 113/200 -------------------------------
Train Error: 
Accuracy: 91.76%, Avg loss: 1.185408 

Validate Error: 
 Accuracy: 29.22%, Avg loss: 3.103345 

Epoch 114/200 -------------------------------
Train Error: 
Accuracy: 91.86%, Avg loss: 1.148918 

Validate Error: 
 Accuracy: 31.37%, Avg loss: 2.965129 

Epoch 115/200 -------------------------------
Train Error: 
Accuracy: 91.18%, Avg loss: 1.182130 

Validate Error: 
 Accuracy: 33.04%, Avg loss: 2.938923 

Epoch 116/200 -------------------------------
Train Error: 
Accuracy: 92.65%, Avg loss: 1.145670 

Validate Error: 
 Accuracy: 31.96%, Avg loss: 2.999895 

Epoch 117/200 -------------------------------
Train Error: 
Accuracy: 92.06%, Avg loss: 1.149421 

Validate Error: 
 Accuracy: 30.98%, Avg loss: 2.995886 

Epoch 118/200 -------------------------------
Train Error: 
Accuracy: 91.67%, Avg loss: 1.174891 

Validate Error: 
 Accuracy: 32.06%, Avg loss: 2.959135 

Epoch 119/200 -------------------------------
Train Error: 
Accuracy: 91.86%, Avg loss: 1.140462 

Validate Error: 
 Accuracy: 29.51%, Avg loss: 3.054488 

Epoch 120/200 -------------------------------
Train Error: 
Accuracy: 93.92%, Avg loss: 1.097237 

Validate Error: 
 Accuracy: 32.16%, Avg loss: 2.946226 

Epoch 121/200 -------------------------------
Train Error: 
Accuracy: 94.71%, Avg loss: 1.083955 

Validate Error: 
 Accuracy: 33.14%, Avg loss: 2.944771 

Epoch 122/200 -------------------------------
Train Error: 
Accuracy: 94.02%, Avg loss: 1.083923 

Validate Error: 
 Accuracy: 32.25%, Avg loss: 2.966473 

Epoch 123/200 -------------------------------
Train Error: 
Accuracy: 93.04%, Avg loss: 1.085304 

Validate Error: 
 Accuracy: 27.75%, Avg loss: 3.163029 

Epoch 124/200 -------------------------------
Train Error: 
Accuracy: 93.33%, Avg loss: 1.087565 

Validate Error: 
 Accuracy: 33.14%, Avg loss: 2.940567 

Epoch 125/200 -------------------------------
Train Error: 
Accuracy: 94.41%, Avg loss: 1.049736 

Validate Error: 
 Accuracy: 32.65%, Avg loss: 2.979937 

Epoch 126/200 -------------------------------
Train Error: 
Accuracy: 93.33%, Avg loss: 1.065145 

Validate Error: 
 Accuracy: 29.02%, Avg loss: 3.093646 

Epoch 127/200 -------------------------------
Train Error: 
Accuracy: 94.22%, Avg loss: 1.050189 

Validate Error: 
 Accuracy: 31.18%, Avg loss: 3.026326 

Epoch 128/200 -------------------------------
Train Error: 
Accuracy: 94.41%, Avg loss: 1.046504 

Validate Error: 
 Accuracy: 30.39%, Avg loss: 3.040519 

Epoch 129/200 -------------------------------
Train Error: 
Accuracy: 93.73%, Avg loss: 1.032595 

Validate Error: 
 Accuracy: 34.12%, Avg loss: 2.897545 

Epoch 130/200 -------------------------------
Train Error: 
Accuracy: 94.80%, Avg loss: 1.035966 

Validate Error: 
 Accuracy: 30.98%, Avg loss: 3.006761 

Epoch 131/200 -------------------------------
Train Error: 
Accuracy: 93.73%, Avg loss: 1.047630 

Validate Error: 
 Accuracy: 30.78%, Avg loss: 2.960537 

Epoch 132/200 -------------------------------
Train Error: 
Accuracy: 94.12%, Avg loss: 1.026420 

Validate Error: 
 Accuracy: 29.02%, Avg loss: 3.036231 

Epoch 133/200 -------------------------------
Train Error: 
Accuracy: 94.71%, Avg loss: 1.018464 

Validate Error: 
 Accuracy: 31.67%, Avg loss: 2.975312 

Epoch 134/200 -------------------------------
Train Error: 
Accuracy: 95.39%, Avg loss: 0.974783 

Validate Error: 
 Accuracy: 32.35%, Avg loss: 2.979665 

Epoch 135/200 -------------------------------
Train Error: 
Accuracy: 95.10%, Avg loss: 1.014009 

Validate Error: 
 Accuracy: 35.00%, Avg loss: 2.868824 

Epoch 136/200 -------------------------------
Train Error: 
Accuracy: 94.90%, Avg loss: 0.986935 

Validate Error: 
 Accuracy: 30.98%, Avg loss: 2.991293 

Epoch 137/200 -------------------------------
Train Error: 
Accuracy: 95.59%, Avg loss: 0.954781 

Validate Error: 
 Accuracy: 33.24%, Avg loss: 2.938600 

Epoch 138/200 -------------------------------
Train Error: 
Accuracy: 93.53%, Avg loss: 0.995985 

Validate Error: 
 Accuracy: 32.25%, Avg loss: 2.945184 

Epoch 139/200 -------------------------------
Train Error: 
Accuracy: 95.20%, Avg loss: 0.963449 

Validate Error: 
 Accuracy: 31.47%, Avg loss: 3.020329 

Epoch 140/200 -------------------------------
Train Error: 
Accuracy: 94.02%, Avg loss: 0.966723 

Validate Error: 
 Accuracy: 35.69%, Avg loss: 2.835797 

Epoch 141/200 -------------------------------
Train Error: 
Accuracy: 95.49%, Avg loss: 0.941468 

Validate Error: 
 Accuracy: 31.96%, Avg loss: 2.970671 

Epoch 142/200 -------------------------------
Train Error: 
Accuracy: 96.67%, Avg loss: 0.913431 

Validate Error: 
 Accuracy: 34.41%, Avg loss: 2.947205 

Epoch 143/200 -------------------------------
Train Error: 
Accuracy: 95.20%, Avg loss: 0.939765 

Validate Error: 
 Accuracy: 30.69%, Avg loss: 2.974380 

Epoch 144/200 -------------------------------
Train Error: 
Accuracy: 96.76%, Avg loss: 0.900959 

Validate Error: 
 Accuracy: 35.10%, Avg loss: 2.875115 

Epoch 145/200 -------------------------------
Train Error: 
Accuracy: 95.10%, Avg loss: 0.935449 

Validate Error: 
 Accuracy: 30.20%, Avg loss: 3.015138 

Epoch 146/200 -------------------------------
Train Error: 
Accuracy: 95.49%, Avg loss: 0.920495 

Validate Error: 
 Accuracy: 33.33%, Avg loss: 2.952192 

Epoch 147/200 -------------------------------
Train Error: 
Accuracy: 96.57%, Avg loss: 0.895217 

Validate Error: 
 Accuracy: 35.88%, Avg loss: 2.871222 

Epoch 148/200 -------------------------------
Train Error: 
Accuracy: 96.27%, Avg loss: 0.907048 

Validate Error: 
 Accuracy: 30.98%, Avg loss: 3.023875 

Epoch 149/200 -------------------------------
Train Error: 
Accuracy: 96.18%, Avg loss: 0.865848 

Validate Error: 
 Accuracy: 34.22%, Avg loss: 2.894389 

Epoch 150/200 -------------------------------
Train Error: 
Accuracy: 96.18%, Avg loss: 0.895357 

Validate Error: 
 Accuracy: 34.12%, Avg loss: 2.919023 

Epoch 151/200 -------------------------------
Train Error: 
Accuracy: 96.08%, Avg loss: 0.872178 

Validate Error: 
 Accuracy: 34.71%, Avg loss: 2.867967 

Epoch 152/200 -------------------------------
Train Error: 
Accuracy: 95.98%, Avg loss: 0.876735 

Validate Error: 
 Accuracy: 33.92%, Avg loss: 2.931071 

Epoch 153/200 -------------------------------
Train Error: 
Accuracy: 96.18%, Avg loss: 0.893745 

Validate Error: 
 Accuracy: 30.20%, Avg loss: 3.020613 

Epoch 154/200 -------------------------------
Train Error: 
Accuracy: 97.06%, Avg loss: 0.848803 

Validate Error: 
 Accuracy: 30.69%, Avg loss: 3.021731 

Epoch 155/200 -------------------------------
Train Error: 
Accuracy: 95.98%, Avg loss: 0.893297 

Validate Error: 
 Accuracy: 32.16%, Avg loss: 2.955783 

Epoch 156/200 -------------------------------
Train Error: 
Accuracy: 97.16%, Avg loss: 0.868445 

Validate Error: 
 Accuracy: 34.12%, Avg loss: 2.877642 

Epoch 157/200 -------------------------------
Train Error: 
Accuracy: 96.76%, Avg loss: 0.847734 

Validate Error: 
 Accuracy: 37.45%, Avg loss: 2.779118 

Epoch 158/200 -------------------------------
Train Error: 
Accuracy: 97.16%, Avg loss: 0.836298 

Validate Error: 
 Accuracy: 34.90%, Avg loss: 2.894570 

Epoch 159/200 -------------------------------
Train Error: 
Accuracy: 96.57%, Avg loss: 0.828046 

Validate Error: 
 Accuracy: 30.20%, Avg loss: 3.016756 

Epoch 160/200 -------------------------------
Train Error: 
Accuracy: 97.75%, Avg loss: 0.802490 

Validate Error: 
 Accuracy: 32.45%, Avg loss: 3.011609 

Epoch 161/200 -------------------------------
Train Error: 
Accuracy: 97.65%, Avg loss: 0.819370 

Validate Error: 
 Accuracy: 32.06%, Avg loss: 2.989181 

Epoch 162/200 -------------------------------
Train Error: 
Accuracy: 97.45%, Avg loss: 0.826874 

Validate Error: 
 Accuracy: 31.86%, Avg loss: 2.989838 

Epoch 163/200 -------------------------------
Train Error: 
Accuracy: 97.06%, Avg loss: 0.812416 

Validate Error: 
 Accuracy: 36.08%, Avg loss: 2.845411 

Epoch 164/200 -------------------------------
Train Error: 
Accuracy: 97.45%, Avg loss: 0.799378 

Validate Error: 
 Accuracy: 31.37%, Avg loss: 2.977437 

Epoch 165/200 -------------------------------
Train Error: 
Accuracy: 97.94%, Avg loss: 0.808342 

Validate Error: 
 Accuracy: 36.86%, Avg loss: 2.792566 

Epoch 166/200 -------------------------------
Train Error: 
Accuracy: 96.47%, Avg loss: 0.797422 

Validate Error: 
 Accuracy: 31.37%, Avg loss: 3.030170 

Epoch 167/200 -------------------------------
Train Error: 
Accuracy: 97.35%, Avg loss: 0.783370 

Validate Error: 
 Accuracy: 35.00%, Avg loss: 2.898683 

Epoch 168/200 -------------------------------
Train Error: 
Accuracy: 97.65%, Avg loss: 0.771585 

Validate Error: 
 Accuracy: 32.75%, Avg loss: 2.903205 

Epoch 169/200 -------------------------------
Train Error: 
Accuracy: 97.84%, Avg loss: 0.763062 

Validate Error: 
 Accuracy: 34.90%, Avg loss: 2.840773 

Epoch 170/200 -------------------------------
Train Error: 
Accuracy: 97.84%, Avg loss: 0.804868 

Validate Error: 
 Accuracy: 35.00%, Avg loss: 2.874432 

Epoch 171/200 -------------------------------
Train Error: 
Accuracy: 97.35%, Avg loss: 0.798902 

Validate Error: 
 Accuracy: 32.45%, Avg loss: 2.967210 

Epoch 172/200 -------------------------------
Train Error: 
Accuracy: 97.75%, Avg loss: 0.774878 

Validate Error: 
 Accuracy: 35.29%, Avg loss: 2.860372 

Epoch 173/200 -------------------------------
Train Error: 
Accuracy: 97.55%, Avg loss: 0.755477 

Validate Error: 
 Accuracy: 33.92%, Avg loss: 2.927281 

Epoch 174/200 -------------------------------
Train Error: 
Accuracy: 97.65%, Avg loss: 0.755293 

Validate Error: 
 Accuracy: 38.14%, Avg loss: 2.804088 

Epoch 175/200 -------------------------------
Train Error: 
Accuracy: 97.25%, Avg loss: 0.761692 

Validate Error: 
 Accuracy: 34.90%, Avg loss: 2.916053 

Epoch 176/200 -------------------------------
Train Error: 
Accuracy: 98.24%, Avg loss: 0.739351 

Validate Error: 
 Accuracy: 34.31%, Avg loss: 2.859097 

Epoch 177/200 -------------------------------
Train Error: 
Accuracy: 97.84%, Avg loss: 0.742245 

Validate Error: 
 Accuracy: 36.86%, Avg loss: 2.807466 

Epoch 178/200 -------------------------------
Train Error: 
Accuracy: 97.84%, Avg loss: 0.741572 

Validate Error: 
 Accuracy: 36.18%, Avg loss: 2.814206 

Epoch 179/200 -------------------------------
Train Error: 
Accuracy: 98.14%, Avg loss: 0.727687 

Validate Error: 
 Accuracy: 34.51%, Avg loss: 2.894175 

Epoch 180/200 -------------------------------
Train Error: 
Accuracy: 98.53%, Avg loss: 0.740415 

Validate Error: 
 Accuracy: 35.98%, Avg loss: 2.853852 

Epoch 181/200 -------------------------------
Train Error: 
Accuracy: 98.53%, Avg loss: 0.734639 

Validate Error: 
 Accuracy: 35.78%, Avg loss: 2.854653 

Epoch 182/200 -------------------------------
Train Error: 
Accuracy: 97.65%, Avg loss: 0.743216 

Validate Error: 
 Accuracy: 36.67%, Avg loss: 2.842213 

Epoch 183/200 -------------------------------
Train Error: 
Accuracy: 97.35%, Avg loss: 0.724757 

Validate Error: 
 Accuracy: 33.43%, Avg loss: 2.939462 

Epoch 184/200 -------------------------------
Train Error: 
Accuracy: 97.65%, Avg loss: 0.716715 

Validate Error: 
 Accuracy: 35.69%, Avg loss: 2.869586 

Epoch 185/200 -------------------------------
Train Error: 
Accuracy: 97.94%, Avg loss: 0.707786 

Validate Error: 
 Accuracy: 34.12%, Avg loss: 2.874887 

Epoch 186/200 -------------------------------
Train Error: 
Accuracy: 97.55%, Avg loss: 0.726325 

Validate Error: 
 Accuracy: 36.96%, Avg loss: 2.808620 

Epoch 187/200 -------------------------------
Train Error: 
Accuracy: 96.96%, Avg loss: 0.747146 

Validate Error: 
 Accuracy: 36.27%, Avg loss: 2.811485 

Epoch 188/200 -------------------------------
Train Error: 
Accuracy: 98.63%, Avg loss: 0.676038 

Validate Error: 
 Accuracy: 33.33%, Avg loss: 2.936271 

Epoch 189/200 -------------------------------
Train Error: 
Accuracy: 98.33%, Avg loss: 0.710140 

Validate Error: 
 Accuracy: 34.71%, Avg loss: 2.857612 

Epoch 190/200 -------------------------------
Train Error: 
Accuracy: 98.73%, Avg loss: 0.711955 

Validate Error: 
 Accuracy: 34.51%, Avg loss: 2.887398 

Epoch 191/200 -------------------------------
Train Error: 
Accuracy: 98.24%, Avg loss: 0.691999 

Validate Error: 
 Accuracy: 35.49%, Avg loss: 2.855204 

Epoch 192/200 -------------------------------
Train Error: 
Accuracy: 98.43%, Avg loss: 0.686454 

Validate Error: 
 Accuracy: 35.20%, Avg loss: 2.876404 

Epoch 193/200 -------------------------------
Train Error: 
Accuracy: 98.43%, Avg loss: 0.688151 

Validate Error: 
 Accuracy: 35.78%, Avg loss: 2.853708 

Epoch 194/200 -------------------------------
Train Error: 
Accuracy: 97.25%, Avg loss: 0.711046 

Validate Error: 
 Accuracy: 36.86%, Avg loss: 2.806167 

Epoch 195/200 -------------------------------
Train Error: 
Accuracy: 98.14%, Avg loss: 0.698414 

Validate Error: 
 Accuracy: 33.33%, Avg loss: 2.918925 

Epoch 196/200 -------------------------------
Train Error: 
Accuracy: 97.75%, Avg loss: 0.702249 

Validate Error: 
 Accuracy: 35.20%, Avg loss: 2.879445 

Epoch 197/200 -------------------------------
Train Error: 
Accuracy: 97.65%, Avg loss: 0.688005 

Validate Error: 
 Accuracy: 35.10%, Avg loss: 2.863716 

Epoch 198/200 -------------------------------
Train Error: 
Accuracy: 98.24%, Avg loss: 0.695106 

Validate Error: 
 Accuracy: 34.51%, Avg loss: 2.884658 

Epoch 199/200 -------------------------------
Train Error: 
Accuracy: 98.04%, Avg loss: 0.679837 

Validate Error: 
 Accuracy: 34.22%, Avg loss: 2.880200 

Epoch 200/200 -------------------------------
Train Error: 
Accuracy: 97.94%, Avg loss: 0.676488 

Validate Error: 
 Accuracy: 38.63%, Avg loss: 2.800684 

Test Error: 
 Accuracy: 36.59%, Avg loss: 2.872480 

#Hyperparameters
lr = 0.00001
momentum = 0
weight_decay = 0.05
dampening = 0

#Other
batch_size = 16
epochs = 200
{'train_loss': [4.626323640346527, 9.042520210146904, 13.26953061670065, 17.365228451788425, 21.360001403838396, 25.291622202843428, 29.123292356729507, 32.88888030126691, 36.60627919435501, 40.256349597126245, 43.85985190793872, 47.42393081635237, 50.92640960589051, 54.37808718532324, 57.791817743331194, 61.16284557059407, 64.45352796837687, 67.71164271607995, 70.9391935504973, 74.10407420992851, 77.22582153230906, 80.26615319028497, 83.27092552185059, 86.23038047924638, 89.15853976458311, 92.05512228608131, 94.90632371976972, 97.71874357759953, 100.51986411586404, 103.3188000395894, 106.08532842248678, 108.78841383755207, 111.45026053115726, 114.06149698421359, 116.65366255491972, 119.25788911432028, 121.82119714841247, 124.33760863542557, 126.80559343099594, 129.24588302895427, 131.65937060117722, 134.06705579161644, 136.45728462934494, 138.81484114192426, 141.1342301517725, 143.41969615593553, 145.69594408012927, 147.9542839769274, 150.17375428415835, 152.36424575932324, 154.5467787515372, 156.7498596087098, 158.87479911744595, 161.00812726467848, 163.092565972358, 165.1767116524279, 167.23405205458403, 169.25723247230053, 171.2485830951482, 173.22403837926686, 175.16833750344813, 177.1057203449309, 179.07266449555755, 180.97882626578212, 182.85139958560467, 184.70334013178945, 186.5551808141172, 188.40650303661823, 190.21295343711972, 192.01623417809606, 193.7999683972448, 195.53396272286773, 197.26963087171316, 198.99839033186436, 200.6714524049312, 202.36311196908355, 204.03993239998817, 205.72554543986917, 207.4017457086593, 209.00691395066679, 210.60325951129198, 212.15648526884615, 213.72252620756626, 215.2916728425771, 216.8164495266974, 218.33625622093678, 219.83438983745873, 221.3443268854171, 222.84956269711256, 224.31234649382532, 225.7661382239312, 227.22528428956866, 228.66433287411928, 230.06950243655592, 231.49275008123368, 232.87485410552472, 234.2550405524671, 235.6032501719892, 236.95092256367207, 238.28924933075905, 239.61185051500797, 240.8974979808554, 242.17549862433225, 243.46450086962432, 244.74704450089484, 246.03488959744573, 247.27997569646686, 248.51665954012424, 249.73722614254802, 250.9791724095121, 252.20432340633124, 253.3982747150585, 254.58368269354105, 255.73260097950697, 256.914730832912, 258.0604011323303, 259.2098223865032, 260.38471353892237, 261.52517599612474, 262.6224125502631, 263.7063678158447, 264.7902903435752, 265.87559432536364, 266.9631591755897, 268.01289564277977, 269.07804020214826, 270.1282292995602, 271.1747328834608, 272.2073276033625, 273.2432936327532, 274.2909231502563, 275.3173434268683, 276.3358071446419, 277.3105900809169, 278.3245992157608, 279.3115339996293, 280.26631464622915, 281.26229960564524, 282.22574902139604, 283.19247205462307, 284.1339404974133, 285.0473719891161, 285.9871372366324, 286.88809653837234, 287.8235451998189, 288.74403981957585, 289.6392563758418, 290.5463039018214, 291.4121519215405, 292.30750882904977, 293.1796864885837, 294.0564219439402, 294.95016654767096, 295.7989698778838, 296.69226725865155, 297.5607123076916, 298.40844595991075, 299.24474374204874, 300.072789946571, 300.8752794582397, 301.69464896060526, 302.52152274921536, 303.33393876440823, 304.133316854015, 304.94165865611285, 305.73908052034676, 306.5224501788616, 307.29403540771455, 308.05709728132933, 308.8619650728069, 309.6608668747358, 310.4357448280789, 311.19122184300795, 311.9465149627067, 312.70820720260963, 313.4475582209416, 314.1898030680604, 314.93137461273, 315.6590616493486, 316.3994765849784, 317.1341154826805, 317.87733122427016, 318.6020886832848, 319.3188038384542, 320.0265899314545, 320.7529144701548, 321.50006028963253, 322.1760980580002, 322.8862383873202, 323.59819299541414, 324.2901919442229, 324.97664637770504, 325.6647970848717, 326.37584297079593, 327.0742573905736, 327.7765063769184, 328.46451106807217, 329.15961747244, 329.83945485949516, 330.51594253536314], 'train_accuracy': [0.01568627450980392, 0.05588235294117647, 0.12254901960784315, 0.21078431372549022, 0.3382352941176471, 0.4862745098039216, 0.6549019607843138, 0.8509803921568628, 1.031372549019608, 1.269607843137255, 1.5000000000000002, 1.7382352941176473, 1.985294117647059, 2.2656862745098043, 2.558823529411765, 2.863725490196079, 3.1882352941176477, 3.521568627450981, 3.853921568627452, 4.227450980392158, 4.600000000000001, 5.003921568627453, 5.397058823529414, 5.821568627450983, 6.256862745098042, 6.726470588235297, 7.2049019607843166, 7.694117647058826, 8.191176470588239, 8.671568627450984, 9.17745098039216, 9.682352941176475, 10.211764705882358, 10.743137254901965, 11.2843137254902, 11.815686274509808, 12.378431372549024, 12.95196078431373, 13.532352941176475, 14.12352941176471, 14.721568627450985, 15.311764705882357, 15.936274509803926, 16.560784313725495, 17.193137254901966, 17.835294117647063, 18.472549019607847, 19.11372549019608, 19.76666666666667, 20.43823529411765, 21.10588235294118, 21.779411764705884, 22.45686274509804, 23.127450980392158, 23.820588235294117, 24.517647058823528, 25.22254901960784, 25.939215686274505, 26.646078431372544, 27.38431372549019, 28.135294117647053, 28.883333333333326, 29.61274509803921, 30.37058823529411, 31.138235294117642, 31.907843137254897, 32.679411764705875, 33.448039215686265, 34.2392156862745, 35.02450980392156, 35.810784313725485, 36.61274509803921, 37.391176470588235, 38.19117647058823, 39.01176470588235, 39.8156862745098, 40.61960784313725, 41.42941176470588, 42.23921568627451, 43.07843137254902, 43.911764705882355, 44.75, 45.58921568627451, 46.424509803921566, 47.26274509803921, 48.11666666666666, 48.95980392156862, 49.80294117647058, 50.65784313725489, 51.540196078431364, 52.41960784313725, 53.27058823529411, 54.15490196078431, 55.03823529411764, 55.909803921568624, 56.78333333333333, 57.6656862745098, 58.55686274509804, 59.43921568627451, 60.33627450980392, 61.22941176470588, 62.141176470588235, 63.03921568627451, 63.93235294117647, 64.83823529411764, 65.72745098039215, 66.64411764705882, 67.55392156862744, 68.46176470588235, 69.36666666666666, 70.27156862745097, 71.19509803921568, 72.11274509803921, 73.03137254901961, 73.94313725490196, 74.86960784313725, 75.79019607843136, 76.70686274509804, 77.62549019607843, 78.56470588235294, 79.51176470588236, 80.45196078431373, 81.38235294117648, 82.31568627450982, 83.25980392156863, 84.19313725490197, 85.13529411764706, 86.07941176470588, 87.01666666666667, 87.96470588235294, 88.90196078431373, 89.84313725490196, 90.79019607843138, 91.74411764705883, 92.6950980392157, 93.64411764705883, 94.60000000000001, 95.53529411764707, 96.4872549019608, 97.42745098039217, 98.38235294117648, 99.34901960784315, 100.30098039215687, 101.2686274509804, 102.21960784313727, 103.17450980392158, 104.14019607843139, 105.10294117647061, 106.06470588235297, 107.02647058823533, 107.98725490196081, 108.94705882352943, 109.90882352941179, 110.8794117647059, 111.83921568627453, 112.8107843137255, 113.77843137254904, 114.75000000000001, 115.71568627450982, 116.69313725490198, 117.66960784313727, 118.64411764705883, 119.61470588235295, 120.58921568627451, 121.5686274509804, 122.53333333333335, 123.50686274509805, 124.48333333333333, 125.46176470588236, 126.44019607843138, 127.41372549019609, 128.39117647058825, 129.36666666666667, 130.34313725490196, 131.3156862745098, 132.29803921568626, 133.27647058823527, 134.25490196078428, 135.23627450980388, 136.22156862745095, 137.20686274509802, 138.1833333333333, 139.156862745098, 140.1333333333333, 141.11274509803917, 142.0882352941176, 143.05784313725485, 144.04411764705878, 145.0274509803921, 146.0147058823529, 146.99705882352936, 147.98137254901954, 148.96568627450972, 149.93823529411756, 150.91960784313716, 151.8970588235293, 152.8735294117646, 153.85588235294105, 154.8362745098038, 155.81568627450966], 'val_loss': [4.628308214247227, 9.1377441175282, 13.562447126954794, 17.904659118503332, 22.19821286574006, 26.471570651978254, 30.63330689817667, 34.74518698453903, 38.842378318309784, 42.84814719483256, 46.84860349446535, 50.73836604133248, 54.68103701248765, 58.55757209286094, 62.40028677508235, 66.3171333707869, 70.19677226431668, 74.00461460091174, 77.69495833292603, 81.38956498540938, 85.09974525310099, 88.79873769171536, 92.5045959148556, 96.2899010591209, 99.87674991600215, 103.49576622061431, 107.14451461657882, 110.75701636448503, 114.39461231604218, 118.02154595963657, 121.52613688260317, 125.1288039945066, 128.73785306885839, 132.29696595668793, 135.85629354976118, 139.3752551190555, 142.90382079035044, 146.43326986953616, 149.94900021143258, 153.26443955488503, 156.6239559315145, 160.04871460050344, 163.3250846043229, 166.57479630876333, 170.00153457093984, 173.44158340338618, 176.80983520206064, 180.1263910541311, 183.4887237744406, 186.83256692718714, 190.12501482013613, 193.44372526090592, 196.7221729690209, 200.00257792975754, 203.29875550512224, 206.73083969112486, 209.9445556346327, 213.21552326902747, 216.41266546957195, 219.6564171873033, 222.97079898789525, 226.14769212156534, 229.3867590650916, 232.55354263447225, 235.6733723608777, 238.8178033819422, 242.01677074562758, 245.1843486474827, 248.38937266729772, 251.52422084845603, 254.72009853832424, 257.936734162271, 261.05257100984454, 264.19553925842047, 267.34804424084723, 270.5069308690727, 273.67175507918, 276.7742329016328, 280.0501248566434, 283.1625335654244, 286.24289654009044, 289.3959323465824, 292.5729738743976, 295.69005638733506, 298.79274890292436, 301.8193490328267, 304.98641084041446, 308.12373448815197, 311.33381160441786, 314.3891209065914, 317.49435698240995, 320.5473281079903, 323.62916774954647, 326.735786777921, 329.9117669323459, 333.0136902583763, 336.0761735588312, 339.0978269483894, 342.1171701028943, 345.0727059682831, 348.1787000084296, 351.27577439136803, 354.33343023154885, 357.37704449519515, 360.36669812723994, 363.42927496228367, 366.5356577895582, 369.63550483994186, 372.68841504957527, 375.80953696463257, 378.8020950611681, 381.8138048546389, 384.9171499405056, 387.8822788754478, 390.8212017407641, 393.82109626941383, 396.8169817859307, 399.77611714601517, 402.8306050542742, 405.77683074679226, 408.72160169295967, 411.68807454314083, 414.85110350791365, 417.79167039785534, 420.77160762343556, 423.86525344941765, 426.89157927874476, 429.9320983318612, 432.8296437850222, 435.83640491683036, 438.79694186802953, 441.8331726882607, 444.8084848355502, 447.788149417378, 450.6569734280929, 453.64826630149037, 456.58686648029834, 459.53205088712275, 462.55237972550094, 465.388176407665, 468.3588478853926, 471.3060528691858, 474.2804330866784, 477.15554843563586, 480.1706864181906, 483.1228783046827, 485.9941005012952, 489.01797522744164, 491.9123643501662, 494.8313877112232, 497.69935448328033, 500.63042554585263, 503.65103876637295, 506.67276981426403, 509.62855234509334, 512.5061943777837, 515.2853126707487, 518.1798823154531, 521.1966387755238, 524.2082479405217, 527.1974285519682, 530.1872664303519, 533.0326777468435, 536.0101148863323, 538.8026806428097, 541.8328503151424, 544.7315333033912, 547.6347388024442, 550.4755121557973, 553.3499442045577, 556.3171537234448, 559.1775254341774, 562.1048060101457, 564.9088941803202, 567.824947395362, 570.6840447317809, 573.491511172615, 576.3057169485837, 579.1998915169388, 582.0537438057363, 584.9083968140185, 587.7506099417806, 590.6900715632364, 593.5596579182893, 596.4345450513065, 599.2431655190885, 602.0546502675861, 604.9909214787185, 607.8485337588936, 610.7359321685508, 613.5911366511136, 616.4675409775227, 619.3212488498539, 622.1274158107117, 625.0463403575122, 627.9257853077725, 630.789501122199, 633.6741595519707, 636.5543594630435, 639.3550435928628], 'val_accuracy': [0.00980392156862745, 0.045098039215686274, 0.08627450980392157, 0.1323529411764706, 0.1784313725490196, 0.23137254901960785, 0.30000000000000004, 0.38627450980392164, 0.4637254901960785, 0.553921568627451, 0.6411764705882353, 0.7441176470588236, 0.8441176470588235, 0.9568627450980393, 1.0803921568627453, 1.1735294117647062, 1.2696078431372553, 1.37843137254902, 1.5294117647058827, 1.670588235294118, 1.8098039215686277, 1.9666666666666668, 2.118627450980392, 2.2490196078431373, 2.4196078431372547, 2.595098039215686, 2.7549019607843133, 2.9333333333333327, 3.0960784313725482, 3.269607843137254, 3.473529411764705, 3.6450980392156853, 3.8127450980392146, 3.9931372549019595, 4.16470588235294, 4.348039215686273, 4.5401960784313715, 4.734313725490195, 4.923529411764705, 5.163725490196078, 5.394117647058823, 5.614705882352941, 5.864705882352941, 6.126470588235294, 6.346078431372549, 6.5588235294117645, 6.78921568627451, 7.0284313725490195, 7.250980392156863, 7.473529411764706, 7.7176470588235295, 7.956862745098039, 8.215686274509805, 8.459803921568628, 8.70686274509804, 8.922549019607843, 9.188235294117646, 9.430392156862744, 9.709803921568627, 9.962745098039214, 10.196078431372547, 10.47941176470588, 10.72647058823529, 10.989215686274507, 11.271568627450979, 11.551960784313724, 11.822549019607843, 12.086274509803921, 12.32843137254902, 12.60686274509804, 12.884313725490196, 13.13529411764706, 13.427450980392159, 13.70294117647059, 13.960784313725492, 14.22450980392157, 14.495098039215689, 14.794117647058826, 15.022549019607846, 15.300980392156866, 15.599019607843141, 15.865686274509809, 16.134313725490202, 16.406862745098046, 16.67941176470589, 16.994117647058832, 17.25392156862746, 17.534313725490208, 17.790196078431386, 18.08823529411766, 18.367647058823543, 18.66274509803923, 18.946078431372566, 19.233333333333352, 19.489215686274527, 19.773529411764724, 20.062745098039233, 20.364705882352958, 20.67254901960786, 20.99803921568629, 21.28039215686276, 21.559803921568644, 21.857843137254918, 22.159803921568642, 22.464705882352956, 22.757843137254916, 23.050000000000015, 23.350980392156877, 23.64803921568629, 23.928431372549035, 24.2450980392157, 24.561764705882368, 24.853921568627467, 25.167647058823544, 25.49803921568629, 25.817647058823546, 26.127450980392172, 26.44803921568629, 26.743137254901978, 27.064705882352957, 27.396078431372565, 27.71862745098041, 27.996078431372567, 28.327450980392175, 28.65392156862747, 28.944117647058842, 29.255882352941196, 29.559803921568648, 29.90098039215688, 30.210784313725508, 30.51862745098041, 30.808823529411782, 31.12549019607845, 31.449019607843155, 31.799019607843157, 32.10882352941179, 32.44117647058826, 32.7637254901961, 33.07843137254904, 33.43529411764708, 33.75490196078434, 34.09901960784316, 34.4058823529412, 34.75686274509806, 35.05882352941179, 35.392156862745125, 35.75098039215689, 36.06078431372552, 36.40294117647062, 36.74411764705886, 37.091176470588266, 37.43039215686277, 37.7323529411765, 38.03921568627454, 38.36078431372552, 38.701960784313755, 39.076470588235324, 39.425490196078464, 39.72745098039219, 40.05196078431376, 40.37254901960788, 40.691176470588275, 41.05196078431376, 41.36568627450984, 41.73431372549023, 42.04803921568631, 42.39803921568631, 42.72549019607847, 43.07450980392161, 43.42450980392161, 43.74901960784318, 44.10196078431377, 44.441176470588275, 44.822549019607884, 45.17156862745102, 45.514705882352985, 45.883333333333375, 46.245098039215726, 46.59019607843141, 46.95000000000004, 47.30784313725494, 47.67450980392161, 48.008823529411806, 48.36568627450985, 48.706862745098086, 49.07647058823534, 49.43921568627455, 49.77254901960789, 50.119607843137295, 50.46470588235298, 50.81960784313729, 51.171568627451016, 51.52941176470592, 51.89803921568631, 52.231372549019646, 52.58333333333337, 52.934313725490235, 53.27941176470592, 53.62156862745102, 54.00784313725494], 'epochs': [0, 1, 2, 3, 4, 5, 6, 7, 8, 9, 10, 11, 12, 13, 14, 15, 16, 17, 18, 19, 20, 21, 22, 23, 24, 25, 26, 27, 28, 29, 30, 31, 32, 33, 34, 35, 36, 37, 38, 39, 40, 41, 42, 43, 44, 45, 46, 47, 48, 49, 50, 51, 52, 53, 54, 55, 56, 57, 58, 59, 60, 61, 62, 63, 64, 65, 66, 67, 68, 69, 70, 71, 72, 73, 74, 75, 76, 77, 78, 79, 80, 81, 82, 83, 84, 85, 86, 87, 88, 89, 90, 91, 92, 93, 94, 95, 96, 97, 98, 99, 100, 101, 102, 103, 104, 105, 106, 107, 108, 109, 110, 111, 112, 113, 114, 115, 116, 117, 118, 119, 120, 121, 122, 123, 124, 125, 126, 127, 128, 129, 130, 131, 132, 133, 134, 135, 136, 137, 138, 139, 140, 141, 142, 143, 144, 145, 146, 147, 148, 149, 150, 151, 152, 153, 154, 155, 156, 157, 158, 159, 160, 161, 162, 163, 164, 165, 166, 167, 168, 169, 170, 171, 172, 173, 174, 175, 176, 177, 178, 179, 180, 181, 182, 183, 184, 185, 186, 187, 188, 189, 190, 191, 192, 193, 194, 195, 196, 197, 198, 199]}

============================
 Job utilisation efficiency
============================

Job ID: 6824525
Cluster: viking2.yor.alces.network
User/Group: co788/clusterusers
State: COMPLETED (exit code 0)
Cores: 1
CPU Utilized: 02:25:04
CPU Efficiency: 99.09% of 02:26:24 core-walltime
Job Wall-clock time: 02:26:24
Memory Utilized: 1.97 GB
Memory Efficiency: 24.57% of 8.00 GB
 Requested wall clock time: 12:00:00
    Actual wall clock time: 02:26:24
Wall clock time efficiency: 20.3%
           Job queued time: 00:00:14
