Using cuda device
CNNv4(
  (convLayer1): Sequential(
    (0): Conv2d(3, 102, kernel_size=(3, 3), stride=(1, 1), padding=(1, 1))
    (1): BatchNorm2d(102, eps=1e-05, momentum=0.1, affine=True, track_running_stats=True)
    (2): ReLU()
    (3): Conv2d(102, 102, kernel_size=(3, 3), stride=(1, 1), padding=(1, 1))
    (4): BatchNorm2d(102, eps=1e-05, momentum=0.1, affine=True, track_running_stats=True)
    (5): ReLU()
    (6): MaxPool2d(kernel_size=2, stride=2, padding=0, dilation=1, ceil_mode=False)
  )
  (convLayer2): Sequential(
    (0): Conv2d(102, 102, kernel_size=(3, 3), stride=(1, 1), padding=(1, 1))
    (1): BatchNorm2d(102, eps=1e-05, momentum=0.1, affine=True, track_running_stats=True)
    (2): ReLU()
    (3): Conv2d(102, 102, kernel_size=(3, 3), stride=(1, 1), padding=(1, 1))
    (4): BatchNorm2d(102, eps=1e-05, momentum=0.1, affine=True, track_running_stats=True)
    (5): ReLU()
    (6): MaxPool2d(kernel_size=2, stride=2, padding=0, dilation=1, ceil_mode=False)
  )
  (classLayer2): Sequential(
    (0): Flatten(start_dim=1, end_dim=-1)
    (1): Linear(in_features=417792, out_features=512, bias=True)
    (2): ReLU()
    (3): Linear(in_features=512, out_features=256, bias=True)
    (4): ReLU()
    (5): Linear(in_features=256, out_features=102, bias=True)
  )
  (convLayer3): Sequential(
    (0): Conv2d(102, 102, kernel_size=(3, 3), stride=(1, 1), padding=(1, 1))
    (1): BatchNorm2d(102, eps=1e-05, momentum=0.1, affine=True, track_running_stats=True)
    (2): ReLU()
    (3): Conv2d(102, 102, kernel_size=(3, 3), stride=(1, 1), padding=(1, 1))
    (4): BatchNorm2d(102, eps=1e-05, momentum=0.1, affine=True, track_running_stats=True)
    (5): ReLU()
    (6): MaxPool2d(kernel_size=2, stride=2, padding=0, dilation=1, ceil_mode=False)
  )
  (classLayer3): Sequential(
    (0): Flatten(start_dim=1, end_dim=-1)
    (1): Linear(in_features=104448, out_features=512, bias=True)
    (2): ReLU()
    (3): Linear(in_features=512, out_features=256, bias=True)
    (4): ReLU()
    (5): Linear(in_features=256, out_features=102, bias=True)
  )
  (convLayer4): Sequential(
    (0): Conv2d(102, 102, kernel_size=(3, 3), stride=(1, 1), padding=(1, 1))
    (1): BatchNorm2d(102, eps=1e-05, momentum=0.1, affine=True, track_running_stats=True)
    (2): ReLU()
    (3): Conv2d(102, 102, kernel_size=(3, 3), stride=(1, 1), padding=(1, 1))
    (4): BatchNorm2d(102, eps=1e-05, momentum=0.1, affine=True, track_running_stats=True)
    (5): ReLU()
    (6): MaxPool2d(kernel_size=2, stride=2, padding=0, dilation=1, ceil_mode=False)
  )
  (classLayer4): Sequential(
    (0): Flatten(start_dim=1, end_dim=-1)
    (1): Linear(in_features=26112, out_features=512, bias=True)
    (2): ReLU()
    (3): Linear(in_features=512, out_features=256, bias=True)
    (4): ReLU()
    (5): Linear(in_features=256, out_features=102, bias=True)
  )
  (finalClass): Sequential(
    (0): Linear(in_features=306, out_features=256, bias=True)
    (1): ReLU()
    (2): Linear(in_features=256, out_features=102, bias=True)
  )
)
Epoch 1/100 -------------------------------
Train Error: 
Accuracy: 0.88%, Avg loss: 4.654074 

Validate Error: 
 Accuracy: 3.24%, Avg loss: 4.516695 

Epoch 2/100 -------------------------------
Train Error: 
Accuracy: 3.53%, Avg loss: 4.463918 

Validate Error: 
 Accuracy: 6.18%, Avg loss: 4.282271 

Epoch 3/100 -------------------------------
Train Error: 
Accuracy: 4.80%, Avg loss: 4.211151 

Validate Error: 
 Accuracy: 8.33%, Avg loss: 3.980360 

Epoch 4/100 -------------------------------
Train Error: 
Accuracy: 7.45%, Avg loss: 3.976706 

Validate Error: 
 Accuracy: 9.51%, Avg loss: 3.831042 

Epoch 5/100 -------------------------------
Train Error: 
Accuracy: 10.59%, Avg loss: 3.799828 

Validate Error: 
 Accuracy: 11.27%, Avg loss: 3.706178 

Epoch 6/100 -------------------------------
Train Error: 
Accuracy: 13.33%, Avg loss: 3.585345 

Validate Error: 
 Accuracy: 15.69%, Avg loss: 3.498183 

Epoch 7/100 -------------------------------
Train Error: 
Accuracy: 16.76%, Avg loss: 3.455944 

Validate Error: 
 Accuracy: 17.55%, Avg loss: 3.417015 

Epoch 8/100 -------------------------------
Train Error: 
Accuracy: 17.25%, Avg loss: 3.332975 

Validate Error: 
 Accuracy: 17.35%, Avg loss: 3.426048 

Epoch 9/100 -------------------------------
Train Error: 
Accuracy: 22.65%, Avg loss: 3.176642 

Validate Error: 
 Accuracy: 22.75%, Avg loss: 3.141811 

Epoch 10/100 -------------------------------
Train Error: 
Accuracy: 23.73%, Avg loss: 3.083615 

Validate Error: 
 Accuracy: 22.94%, Avg loss: 3.150448 

Epoch 11/100 -------------------------------
Train Error: 
Accuracy: 23.82%, Avg loss: 2.998744 

Validate Error: 
 Accuracy: 25.10%, Avg loss: 3.043100 

Epoch 12/100 -------------------------------
Train Error: 
Accuracy: 26.76%, Avg loss: 2.861028 

Validate Error: 
 Accuracy: 23.73%, Avg loss: 3.030915 

Epoch 13/100 -------------------------------
Train Error: 
Accuracy: 28.82%, Avg loss: 2.790621 

Validate Error: 
 Accuracy: 25.69%, Avg loss: 3.010583 

Epoch 14/100 -------------------------------
Train Error: 
Accuracy: 30.98%, Avg loss: 2.751396 

Validate Error: 
 Accuracy: 27.25%, Avg loss: 2.919154 

Epoch 15/100 -------------------------------
Train Error: 
Accuracy: 33.33%, Avg loss: 2.658509 

Validate Error: 
 Accuracy: 26.37%, Avg loss: 2.947653 

Epoch 16/100 -------------------------------
Train Error: 
Accuracy: 33.43%, Avg loss: 2.599912 

Validate Error: 
 Accuracy: 30.69%, Avg loss: 2.810715 

Epoch 17/100 -------------------------------
Train Error: 
Accuracy: 37.45%, Avg loss: 2.518797 

Validate Error: 
 Accuracy: 29.22%, Avg loss: 2.855521 

Epoch 18/100 -------------------------------
Train Error: 
Accuracy: 36.57%, Avg loss: 2.485250 

Validate Error: 
 Accuracy: 31.47%, Avg loss: 2.756120 

Epoch 19/100 -------------------------------
Train Error: 
Accuracy: 40.59%, Avg loss: 2.362112 

Validate Error: 
 Accuracy: 31.27%, Avg loss: 2.793614 

Epoch 20/100 -------------------------------
Train Error: 
Accuracy: 41.18%, Avg loss: 2.334598 

Validate Error: 
 Accuracy: 30.98%, Avg loss: 2.765572 

Epoch 21/100 -------------------------------
Train Error: 
Accuracy: 40.88%, Avg loss: 2.300993 

Validate Error: 
 Accuracy: 33.63%, Avg loss: 2.653269 

Epoch 22/100 -------------------------------
Train Error: 
Accuracy: 43.43%, Avg loss: 2.238918 

Validate Error: 
 Accuracy: 34.80%, Avg loss: 2.622767 

Epoch 23/100 -------------------------------
Train Error: 
Accuracy: 44.02%, Avg loss: 2.195084 

Validate Error: 
 Accuracy: 36.27%, Avg loss: 2.557324 

Epoch 24/100 -------------------------------
Train Error: 
Accuracy: 45.29%, Avg loss: 2.132301 

Validate Error: 
 Accuracy: 30.00%, Avg loss: 2.872148 

Epoch 25/100 -------------------------------
Train Error: 
Accuracy: 47.55%, Avg loss: 2.070868 

Validate Error: 
 Accuracy: 32.06%, Avg loss: 2.641527 

Epoch 26/100 -------------------------------
Train Error: 
Accuracy: 48.43%, Avg loss: 2.005716 

Validate Error: 
 Accuracy: 35.69%, Avg loss: 2.548962 

Epoch 27/100 -------------------------------
Train Error: 
Accuracy: 47.94%, Avg loss: 2.036114 

Validate Error: 
 Accuracy: 36.08%, Avg loss: 2.505796 

Epoch 28/100 -------------------------------
Train Error: 
Accuracy: 49.51%, Avg loss: 1.935708 

Validate Error: 
 Accuracy: 39.80%, Avg loss: 2.443784 

Epoch 29/100 -------------------------------
Train Error: 
Accuracy: 50.39%, Avg loss: 1.957123 

Validate Error: 
 Accuracy: 38.92%, Avg loss: 2.520386 

Epoch 30/100 -------------------------------
Train Error: 
Accuracy: 52.16%, Avg loss: 1.910602 

Validate Error: 
 Accuracy: 35.10%, Avg loss: 2.620171 

Epoch 31/100 -------------------------------
Train Error: 
Accuracy: 50.98%, Avg loss: 1.871414 

Validate Error: 
 Accuracy: 38.92%, Avg loss: 2.484323 

Epoch 32/100 -------------------------------
Train Error: 
Accuracy: 54.61%, Avg loss: 1.824652 

Validate Error: 
 Accuracy: 37.84%, Avg loss: 2.427309 

Epoch 33/100 -------------------------------
Train Error: 
Accuracy: 55.39%, Avg loss: 1.760079 

Validate Error: 
 Accuracy: 38.33%, Avg loss: 2.515378 

Epoch 34/100 -------------------------------
Train Error: 
Accuracy: 52.75%, Avg loss: 1.809670 

Validate Error: 
 Accuracy: 36.47%, Avg loss: 2.521567 

Epoch 35/100 -------------------------------
Train Error: 
Accuracy: 52.16%, Avg loss: 1.835846 

Validate Error: 
 Accuracy: 37.65%, Avg loss: 2.497462 

Epoch 36/100 -------------------------------
Train Error: 
Accuracy: 56.86%, Avg loss: 1.737719 

Validate Error: 
 Accuracy: 38.43%, Avg loss: 2.451918 

Epoch 37/100 -------------------------------
Train Error: 
Accuracy: 56.86%, Avg loss: 1.708039 

Validate Error: 
 Accuracy: 38.33%, Avg loss: 2.480207 

Epoch 38/100 -------------------------------
Train Error: 
Accuracy: 57.75%, Avg loss: 1.673036 

Validate Error: 
 Accuracy: 39.80%, Avg loss: 2.321666 

Epoch 39/100 -------------------------------
Train Error: 
Accuracy: 55.98%, Avg loss: 1.667108 

Validate Error: 
 Accuracy: 41.76%, Avg loss: 2.341091 

Epoch 40/100 -------------------------------
Train Error: 
Accuracy: 58.33%, Avg loss: 1.640170 

Validate Error: 
 Accuracy: 41.86%, Avg loss: 2.293475 

Epoch 41/100 -------------------------------
Train Error: 
Accuracy: 57.06%, Avg loss: 1.647563 

Validate Error: 
 Accuracy: 39.31%, Avg loss: 2.404944 

Epoch 42/100 -------------------------------
Train Error: 
Accuracy: 59.71%, Avg loss: 1.602124 

Validate Error: 
 Accuracy: 41.67%, Avg loss: 2.294099 

Epoch 43/100 -------------------------------
Train Error: 
Accuracy: 60.29%, Avg loss: 1.555753 

Validate Error: 
 Accuracy: 42.25%, Avg loss: 2.348323 

Epoch 44/100 -------------------------------
Train Error: 
Accuracy: 60.88%, Avg loss: 1.547880 

Validate Error: 
 Accuracy: 40.69%, Avg loss: 2.376855 

Epoch 45/100 -------------------------------
Train Error: 
Accuracy: 61.57%, Avg loss: 1.554982 

Validate Error: 
 Accuracy: 41.96%, Avg loss: 2.318625 

Epoch 46/100 -------------------------------
Train Error: 
Accuracy: 61.37%, Avg loss: 1.500992 

Validate Error: 
 Accuracy: 41.57%, Avg loss: 2.312981 

Epoch 47/100 -------------------------------
Train Error: 
Accuracy: 64.41%, Avg loss: 1.431041 

Validate Error: 
 Accuracy: 43.63%, Avg loss: 2.279156 

Epoch 48/100 -------------------------------
Train Error: 
Accuracy: 62.45%, Avg loss: 1.474849 

Validate Error: 
 Accuracy: 45.39%, Avg loss: 2.184011 

Epoch 49/100 -------------------------------
Train Error: 
Accuracy: 64.22%, Avg loss: 1.460936 

Validate Error: 
 Accuracy: 39.51%, Avg loss: 2.490866 

Epoch 50/100 -------------------------------
Train Error: 
Accuracy: 63.14%, Avg loss: 1.438216 

Validate Error: 
 Accuracy: 40.20%, Avg loss: 2.361761 

Epoch 51/100 -------------------------------
Train Error: 
Accuracy: 60.88%, Avg loss: 1.497288 

Validate Error: 
 Accuracy: 41.47%, Avg loss: 2.374074 

Epoch 52/100 -------------------------------
Train Error: 
Accuracy: 63.73%, Avg loss: 1.402821 

Validate Error: 
 Accuracy: 42.06%, Avg loss: 2.296223 

Epoch 53/100 -------------------------------
Train Error: 
Accuracy: 63.04%, Avg loss: 1.416762 

Validate Error: 
 Accuracy: 43.04%, Avg loss: 2.246736 

Epoch 54/100 -------------------------------
Train Error: 
Accuracy: 64.71%, Avg loss: 1.394793 

Validate Error: 
 Accuracy: 41.76%, Avg loss: 2.307269 

Epoch 55/100 -------------------------------
Train Error: 
Accuracy: 66.76%, Avg loss: 1.365936 

Validate Error: 
 Accuracy: 39.90%, Avg loss: 2.386144 

Epoch 56/100 -------------------------------
Train Error: 
Accuracy: 65.98%, Avg loss: 1.352897 

Validate Error: 
 Accuracy: 43.04%, Avg loss: 2.255141 

Epoch 57/100 -------------------------------
Train Error: 
Accuracy: 65.20%, Avg loss: 1.341668 

Validate Error: 
 Accuracy: 43.92%, Avg loss: 2.255405 

Epoch 58/100 -------------------------------
Train Error: 
Accuracy: 67.45%, Avg loss: 1.321677 

Validate Error: 
 Accuracy: 43.73%, Avg loss: 2.270988 

Epoch 59/100 -------------------------------
Train Error: 
Accuracy: 66.37%, Avg loss: 1.311249 

Validate Error: 
 Accuracy: 44.02%, Avg loss: 2.218891 

Epoch 60/100 -------------------------------
Train Error: 
Accuracy: 65.59%, Avg loss: 1.339959 

Validate Error: 
 Accuracy: 42.45%, Avg loss: 2.286212 

Epoch 61/100 -------------------------------
Train Error: 
Accuracy: 67.94%, Avg loss: 1.287282 

Validate Error: 
 Accuracy: 40.78%, Avg loss: 2.320711 

Epoch 62/100 -------------------------------
Train Error: 
Accuracy: 69.22%, Avg loss: 1.255853 

Validate Error: 
 Accuracy: 43.14%, Avg loss: 2.249269 

Epoch 63/100 -------------------------------
Train Error: 
Accuracy: 65.98%, Avg loss: 1.315245 

Validate Error: 
 Accuracy: 45.20%, Avg loss: 2.186598 

Epoch 64/100 -------------------------------
Train Error: 
Accuracy: 68.53%, Avg loss: 1.257691 

Validate Error: 
 Accuracy: 45.10%, Avg loss: 2.188625 

Epoch 65/100 -------------------------------
Train Error: 
Accuracy: 66.86%, Avg loss: 1.254980 

Validate Error: 
 Accuracy: 42.75%, Avg loss: 2.260898 

Epoch 66/100 -------------------------------
Train Error: 
Accuracy: 70.88%, Avg loss: 1.209029 

Validate Error: 
 Accuracy: 44.02%, Avg loss: 2.225466 

Epoch 67/100 -------------------------------
Train Error: 
Accuracy: 69.80%, Avg loss: 1.191026 

Validate Error: 
 Accuracy: 45.20%, Avg loss: 2.239027 

Epoch 68/100 -------------------------------
Train Error: 
Accuracy: 71.27%, Avg loss: 1.207854 

Validate Error: 
 Accuracy: 42.65%, Avg loss: 2.349402 

Epoch 69/100 -------------------------------
Train Error: 
Accuracy: 68.53%, Avg loss: 1.202767 

Validate Error: 
 Accuracy: 44.61%, Avg loss: 2.197889 

Epoch 70/100 -------------------------------
Train Error: 
Accuracy: 70.88%, Avg loss: 1.160174 

Validate Error: 
 Accuracy: 44.22%, Avg loss: 2.205291 

Epoch 71/100 -------------------------------
Train Error: 
Accuracy: 69.80%, Avg loss: 1.168165 

Validate Error: 
 Accuracy: 43.43%, Avg loss: 2.273602 

Epoch 72/100 -------------------------------
Train Error: 
Accuracy: 69.12%, Avg loss: 1.221350 

Validate Error: 
 Accuracy: 44.12%, Avg loss: 2.251207 

Epoch 73/100 -------------------------------
Train Error: 
Accuracy: 70.49%, Avg loss: 1.145245 

Validate Error: 
 Accuracy: 47.16%, Avg loss: 2.148333 

Epoch 74/100 -------------------------------
Train Error: 
Accuracy: 70.88%, Avg loss: 1.160175 

Validate Error: 
 Accuracy: 47.06%, Avg loss: 2.140203 

Epoch 75/100 -------------------------------
Train Error: 
Accuracy: 70.98%, Avg loss: 1.117504 

Validate Error: 
 Accuracy: 42.35%, Avg loss: 2.319306 

Epoch 76/100 -------------------------------
Train Error: 
Accuracy: 72.45%, Avg loss: 1.111500 

Validate Error: 
 Accuracy: 48.43%, Avg loss: 2.101335 

Epoch 77/100 -------------------------------
Train Error: 
Accuracy: 73.43%, Avg loss: 1.102972 

Validate Error: 
 Accuracy: 46.27%, Avg loss: 2.067967 

Epoch 78/100 -------------------------------
Train Error: 
Accuracy: 72.94%, Avg loss: 1.100024 

Validate Error: 
 Accuracy: 44.41%, Avg loss: 2.221430 

Epoch 79/100 -------------------------------
Train Error: 
Accuracy: 74.61%, Avg loss: 1.067099 

Validate Error: 
 Accuracy: 46.86%, Avg loss: 2.122188 

Epoch 80/100 -------------------------------
Train Error: 
Accuracy: 72.65%, Avg loss: 1.060814 

Validate Error: 
 Accuracy: 47.25%, Avg loss: 2.155081 

Epoch 81/100 -------------------------------
Train Error: 
Accuracy: 72.84%, Avg loss: 1.102675 

Validate Error: 
 Accuracy: 47.45%, Avg loss: 2.113044 

Epoch 82/100 -------------------------------
Train Error: 
Accuracy: 73.73%, Avg loss: 1.053121 

Validate Error: 
 Accuracy: 47.16%, Avg loss: 2.091693 

Epoch 83/100 -------------------------------
Train Error: 
Accuracy: 74.31%, Avg loss: 1.049727 

Validate Error: 
 Accuracy: 46.96%, Avg loss: 2.138478 

Epoch 84/100 -------------------------------
Train Error: 
Accuracy: 76.76%, Avg loss: 0.988598 

Validate Error: 
 Accuracy: 44.02%, Avg loss: 2.286829 

Epoch 85/100 -------------------------------
Train Error: 
Accuracy: 74.61%, Avg loss: 1.022179 

Validate Error: 
 Accuracy: 44.61%, Avg loss: 2.237055 

Epoch 86/100 -------------------------------
Train Error: 
Accuracy: 71.47%, Avg loss: 1.068930 

Validate Error: 
 Accuracy: 48.82%, Avg loss: 2.084048 

Epoch 87/100 -------------------------------
Train Error: 
Accuracy: 73.82%, Avg loss: 1.029763 

Validate Error: 
 Accuracy: 47.25%, Avg loss: 2.114645 

Epoch 88/100 -------------------------------
Train Error: 
Accuracy: 75.59%, Avg loss: 1.019684 

Validate Error: 
 Accuracy: 46.08%, Avg loss: 2.141629 

Epoch 89/100 -------------------------------
Train Error: 
Accuracy: 73.73%, Avg loss: 1.032258 

Validate Error: 
 Accuracy: 47.94%, Avg loss: 2.198101 

Epoch 90/100 -------------------------------
Train Error: 
Accuracy: 78.43%, Avg loss: 0.941100 

Validate Error: 
 Accuracy: 47.55%, Avg loss: 2.094404 

Epoch 91/100 -------------------------------
Train Error: 
Accuracy: 75.88%, Avg loss: 0.975795 

Validate Error: 
 Accuracy: 46.08%, Avg loss: 2.207944 

Epoch 92/100 -------------------------------
Train Error: 
Accuracy: 76.08%, Avg loss: 1.007903 

Validate Error: 
 Accuracy: 48.04%, Avg loss: 2.068205 

Epoch 93/100 -------------------------------
Train Error: 
Accuracy: 75.98%, Avg loss: 0.967523 

Validate Error: 
 Accuracy: 45.00%, Avg loss: 2.276849 

Epoch 94/100 -------------------------------
Train Error: 
Accuracy: 75.88%, Avg loss: 0.952332 

Validate Error: 
 Accuracy: 46.86%, Avg loss: 2.141530 

Epoch 95/100 -------------------------------
Train Error: 
Accuracy: 75.59%, Avg loss: 0.967052 

Validate Error: 
 Accuracy: 42.94%, Avg loss: 2.360105 

Epoch 96/100 -------------------------------
Train Error: 
Accuracy: 78.24%, Avg loss: 0.941740 

Validate Error: 
 Accuracy: 46.76%, Avg loss: 2.103205 

Epoch 97/100 -------------------------------
Train Error: 
Accuracy: 75.78%, Avg loss: 0.972038 

Validate Error: 
 Accuracy: 47.75%, Avg loss: 2.140898 

Epoch 98/100 -------------------------------
Train Error: 
Accuracy: 78.53%, Avg loss: 0.907708 

Validate Error: 
 Accuracy: 49.12%, Avg loss: 2.053104 

Epoch 99/100 -------------------------------
Train Error: 
Accuracy: 78.82%, Avg loss: 0.905821 

Validate Error: 
 Accuracy: 46.27%, Avg loss: 2.169404 

Epoch 100/100 -------------------------------
Train Error: 
Accuracy: 76.27%, Avg loss: 0.936573 

Validate Error: 
 Accuracy: 47.16%, Avg loss: 2.098428 

Test Error: 
 Accuracy: 45.21%, Avg loss: 2.247157 

#Hyperparameters
lr = 0.00005
momentum = 0
weight_decay = 0.05
dampening = 0

#Other
batch_size = 16
epochs = 100
{'train_loss': [4.654073946177959, 4.463918425142765, 4.211150500923395, 3.9767059199512005, 3.799827743321657, 3.585344858467579, 3.4559440314769745, 3.332974810153246, 3.1766419522464275, 3.0836153253912926, 2.9987440891563892, 2.861028481274843, 2.790620654821396, 2.7513962760567665, 2.658509187400341, 2.5999121963977814, 2.5187965612858534, 2.485249960795045, 2.3621122539043427, 2.334598332643509, 2.3009926844388247, 2.238918336108327, 2.1950840782374144, 2.132301164790988, 2.0708678402006626, 2.005716059356928, 2.0361141711473465, 1.935707926750183, 1.9571225047111511, 1.9106024596840143, 1.871414102613926, 1.8246520925313234, 1.760079275816679, 1.8096701744943857, 1.8358462173491716, 1.7377188336104155, 1.7080386988818645, 1.6730361077934504, 1.667108166962862, 1.6401696624234319, 1.647562675178051, 1.6021243147552013, 1.5557530112564564, 1.5478799007833004, 1.5549820130690932, 1.5009920746088028, 1.4310406856238842, 1.4748491970822215, 1.4609361123293638, 1.4382158406078815, 1.497287591919303, 1.4028208293020725, 1.4167617382481694, 1.3947926759719849, 1.365935972891748, 1.3528974121436477, 1.3416678002104163, 1.3216774798929691, 1.3112490866333246, 1.3399591213092208, 1.2872816026210785, 1.255853021517396, 1.3152449745684862, 1.257691077888012, 1.2549798414111137, 1.2090289322659373, 1.1910262294113636, 1.2078540902584791, 1.2027665488421917, 1.1601743958890438, 1.16816530469805, 1.2213501632213593, 1.145244650542736, 1.1601746939122677, 1.1175042586401105, 1.1115001048892736, 1.1029722969979048, 1.1000242428854108, 1.067099110223353, 1.060814362950623, 1.1026748474687338, 1.0531206326559186, 1.0497268494218588, 0.9885984798893332, 1.0221786070615053, 1.0689302515238523, 1.0297628371044993, 1.0196842327713966, 1.032258078455925, 0.9410996567457914, 0.9757946375757456, 1.0079027749598026, 0.9675228418782353, 0.9523316035047174, 0.9670519409701228, 0.9417395698837936, 0.9720376785844564, 0.9077083989977837, 0.905820541549474, 0.9365731943398714], 'train_accuracy': [0.008823529411764706, 0.03529411764705882, 0.04803921568627451, 0.07450980392156863, 0.10588235294117647, 0.13333333333333333, 0.1676470588235294, 0.17254901960784313, 0.22647058823529412, 0.2372549019607843, 0.23823529411764705, 0.2676470588235294, 0.28823529411764703, 0.30980392156862746, 0.3333333333333333, 0.33431372549019606, 0.37450980392156863, 0.3656862745098039, 0.40588235294117647, 0.4117647058823529, 0.4088235294117647, 0.4343137254901961, 0.44019607843137254, 0.45294117647058824, 0.47549019607843135, 0.4843137254901961, 0.47941176470588237, 0.4950980392156863, 0.503921568627451, 0.5215686274509804, 0.5098039215686274, 0.546078431372549, 0.553921568627451, 0.5274509803921569, 0.5215686274509804, 0.5686274509803921, 0.5686274509803921, 0.5774509803921568, 0.5598039215686275, 0.5833333333333334, 0.5705882352941176, 0.5970588235294118, 0.6029411764705882, 0.6088235294117647, 0.615686274509804, 0.6137254901960785, 0.6441176470588236, 0.6245098039215686, 0.6421568627450981, 0.6313725490196078, 0.6088235294117647, 0.6372549019607843, 0.6303921568627451, 0.6470588235294118, 0.6676470588235294, 0.6598039215686274, 0.6519607843137255, 0.6745098039215687, 0.6637254901960784, 0.6558823529411765, 0.6794117647058824, 0.692156862745098, 0.6598039215686274, 0.6852941176470588, 0.6686274509803921, 0.7088235294117647, 0.6980392156862745, 0.7127450980392157, 0.6852941176470588, 0.7088235294117647, 0.6980392156862745, 0.6911764705882353, 0.7049019607843138, 0.7088235294117647, 0.7098039215686275, 0.7245098039215686, 0.734313725490196, 0.7294117647058823, 0.746078431372549, 0.7264705882352941, 0.7284313725490196, 0.7372549019607844, 0.7431372549019608, 0.7676470588235295, 0.746078431372549, 0.7147058823529412, 0.7382352941176471, 0.7558823529411764, 0.7372549019607844, 0.7843137254901961, 0.7588235294117647, 0.7607843137254902, 0.7598039215686274, 0.7588235294117647, 0.7558823529411764, 0.7823529411764706, 0.7578431372549019, 0.7852941176470588, 0.788235294117647, 0.7627450980392156], 'val_loss': [4.516694895923138, 4.282271288335323, 3.9803601540625095, 3.8310415372252464, 3.7061779089272022, 3.498183201998472, 3.4170152097940445, 3.426048068329692, 3.1418105252087116, 3.1504478994756937, 3.043100180104375, 3.0309146344661713, 3.0105833606794477, 2.9191535990685225, 2.9476530430838466, 2.8107146434485912, 2.8555205119773746, 2.7561202943325043, 2.79361379891634, 2.7655722312629223, 2.6532690208405256, 2.622767279855907, 2.5573243089020252, 2.8721480313688517, 2.641527334228158, 2.5489615346305072, 2.505796394776553, 2.443784154485911, 2.5203862860798836, 2.6201705373823643, 2.484322978183627, 2.427309194114059, 2.5153781650587916, 2.521566857583821, 2.4974621611181647, 2.4519176012836397, 2.4802073892205954, 2.3216663617640734, 2.3410908648511395, 2.293474927311763, 2.4049436994828284, 2.294098942540586, 2.348322667821776, 2.376855103764683, 2.3186249167192727, 2.312981210881844, 2.279156120494008, 2.1840110865887254, 2.490865500178188, 2.3617613231763244, 2.374074306571856, 2.296223318669945, 2.2467355192638934, 2.307269213721156, 2.3861444680951536, 2.255140969529748, 2.255404577124864, 2.2709882063791156, 2.2188913780264556, 2.2862119683995843, 2.3207112746313214, 2.2492693066596985, 2.186598498839885, 2.188625330571085, 2.2608979595825076, 2.225466097705066, 2.239026569761336, 2.349402198102325, 2.1978891456965357, 2.205291480757296, 2.2736020614393055, 2.2512067414354533, 2.1483327609021217, 2.1402033981867135, 2.319305689074099, 2.1013353795278817, 2.067966815084219, 2.2214299314655364, 2.1221884647384286, 2.155081179458648, 2.1130436452804133, 2.091692857677117, 2.138478212291375, 2.286829002434388, 2.2370546294841915, 2.0840476045850664, 2.1146453199908137, 2.1416294230148196, 2.1981013286858797, 2.094403997529298, 2.20794437546283, 2.068204568233341, 2.2768485413398594, 2.1415299675427377, 2.3601049492135644, 2.10320508480072, 2.140898435842246, 2.053104148712009, 2.1694039748981595, 2.0984279988333583], 'val_accuracy': [0.03235294117647059, 0.061764705882352944, 0.08333333333333333, 0.09509803921568627, 0.11274509803921569, 0.1568627450980392, 0.17549019607843136, 0.17352941176470588, 0.22745098039215686, 0.22941176470588234, 0.25098039215686274, 0.2372549019607843, 0.2568627450980392, 0.2725490196078431, 0.26372549019607844, 0.30686274509803924, 0.29215686274509806, 0.31470588235294117, 0.3127450980392157, 0.30980392156862746, 0.3362745098039216, 0.3480392156862745, 0.3627450980392157, 0.3, 0.3205882352941177, 0.3568627450980392, 0.3607843137254902, 0.3980392156862745, 0.3892156862745098, 0.3509803921568627, 0.3892156862745098, 0.3784313725490196, 0.38333333333333336, 0.36470588235294116, 0.3764705882352941, 0.3843137254901961, 0.38333333333333336, 0.3980392156862745, 0.4176470588235294, 0.41862745098039217, 0.3931372549019608, 0.4166666666666667, 0.42254901960784313, 0.4068627450980392, 0.4196078431372549, 0.41568627450980394, 0.4362745098039216, 0.453921568627451, 0.39509803921568626, 0.4019607843137255, 0.4147058823529412, 0.42058823529411765, 0.4303921568627451, 0.4176470588235294, 0.3990196078431373, 0.4303921568627451, 0.4392156862745098, 0.4372549019607843, 0.44019607843137254, 0.4245098039215686, 0.40784313725490196, 0.43137254901960786, 0.4519607843137255, 0.45098039215686275, 0.42745098039215684, 0.44019607843137254, 0.4519607843137255, 0.4264705882352941, 0.44607843137254904, 0.442156862745098, 0.4343137254901961, 0.4411764705882353, 0.4715686274509804, 0.47058823529411764, 0.4235294117647059, 0.4843137254901961, 0.4627450980392157, 0.4441176470588235, 0.46862745098039216, 0.4725490196078431, 0.4745098039215686, 0.4715686274509804, 0.4696078431372549, 0.44019607843137254, 0.44607843137254904, 0.48823529411764705, 0.4725490196078431, 0.46078431372549017, 0.47941176470588237, 0.47549019607843135, 0.46078431372549017, 0.4803921568627451, 0.45, 0.46862745098039216, 0.4294117647058823, 0.4676470588235294, 0.4774509803921569, 0.49117647058823527, 0.4627450980392157, 0.4715686274509804]}

============================
 Job utilisation efficiency
============================

Job ID: 6611438
Cluster: viking2.yor.alces.network
User/Group: co788/clusterusers
State: COMPLETED (exit code 0)
Cores: 1
CPU Utilized: 01:03:56
CPU Efficiency: 98.89% of 01:04:39 core-walltime
Job Wall-clock time: 01:04:39
Memory Utilized: 1.98 GB
Memory Efficiency: 24.71% of 8.00 GB
 Requested wall clock time: 08:00:00
    Actual wall clock time: 01:04:39
Wall clock time efficiency: 13.5%
           Job queued time: 00:00:01
