Using cuda device
CNNv3(
  (convLayer1): Sequential(
    (0): Dropout(p=0.3, inplace=False)
    (1): Conv2d(3, 256, kernel_size=(3, 3), stride=(1, 1), padding=(1, 1))
    (2): ReLU()
    (3): Conv2d(256, 256, kernel_size=(3, 3), stride=(1, 1), padding=(1, 1))
    (4): ReLU()
    (5): MaxPool2d(kernel_size=2, stride=2, padding=0, dilation=1, ceil_mode=False)
  )
  (convLayer2): Sequential(
    (0): Dropout(p=0.3, inplace=False)
    (1): Conv2d(256, 256, kernel_size=(3, 3), stride=(1, 1), padding=(1, 1))
    (2): ReLU()
    (3): Conv2d(256, 256, kernel_size=(3, 3), stride=(1, 1), padding=(1, 1))
    (4): ReLU()
    (5): MaxPool2d(kernel_size=2, stride=2, padding=0, dilation=1, ceil_mode=False)
  )
  (convLayer3): Sequential(
    (0): Dropout(p=0.3, inplace=False)
    (1): Conv2d(256, 256, kernel_size=(3, 3), stride=(1, 1), padding=(1, 1))
    (2): ReLU()
    (3): Conv2d(256, 256, kernel_size=(3, 3), stride=(1, 1), padding=(1, 1))
    (4): ReLU()
    (5): MaxPool2d(kernel_size=2, stride=2, padding=0, dilation=1, ceil_mode=False)
  )
  (convLayer4): Sequential(
    (0): Dropout(p=0.3, inplace=False)
    (1): Conv2d(256, 256, kernel_size=(3, 3), stride=(1, 1), padding=(1, 1))
    (2): ReLU()
    (3): Conv2d(256, 256, kernel_size=(3, 3), stride=(1, 1), padding=(1, 1))
    (4): ReLU()
    (5): MaxPool2d(kernel_size=2, stride=2, padding=0, dilation=1, ceil_mode=False)
  )
  (classifier): Sequential(
    (0): Flatten(start_dim=1, end_dim=-1)
    (1): Linear(in_features=65536, out_features=1024, bias=True)
    (2): BatchNorm1d(1024, eps=1e-05, momentum=0.1, affine=True, track_running_stats=True)
    (3): ReLU()
    (4): Linear(in_features=1024, out_features=512, bias=True)
    (5): BatchNorm1d(512, eps=1e-05, momentum=0.1, affine=True, track_running_stats=True)
    (6): ReLU()
    (7): Linear(in_features=512, out_features=102, bias=True)
  )
)
Epoch 1/200 -------------------------------
Train Error: 
Accuracy: 0.98%, Avg loss: 4.668599 

Validate Error: 
 Accuracy: 0.98%, Avg loss: 4.645400 

Epoch 2/200 -------------------------------
Train Error: 
Accuracy: 2.16%, Avg loss: 4.597281 

Validate Error: 
 Accuracy: 0.98%, Avg loss: 5.582925 

Epoch 3/200 -------------------------------
Train Error: 
Accuracy: 3.14%, Avg loss: 4.477457 

Validate Error: 
 Accuracy: 0.98%, Avg loss: 5.952661 

Epoch 4/200 -------------------------------
Train Error: 
Accuracy: 4.02%, Avg loss: 4.365494 

Validate Error: 
 Accuracy: 1.47%, Avg loss: 5.421291 

Epoch 5/200 -------------------------------
Train Error: 
Accuracy: 5.78%, Avg loss: 4.265656 

Validate Error: 
 Accuracy: 1.57%, Avg loss: 5.352011 

Epoch 6/200 -------------------------------
Train Error: 
Accuracy: 8.14%, Avg loss: 4.177033 

Validate Error: 
 Accuracy: 1.86%, Avg loss: 5.137503 

Epoch 7/200 -------------------------------
Train Error: 
Accuracy: 8.92%, Avg loss: 4.094736 

Validate Error: 
 Accuracy: 0.98%, Avg loss: 5.027404 

Epoch 8/200 -------------------------------
Train Error: 
Accuracy: 11.96%, Avg loss: 4.027559 

Validate Error: 
 Accuracy: 2.06%, Avg loss: 4.993834 

Epoch 9/200 -------------------------------
Train Error: 
Accuracy: 10.78%, Avg loss: 3.960447 

Validate Error: 
 Accuracy: 2.55%, Avg loss: 4.968048 

Epoch 10/200 -------------------------------
Train Error: 
Accuracy: 13.04%, Avg loss: 3.904022 

Validate Error: 
 Accuracy: 2.55%, Avg loss: 4.922637 

Epoch 11/200 -------------------------------
Train Error: 
Accuracy: 14.90%, Avg loss: 3.839773 

Validate Error: 
 Accuracy: 2.25%, Avg loss: 4.779508 

Epoch 12/200 -------------------------------
Train Error: 
Accuracy: 16.67%, Avg loss: 3.794099 

Validate Error: 
 Accuracy: 2.16%, Avg loss: 4.768586 

Epoch 13/200 -------------------------------
Train Error: 
Accuracy: 18.24%, Avg loss: 3.730930 

Validate Error: 
 Accuracy: 2.84%, Avg loss: 4.695539 

Epoch 14/200 -------------------------------
Train Error: 
Accuracy: 19.12%, Avg loss: 3.721809 

Validate Error: 
 Accuracy: 2.84%, Avg loss: 4.855076 

Epoch 15/200 -------------------------------
Train Error: 
Accuracy: 19.51%, Avg loss: 3.647620 

Validate Error: 
 Accuracy: 2.25%, Avg loss: 4.867010 

Epoch 16/200 -------------------------------
Train Error: 
Accuracy: 21.57%, Avg loss: 3.610282 

Validate Error: 
 Accuracy: 1.96%, Avg loss: 4.867411 

Epoch 17/200 -------------------------------
Train Error: 
Accuracy: 22.94%, Avg loss: 3.562724 

Validate Error: 
 Accuracy: 2.35%, Avg loss: 4.604698 

Epoch 18/200 -------------------------------
Train Error: 
Accuracy: 25.39%, Avg loss: 3.500566 

Validate Error: 
 Accuracy: 1.76%, Avg loss: 4.782843 

Epoch 19/200 -------------------------------
Train Error: 
Accuracy: 24.51%, Avg loss: 3.478979 

Validate Error: 
 Accuracy: 3.63%, Avg loss: 4.496168 

Epoch 20/200 -------------------------------
Train Error: 
Accuracy: 25.78%, Avg loss: 3.435540 

Validate Error: 
 Accuracy: 2.55%, Avg loss: 4.668640 

Epoch 21/200 -------------------------------
Train Error: 
Accuracy: 27.06%, Avg loss: 3.418255 

Validate Error: 
 Accuracy: 2.65%, Avg loss: 4.640442 

Epoch 22/200 -------------------------------
Train Error: 
Accuracy: 26.08%, Avg loss: 3.399734 

Validate Error: 
 Accuracy: 3.33%, Avg loss: 4.595771 

Epoch 23/200 -------------------------------
Train Error: 
Accuracy: 30.10%, Avg loss: 3.344021 

Validate Error: 
 Accuracy: 3.24%, Avg loss: 4.619913 

Epoch 24/200 -------------------------------
Train Error: 
Accuracy: 31.57%, Avg loss: 3.303039 

Validate Error: 
 Accuracy: 3.14%, Avg loss: 4.647532 

Epoch 25/200 -------------------------------
Train Error: 
Accuracy: 35.00%, Avg loss: 3.224179 

Validate Error: 
 Accuracy: 2.55%, Avg loss: 4.641692 

Epoch 26/200 -------------------------------
Train Error: 
Accuracy: 32.35%, Avg loss: 3.233641 

Validate Error: 
 Accuracy: 2.75%, Avg loss: 4.703372 

Epoch 27/200 -------------------------------
Train Error: 
Accuracy: 33.63%, Avg loss: 3.206834 

Validate Error: 
 Accuracy: 5.59%, Avg loss: 4.381827 

Epoch 28/200 -------------------------------
Train Error: 
Accuracy: 35.49%, Avg loss: 3.164286 

Validate Error: 
 Accuracy: 3.92%, Avg loss: 4.711528 

Epoch 29/200 -------------------------------
Train Error: 
Accuracy: 33.92%, Avg loss: 3.158423 

Validate Error: 
 Accuracy: 5.00%, Avg loss: 4.431669 

Epoch 30/200 -------------------------------
Train Error: 
Accuracy: 35.00%, Avg loss: 3.125786 

Validate Error: 
 Accuracy: 3.04%, Avg loss: 4.519177 

Epoch 31/200 -------------------------------
Train Error: 
Accuracy: 38.24%, Avg loss: 3.069122 

Validate Error: 
 Accuracy: 5.59%, Avg loss: 4.301411 

Epoch 32/200 -------------------------------
Train Error: 
Accuracy: 36.67%, Avg loss: 3.042913 

Validate Error: 
 Accuracy: 6.47%, Avg loss: 4.289426 

Epoch 33/200 -------------------------------
Train Error: 
Accuracy: 40.00%, Avg loss: 3.010631 

Validate Error: 
 Accuracy: 5.69%, Avg loss: 4.305588 

Epoch 34/200 -------------------------------
Train Error: 
Accuracy: 39.71%, Avg loss: 2.983677 

Validate Error: 
 Accuracy: 6.76%, Avg loss: 4.301589 

Epoch 35/200 -------------------------------
Train Error: 
Accuracy: 41.96%, Avg loss: 2.958650 

Validate Error: 
 Accuracy: 6.37%, Avg loss: 4.325247 

Epoch 36/200 -------------------------------
Train Error: 
Accuracy: 43.33%, Avg loss: 2.933138 

Validate Error: 
 Accuracy: 7.06%, Avg loss: 4.262596 

Epoch 37/200 -------------------------------
Train Error: 
Accuracy: 44.02%, Avg loss: 2.895771 

Validate Error: 
 Accuracy: 7.45%, Avg loss: 4.287937 

Epoch 38/200 -------------------------------
Train Error: 
Accuracy: 43.43%, Avg loss: 2.867916 

Validate Error: 
 Accuracy: 5.39%, Avg loss: 4.429213 

Epoch 39/200 -------------------------------
Train Error: 
Accuracy: 44.51%, Avg loss: 2.846754 

Validate Error: 
 Accuracy: 6.18%, Avg loss: 4.298200 

Epoch 40/200 -------------------------------
Train Error: 
Accuracy: 44.12%, Avg loss: 2.842802 

Validate Error: 
 Accuracy: 7.16%, Avg loss: 4.266220 

Epoch 41/200 -------------------------------
Train Error: 
Accuracy: 45.29%, Avg loss: 2.816075 

Validate Error: 
 Accuracy: 7.35%, Avg loss: 4.148878 

Epoch 42/200 -------------------------------
Train Error: 
Accuracy: 46.67%, Avg loss: 2.789299 

Validate Error: 
 Accuracy: 8.53%, Avg loss: 4.065213 

Epoch 43/200 -------------------------------
Train Error: 
Accuracy: 46.96%, Avg loss: 2.771229 

Validate Error: 
 Accuracy: 9.02%, Avg loss: 4.026583 

Epoch 44/200 -------------------------------
Train Error: 
Accuracy: 46.57%, Avg loss: 2.747359 

Validate Error: 
 Accuracy: 7.75%, Avg loss: 4.158937 

Epoch 45/200 -------------------------------
Train Error: 
Accuracy: 49.80%, Avg loss: 2.707146 

Validate Error: 
 Accuracy: 9.41%, Avg loss: 4.042658 

Epoch 46/200 -------------------------------
Train Error: 
Accuracy: 49.41%, Avg loss: 2.684628 

Validate Error: 
 Accuracy: 9.12%, Avg loss: 4.024710 

Epoch 47/200 -------------------------------
Train Error: 
Accuracy: 50.49%, Avg loss: 2.653077 

Validate Error: 
 Accuracy: 9.31%, Avg loss: 4.036082 

Epoch 48/200 -------------------------------
Train Error: 
Accuracy: 53.92%, Avg loss: 2.626772 

Validate Error: 
 Accuracy: 9.61%, Avg loss: 4.102485 

Epoch 49/200 -------------------------------
Train Error: 
Accuracy: 53.04%, Avg loss: 2.591417 

Validate Error: 
 Accuracy: 12.45%, Avg loss: 3.947373 

Epoch 50/200 -------------------------------
Train Error: 
Accuracy: 53.73%, Avg loss: 2.549929 

Validate Error: 
 Accuracy: 11.86%, Avg loss: 3.845791 

Epoch 51/200 -------------------------------
Train Error: 
Accuracy: 55.10%, Avg loss: 2.545317 

Validate Error: 
 Accuracy: 11.18%, Avg loss: 3.973097 

Epoch 52/200 -------------------------------
Train Error: 
Accuracy: 54.61%, Avg loss: 2.532548 

Validate Error: 
 Accuracy: 12.35%, Avg loss: 3.887223 

Epoch 53/200 -------------------------------
Train Error: 
Accuracy: 58.14%, Avg loss: 2.466423 

Validate Error: 
 Accuracy: 11.47%, Avg loss: 3.934921 

Epoch 54/200 -------------------------------
Train Error: 
Accuracy: 57.45%, Avg loss: 2.479196 

Validate Error: 
 Accuracy: 13.73%, Avg loss: 3.828353 

Epoch 55/200 -------------------------------
Train Error: 
Accuracy: 56.67%, Avg loss: 2.493359 

Validate Error: 
 Accuracy: 14.12%, Avg loss: 3.748619 

Epoch 56/200 -------------------------------
Train Error: 
Accuracy: 55.88%, Avg loss: 2.466195 

Validate Error: 
 Accuracy: 13.73%, Avg loss: 3.846124 

Epoch 57/200 -------------------------------
Train Error: 
Accuracy: 59.61%, Avg loss: 2.399652 

Validate Error: 
 Accuracy: 13.14%, Avg loss: 3.845247 

Epoch 58/200 -------------------------------
Train Error: 
Accuracy: 60.49%, Avg loss: 2.366601 

Validate Error: 
 Accuracy: 13.24%, Avg loss: 3.845795 

Epoch 59/200 -------------------------------
Train Error: 
Accuracy: 60.39%, Avg loss: 2.361506 

Validate Error: 
 Accuracy: 13.63%, Avg loss: 3.796533 

Epoch 60/200 -------------------------------
Train Error: 
Accuracy: 62.16%, Avg loss: 2.344721 

Validate Error: 
 Accuracy: 14.41%, Avg loss: 3.775819 

Epoch 61/200 -------------------------------
Train Error: 
Accuracy: 61.47%, Avg loss: 2.324761 

Validate Error: 
 Accuracy: 14.61%, Avg loss: 3.752386 

Epoch 62/200 -------------------------------
Train Error: 
Accuracy: 61.18%, Avg loss: 2.313367 

Validate Error: 
 Accuracy: 14.61%, Avg loss: 3.828738 

Epoch 63/200 -------------------------------
Train Error: 
Accuracy: 63.04%, Avg loss: 2.264999 

Validate Error: 
 Accuracy: 14.02%, Avg loss: 3.830437 

Epoch 64/200 -------------------------------
Train Error: 
Accuracy: 67.55%, Avg loss: 2.202630 

Validate Error: 
 Accuracy: 14.02%, Avg loss: 3.752042 

Epoch 65/200 -------------------------------
Train Error: 
Accuracy: 64.61%, Avg loss: 2.217761 

Validate Error: 
 Accuracy: 13.53%, Avg loss: 3.762580 

Epoch 66/200 -------------------------------
Train Error: 
Accuracy: 66.76%, Avg loss: 2.214808 

Validate Error: 
 Accuracy: 16.37%, Avg loss: 3.678317 

Epoch 67/200 -------------------------------
Train Error: 
Accuracy: 65.88%, Avg loss: 2.204913 

Validate Error: 
 Accuracy: 15.20%, Avg loss: 3.739078 

Epoch 68/200 -------------------------------
Train Error: 
Accuracy: 67.75%, Avg loss: 2.147912 

Validate Error: 
 Accuracy: 15.88%, Avg loss: 3.703972 

Epoch 69/200 -------------------------------
Train Error: 
Accuracy: 66.37%, Avg loss: 2.140384 

Validate Error: 
 Accuracy: 15.39%, Avg loss: 3.663794 

Epoch 70/200 -------------------------------
Train Error: 
Accuracy: 69.31%, Avg loss: 2.104632 

Validate Error: 
 Accuracy: 14.71%, Avg loss: 3.834107 

Epoch 71/200 -------------------------------
Train Error: 
Accuracy: 67.45%, Avg loss: 2.129167 

Validate Error: 
 Accuracy: 16.47%, Avg loss: 3.624160 

Epoch 72/200 -------------------------------
Train Error: 
Accuracy: 69.31%, Avg loss: 2.078876 

Validate Error: 
 Accuracy: 16.27%, Avg loss: 3.728623 

Epoch 73/200 -------------------------------
Train Error: 
Accuracy: 70.69%, Avg loss: 2.076383 

Validate Error: 
 Accuracy: 15.88%, Avg loss: 3.706579 

Epoch 74/200 -------------------------------
Train Error: 
Accuracy: 71.96%, Avg loss: 2.021861 

Validate Error: 
 Accuracy: 17.45%, Avg loss: 3.696901 

Epoch 75/200 -------------------------------
Train Error: 
Accuracy: 72.06%, Avg loss: 2.007779 

Validate Error: 
 Accuracy: 18.33%, Avg loss: 3.625371 

Epoch 76/200 -------------------------------
Train Error: 
Accuracy: 73.53%, Avg loss: 2.003765 

Validate Error: 
 Accuracy: 18.04%, Avg loss: 3.619584 

Epoch 77/200 -------------------------------
Train Error: 
Accuracy: 72.35%, Avg loss: 1.998860 

Validate Error: 
 Accuracy: 18.43%, Avg loss: 3.619954 

Epoch 78/200 -------------------------------
Train Error: 
Accuracy: 73.14%, Avg loss: 1.956583 

Validate Error: 
 Accuracy: 17.55%, Avg loss: 3.671616 

Epoch 79/200 -------------------------------
Train Error: 
Accuracy: 73.82%, Avg loss: 1.945461 

Validate Error: 
 Accuracy: 18.43%, Avg loss: 3.571605 

Epoch 80/200 -------------------------------
Train Error: 
Accuracy: 73.33%, Avg loss: 1.936422 

Validate Error: 
 Accuracy: 18.73%, Avg loss: 3.623225 

Epoch 81/200 -------------------------------
Train Error: 
Accuracy: 75.20%, Avg loss: 1.912207 

Validate Error: 
 Accuracy: 19.41%, Avg loss: 3.597098 

Epoch 82/200 -------------------------------
Train Error: 
Accuracy: 74.22%, Avg loss: 1.882476 

Validate Error: 
 Accuracy: 17.06%, Avg loss: 3.632065 

Epoch 83/200 -------------------------------
Train Error: 
Accuracy: 73.53%, Avg loss: 1.895565 

Validate Error: 
 Accuracy: 17.65%, Avg loss: 3.641574 

Epoch 84/200 -------------------------------
Train Error: 
Accuracy: 78.53%, Avg loss: 1.866296 

Validate Error: 
 Accuracy: 18.73%, Avg loss: 3.624441 

Epoch 85/200 -------------------------------
Train Error: 
Accuracy: 77.75%, Avg loss: 1.831594 

Validate Error: 
 Accuracy: 19.02%, Avg loss: 3.613100 

Epoch 86/200 -------------------------------
Train Error: 
Accuracy: 77.25%, Avg loss: 1.812914 

Validate Error: 
 Accuracy: 19.31%, Avg loss: 3.589954 

Epoch 87/200 -------------------------------
Train Error: 
Accuracy: 77.06%, Avg loss: 1.814254 

Validate Error: 
 Accuracy: 18.14%, Avg loss: 3.617365 

Epoch 88/200 -------------------------------
Train Error: 
Accuracy: 77.94%, Avg loss: 1.790993 

Validate Error: 
 Accuracy: 18.33%, Avg loss: 3.600979 

Epoch 89/200 -------------------------------
Train Error: 
Accuracy: 78.73%, Avg loss: 1.758477 

Validate Error: 
 Accuracy: 17.65%, Avg loss: 3.613578 

Epoch 90/200 -------------------------------
Train Error: 
Accuracy: 77.75%, Avg loss: 1.764487 

Validate Error: 
 Accuracy: 18.82%, Avg loss: 3.560362 

Epoch 91/200 -------------------------------
Train Error: 
Accuracy: 78.63%, Avg loss: 1.759729 

Validate Error: 
 Accuracy: 21.86%, Avg loss: 3.434302 

Epoch 92/200 -------------------------------
Train Error: 
Accuracy: 79.22%, Avg loss: 1.750857 

Validate Error: 
 Accuracy: 19.31%, Avg loss: 3.541788 

Epoch 93/200 -------------------------------
Train Error: 
Accuracy: 79.90%, Avg loss: 1.710114 

Validate Error: 
 Accuracy: 18.63%, Avg loss: 3.546963 

Epoch 94/200 -------------------------------
Train Error: 
Accuracy: 80.78%, Avg loss: 1.702621 

Validate Error: 
 Accuracy: 19.12%, Avg loss: 3.542489 

Epoch 95/200 -------------------------------
Train Error: 
Accuracy: 79.51%, Avg loss: 1.700313 

Validate Error: 
 Accuracy: 19.90%, Avg loss: 3.580704 

Epoch 96/200 -------------------------------
Train Error: 
Accuracy: 81.57%, Avg loss: 1.688445 

Validate Error: 
 Accuracy: 20.49%, Avg loss: 3.436325 

Epoch 97/200 -------------------------------
Train Error: 
Accuracy: 80.69%, Avg loss: 1.691698 

Validate Error: 
 Accuracy: 18.73%, Avg loss: 3.556682 

Epoch 98/200 -------------------------------
Train Error: 
Accuracy: 82.65%, Avg loss: 1.632880 

Validate Error: 
 Accuracy: 20.10%, Avg loss: 3.500307 

Epoch 99/200 -------------------------------
Train Error: 
Accuracy: 83.24%, Avg loss: 1.616329 

Validate Error: 
 Accuracy: 18.92%, Avg loss: 3.512900 

Epoch 100/200 -------------------------------
Train Error: 
Accuracy: 81.67%, Avg loss: 1.642877 

Validate Error: 
 Accuracy: 20.39%, Avg loss: 3.484901 

Epoch 101/200 -------------------------------
Train Error: 
Accuracy: 82.94%, Avg loss: 1.605922 

Validate Error: 
 Accuracy: 19.80%, Avg loss: 3.541491 

Epoch 102/200 -------------------------------
Train Error: 
Accuracy: 82.75%, Avg loss: 1.599569 

Validate Error: 
 Accuracy: 19.22%, Avg loss: 3.564159 

Epoch 103/200 -------------------------------
Train Error: 
Accuracy: 84.71%, Avg loss: 1.579391 

Validate Error: 
 Accuracy: 20.78%, Avg loss: 3.496362 

Epoch 104/200 -------------------------------
Train Error: 
Accuracy: 85.29%, Avg loss: 1.569215 

Validate Error: 
 Accuracy: 21.96%, Avg loss: 3.476984 

Epoch 105/200 -------------------------------
Train Error: 
Accuracy: 84.31%, Avg loss: 1.575729 

Validate Error: 
 Accuracy: 19.61%, Avg loss: 3.512190 

Epoch 106/200 -------------------------------
Train Error: 
Accuracy: 82.84%, Avg loss: 1.535075 

Validate Error: 
 Accuracy: 21.67%, Avg loss: 3.450076 

Epoch 107/200 -------------------------------
Train Error: 
Accuracy: 86.37%, Avg loss: 1.506120 

Validate Error: 
 Accuracy: 20.49%, Avg loss: 3.481057 

Epoch 108/200 -------------------------------
Train Error: 
Accuracy: 86.96%, Avg loss: 1.491466 

Validate Error: 
 Accuracy: 19.71%, Avg loss: 3.514520 

Epoch 109/200 -------------------------------
Train Error: 
Accuracy: 84.80%, Avg loss: 1.491753 

Validate Error: 
 Accuracy: 21.27%, Avg loss: 3.416977 

Epoch 110/200 -------------------------------
Train Error: 
Accuracy: 84.31%, Avg loss: 1.514860 

Validate Error: 
 Accuracy: 19.51%, Avg loss: 3.489959 

Epoch 111/200 -------------------------------
Train Error: 
Accuracy: 86.86%, Avg loss: 1.480664 

Validate Error: 
 Accuracy: 21.57%, Avg loss: 3.454439 

Epoch 112/200 -------------------------------
Train Error: 
Accuracy: 87.25%, Avg loss: 1.434106 

Validate Error: 
 Accuracy: 20.78%, Avg loss: 3.474904 

Epoch 113/200 -------------------------------
Train Error: 
Accuracy: 87.16%, Avg loss: 1.461016 

Validate Error: 
 Accuracy: 19.71%, Avg loss: 3.565801 

Epoch 114/200 -------------------------------
Train Error: 
Accuracy: 87.45%, Avg loss: 1.420076 

Validate Error: 
 Accuracy: 21.08%, Avg loss: 3.471436 

Epoch 115/200 -------------------------------
Train Error: 
Accuracy: 87.84%, Avg loss: 1.423439 

Validate Error: 
 Accuracy: 20.39%, Avg loss: 3.500470 

Epoch 116/200 -------------------------------
Train Error: 
Accuracy: 88.04%, Avg loss: 1.402518 

Validate Error: 
 Accuracy: 21.47%, Avg loss: 3.384746 

Epoch 117/200 -------------------------------
Train Error: 
Accuracy: 87.06%, Avg loss: 1.414702 

Validate Error: 
 Accuracy: 19.51%, Avg loss: 3.483806 

Epoch 118/200 -------------------------------
Train Error: 
Accuracy: 88.63%, Avg loss: 1.393474 

Validate Error: 
 Accuracy: 22.75%, Avg loss: 3.361031 

Epoch 119/200 -------------------------------
Train Error: 
Accuracy: 87.65%, Avg loss: 1.381738 

Validate Error: 
 Accuracy: 21.76%, Avg loss: 3.435566 

Epoch 120/200 -------------------------------
Train Error: 
Accuracy: 88.14%, Avg loss: 1.363942 

Validate Error: 
 Accuracy: 21.37%, Avg loss: 3.430206 

Epoch 121/200 -------------------------------
Train Error: 
Accuracy: 86.57%, Avg loss: 1.359824 

Validate Error: 
 Accuracy: 22.06%, Avg loss: 3.390745 

Epoch 122/200 -------------------------------
Train Error: 
Accuracy: 90.29%, Avg loss: 1.317699 

Validate Error: 
 Accuracy: 22.84%, Avg loss: 3.357281 

Epoch 123/200 -------------------------------
Train Error: 
Accuracy: 89.51%, Avg loss: 1.339144 

Validate Error: 
 Accuracy: 21.96%, Avg loss: 3.404037 

Epoch 124/200 -------------------------------
Train Error: 
Accuracy: 90.98%, Avg loss: 1.282928 

Validate Error: 
 Accuracy: 22.06%, Avg loss: 3.382333 

Epoch 125/200 -------------------------------
Train Error: 
Accuracy: 90.78%, Avg loss: 1.287234 

Validate Error: 
 Accuracy: 21.37%, Avg loss: 3.413604 

Epoch 126/200 -------------------------------
Train Error: 
Accuracy: 88.63%, Avg loss: 1.303022 

Validate Error: 
 Accuracy: 21.67%, Avg loss: 3.417427 

Epoch 127/200 -------------------------------
Train Error: 
Accuracy: 89.71%, Avg loss: 1.285959 

Validate Error: 
 Accuracy: 23.63%, Avg loss: 3.349771 

Epoch 128/200 -------------------------------
Train Error: 
Accuracy: 91.37%, Avg loss: 1.253195 

Validate Error: 
 Accuracy: 21.18%, Avg loss: 3.467121 

Epoch 129/200 -------------------------------
Train Error: 
Accuracy: 90.78%, Avg loss: 1.260732 

Validate Error: 
 Accuracy: 23.04%, Avg loss: 3.368889 

Epoch 130/200 -------------------------------
Train Error: 
Accuracy: 91.96%, Avg loss: 1.243806 

Validate Error: 
 Accuracy: 21.86%, Avg loss: 3.404692 

Epoch 131/200 -------------------------------
Train Error: 
Accuracy: 91.76%, Avg loss: 1.245346 

Validate Error: 
 Accuracy: 22.25%, Avg loss: 3.383429 

Epoch 132/200 -------------------------------
Train Error: 
Accuracy: 90.39%, Avg loss: 1.253367 

Validate Error: 
 Accuracy: 22.75%, Avg loss: 3.362147 

Epoch 133/200 -------------------------------
Train Error: 
Accuracy: 89.80%, Avg loss: 1.219290 

Validate Error: 
 Accuracy: 23.14%, Avg loss: 3.389611 

Epoch 134/200 -------------------------------
Train Error: 
Accuracy: 90.29%, Avg loss: 1.231161 

Validate Error: 
 Accuracy: 22.35%, Avg loss: 3.356309 

Epoch 135/200 -------------------------------
Train Error: 
Accuracy: 91.57%, Avg loss: 1.207767 

Validate Error: 
 Accuracy: 22.45%, Avg loss: 3.336790 

Epoch 136/200 -------------------------------
Train Error: 
Accuracy: 91.37%, Avg loss: 1.188545 

Validate Error: 
 Accuracy: 20.69%, Avg loss: 3.419985 

Epoch 137/200 -------------------------------
Train Error: 
Accuracy: 91.86%, Avg loss: 1.149365 

Validate Error: 
 Accuracy: 23.24%, Avg loss: 3.351004 

Epoch 138/200 -------------------------------
Train Error: 
Accuracy: 92.25%, Avg loss: 1.197673 

Validate Error: 
 Accuracy: 24.12%, Avg loss: 3.267818 

Epoch 139/200 -------------------------------
Train Error: 
Accuracy: 90.98%, Avg loss: 1.178436 

Validate Error: 
 Accuracy: 22.25%, Avg loss: 3.403531 

Epoch 140/200 -------------------------------
Train Error: 
Accuracy: 91.76%, Avg loss: 1.150730 

Validate Error: 
 Accuracy: 22.45%, Avg loss: 3.362736 

Epoch 141/200 -------------------------------
Train Error: 
Accuracy: 92.06%, Avg loss: 1.172422 

Validate Error: 
 Accuracy: 22.25%, Avg loss: 3.382832 

Epoch 142/200 -------------------------------
Train Error: 
Accuracy: 92.35%, Avg loss: 1.146896 

Validate Error: 
 Accuracy: 22.84%, Avg loss: 3.374413 

Epoch 143/200 -------------------------------
Train Error: 
Accuracy: 92.94%, Avg loss: 1.132905 

Validate Error: 
 Accuracy: 25.10%, Avg loss: 3.311591 

Epoch 144/200 -------------------------------
Train Error: 
Accuracy: 92.65%, Avg loss: 1.121055 

Validate Error: 
 Accuracy: 23.73%, Avg loss: 3.348056 

Epoch 145/200 -------------------------------
Train Error: 
Accuracy: 93.14%, Avg loss: 1.123651 

Validate Error: 
 Accuracy: 21.57%, Avg loss: 3.393096 

Epoch 146/200 -------------------------------
Train Error: 
Accuracy: 93.14%, Avg loss: 1.106244 

Validate Error: 
 Accuracy: 21.96%, Avg loss: 3.398031 

Epoch 147/200 -------------------------------
Train Error: 
Accuracy: 94.02%, Avg loss: 1.078981 

Validate Error: 
 Accuracy: 20.59%, Avg loss: 3.389688 

Epoch 148/200 -------------------------------
Train Error: 
Accuracy: 92.84%, Avg loss: 1.087068 

Validate Error: 
 Accuracy: 21.86%, Avg loss: 3.380209 

Epoch 149/200 -------------------------------
Train Error: 
Accuracy: 94.61%, Avg loss: 1.049833 

Validate Error: 
 Accuracy: 23.43%, Avg loss: 3.328319 

Epoch 150/200 -------------------------------
Train Error: 
Accuracy: 94.71%, Avg loss: 1.046924 

Validate Error: 
 Accuracy: 21.37%, Avg loss: 3.403247 

Epoch 151/200 -------------------------------
Train Error: 
Accuracy: 93.82%, Avg loss: 1.067300 

Validate Error: 
 Accuracy: 24.31%, Avg loss: 3.362356 

Epoch 152/200 -------------------------------
Train Error: 
Accuracy: 94.02%, Avg loss: 1.048636 

Validate Error: 
 Accuracy: 23.53%, Avg loss: 3.339800 

Epoch 153/200 -------------------------------
Train Error: 
Accuracy: 94.90%, Avg loss: 1.061373 

Validate Error: 
 Accuracy: 23.53%, Avg loss: 3.361439 

Epoch 154/200 -------------------------------
Train Error: 
Accuracy: 94.51%, Avg loss: 1.028722 

Validate Error: 
 Accuracy: 22.55%, Avg loss: 3.371709 

Epoch 155/200 -------------------------------
Train Error: 
Accuracy: 93.82%, Avg loss: 1.019458 

Validate Error: 
 Accuracy: 21.76%, Avg loss: 3.384358 

Epoch 156/200 -------------------------------
Train Error: 
Accuracy: 94.12%, Avg loss: 1.037304 

Validate Error: 
 Accuracy: 21.86%, Avg loss: 3.382540 

Epoch 157/200 -------------------------------
Train Error: 
Accuracy: 94.31%, Avg loss: 1.052280 

Validate Error: 
 Accuracy: 22.84%, Avg loss: 3.397140 

Epoch 158/200 -------------------------------
Train Error: 
Accuracy: 94.51%, Avg loss: 1.026111 

Validate Error: 
 Accuracy: 24.31%, Avg loss: 3.330472 

Epoch 159/200 -------------------------------
Train Error: 
Accuracy: 94.61%, Avg loss: 1.013397 

Validate Error: 
 Accuracy: 22.25%, Avg loss: 3.336727 

Epoch 160/200 -------------------------------
Train Error: 
Accuracy: 95.39%, Avg loss: 0.990789 

Validate Error: 
 Accuracy: 23.24%, Avg loss: 3.343743 

Epoch 161/200 -------------------------------
Train Error: 
Accuracy: 94.51%, Avg loss: 1.003237 

Validate Error: 
 Accuracy: 21.76%, Avg loss: 3.370010 

Epoch 162/200 -------------------------------
Train Error: 
Accuracy: 95.39%, Avg loss: 0.972793 

Validate Error: 
 Accuracy: 23.04%, Avg loss: 3.297504 

Epoch 163/200 -------------------------------
Train Error: 
Accuracy: 96.27%, Avg loss: 0.943337 

Validate Error: 
 Accuracy: 22.55%, Avg loss: 3.358411 

Epoch 164/200 -------------------------------
Train Error: 
Accuracy: 95.98%, Avg loss: 0.950941 

Validate Error: 
 Accuracy: 20.69%, Avg loss: 3.447846 

Epoch 165/200 -------------------------------
Train Error: 
Accuracy: 96.57%, Avg loss: 0.935135 

Validate Error: 
 Accuracy: 23.43%, Avg loss: 3.335852 

Epoch 166/200 -------------------------------
Train Error: 
Accuracy: 95.88%, Avg loss: 0.967670 

Validate Error: 
 Accuracy: 22.94%, Avg loss: 3.340516 

Epoch 167/200 -------------------------------
Train Error: 
Accuracy: 95.10%, Avg loss: 0.953511 

Validate Error: 
 Accuracy: 24.31%, Avg loss: 3.316894 

Epoch 168/200 -------------------------------
Train Error: 
Accuracy: 94.71%, Avg loss: 0.964602 

Validate Error: 
 Accuracy: 23.33%, Avg loss: 3.338750 

Epoch 169/200 -------------------------------
Train Error: 
Accuracy: 95.49%, Avg loss: 0.929830 

Validate Error: 
 Accuracy: 22.55%, Avg loss: 3.394867 

Epoch 170/200 -------------------------------
Train Error: 
Accuracy: 96.27%, Avg loss: 0.942634 

Validate Error: 
 Accuracy: 25.39%, Avg loss: 3.288008 

Epoch 171/200 -------------------------------
Train Error: 
Accuracy: 95.69%, Avg loss: 0.922770 

Validate Error: 
 Accuracy: 21.47%, Avg loss: 3.443602 

Epoch 172/200 -------------------------------
Train Error: 
Accuracy: 96.47%, Avg loss: 0.916572 

Validate Error: 
 Accuracy: 23.24%, Avg loss: 3.344151 

Epoch 173/200 -------------------------------
Train Error: 
Accuracy: 95.39%, Avg loss: 0.915627 

Validate Error: 
 Accuracy: 24.41%, Avg loss: 3.332169 

Epoch 174/200 -------------------------------
Train Error: 
Accuracy: 95.69%, Avg loss: 0.894818 

Validate Error: 
 Accuracy: 22.25%, Avg loss: 3.374393 

Epoch 175/200 -------------------------------
Train Error: 
Accuracy: 96.08%, Avg loss: 0.894560 

Validate Error: 
 Accuracy: 25.88%, Avg loss: 3.231113 

Epoch 176/200 -------------------------------
Train Error: 
Accuracy: 95.78%, Avg loss: 0.900619 

Validate Error: 
 Accuracy: 23.33%, Avg loss: 3.315496 

Epoch 177/200 -------------------------------
Train Error: 
Accuracy: 95.49%, Avg loss: 0.913874 

Validate Error: 
 Accuracy: 24.22%, Avg loss: 3.306568 

Epoch 178/200 -------------------------------
Train Error: 
Accuracy: 95.98%, Avg loss: 0.871544 

Validate Error: 
 Accuracy: 23.73%, Avg loss: 3.342895 

Epoch 179/200 -------------------------------
Train Error: 
Accuracy: 95.59%, Avg loss: 0.912086 

Validate Error: 
 Accuracy: 25.49%, Avg loss: 3.289165 

Epoch 180/200 -------------------------------
Train Error: 
Accuracy: 96.18%, Avg loss: 0.875460 

Validate Error: 
 Accuracy: 23.82%, Avg loss: 3.284680 

Epoch 181/200 -------------------------------
Train Error: 
Accuracy: 96.96%, Avg loss: 0.835459 

Validate Error: 
 Accuracy: 26.27%, Avg loss: 3.270107 

Epoch 182/200 -------------------------------
Train Error: 
Accuracy: 95.10%, Avg loss: 0.883763 

Validate Error: 
 Accuracy: 27.94%, Avg loss: 3.186169 

Epoch 183/200 -------------------------------
Train Error: 
Accuracy: 95.59%, Avg loss: 0.880554 

Validate Error: 
 Accuracy: 24.80%, Avg loss: 3.322890 

Epoch 184/200 -------------------------------
Train Error: 
Accuracy: 96.47%, Avg loss: 0.864583 

Validate Error: 
 Accuracy: 25.10%, Avg loss: 3.309091 

Epoch 185/200 -------------------------------
Train Error: 
Accuracy: 96.86%, Avg loss: 0.852410 

Validate Error: 
 Accuracy: 25.98%, Avg loss: 3.268431 

Epoch 186/200 -------------------------------
Train Error: 
Accuracy: 96.47%, Avg loss: 0.843722 

Validate Error: 
 Accuracy: 24.12%, Avg loss: 3.320053 

Epoch 187/200 -------------------------------
Train Error: 
Accuracy: 96.86%, Avg loss: 0.834977 

Validate Error: 
 Accuracy: 25.98%, Avg loss: 3.246280 

Epoch 188/200 -------------------------------
Train Error: 
Accuracy: 96.96%, Avg loss: 0.837778 

Validate Error: 
 Accuracy: 24.80%, Avg loss: 3.315927 

Epoch 189/200 -------------------------------
Train Error: 
Accuracy: 97.06%, Avg loss: 0.832098 

Validate Error: 
 Accuracy: 23.14%, Avg loss: 3.371422 

Epoch 190/200 -------------------------------
Train Error: 
Accuracy: 96.67%, Avg loss: 0.803133 

Validate Error: 
 Accuracy: 24.61%, Avg loss: 3.321648 

Epoch 191/200 -------------------------------
Train Error: 
Accuracy: 96.27%, Avg loss: 0.834825 

Validate Error: 
 Accuracy: 22.65%, Avg loss: 3.370126 

Epoch 192/200 -------------------------------
Train Error: 
Accuracy: 97.65%, Avg loss: 0.796831 

Validate Error: 
 Accuracy: 24.80%, Avg loss: 3.301843 

Epoch 193/200 -------------------------------
Train Error: 
Accuracy: 97.35%, Avg loss: 0.798257 

Validate Error: 
 Accuracy: 23.33%, Avg loss: 3.361505 

Epoch 194/200 -------------------------------
Train Error: 
Accuracy: 97.35%, Avg loss: 0.800531 

Validate Error: 
 Accuracy: 24.22%, Avg loss: 3.308091 

Epoch 195/200 -------------------------------
Train Error: 
Accuracy: 97.16%, Avg loss: 0.808019 

Validate Error: 
 Accuracy: 23.82%, Avg loss: 3.333941 

Epoch 196/200 -------------------------------
Train Error: 
Accuracy: 97.16%, Avg loss: 0.786148 

Validate Error: 
 Accuracy: 26.86%, Avg loss: 3.200694 

Epoch 197/200 -------------------------------
Train Error: 
Accuracy: 97.06%, Avg loss: 0.791134 

Validate Error: 
 Accuracy: 25.88%, Avg loss: 3.281858 

Epoch 198/200 -------------------------------
Train Error: 
Accuracy: 97.45%, Avg loss: 0.777859 

Validate Error: 
 Accuracy: 25.59%, Avg loss: 3.281947 

Epoch 199/200 -------------------------------
Train Error: 
Accuracy: 96.67%, Avg loss: 0.775416 

Validate Error: 
 Accuracy: 25.10%, Avg loss: 3.277383 

Epoch 200/200 -------------------------------
Train Error: 
Accuracy: 97.25%, Avg loss: 0.776318 

Validate Error: 
 Accuracy: 22.75%, Avg loss: 3.329779 

Test Error: 
 Accuracy: 21.66%, Avg loss: 3.439702 

#Hyperparameters
lr = 0.00001
momentum = 0
weight_decay = 0.05
dampening = 0

#Other
batch_size = 16
epochs = 200
{'train_loss': [4.6685986295342445, 9.265879943966866, 13.743336647748947, 18.108830340206623, 22.374485932290554, 26.55151940509677, 30.646255161613226, 34.673814564943314, 38.63426115736365, 42.53828306123614, 46.378056056797504, 50.172155406326056, 53.903085358440876, 57.62489415705204, 61.272514034062624, 64.88279637694359, 68.44552037492394, 71.9460865445435, 75.42506598681211, 78.860605917871, 82.27886074408889, 85.67859480902553, 89.02261546626687, 92.325654450804, 95.54983324930072, 98.78347392752767, 101.99030775204301, 105.15459357574582, 108.31301640346646, 111.43880210071802, 114.50792440399528, 117.55083701387048, 120.56146821379662, 123.54514472559094, 126.50379474833608, 129.43693266436458, 132.33270363137126, 135.20062007009983, 138.04737390577793, 140.89017564803362, 143.70625066012144, 146.49554979801178, 149.26677910238504, 152.01413821429014, 154.72128388658166, 157.4059117026627, 160.0589889883995, 162.6857605278492, 165.27717772126198, 167.82710640877485, 170.372423119843, 172.90497117303312, 175.3713945504278, 177.85059062205255, 180.34395006857812, 182.81014516577125, 185.20979716815054, 187.57639840990305, 189.93790437094867, 192.28262505307794, 194.60738650895655, 196.92075373791158, 199.1857524998486, 201.3883828856051, 203.6061437986791, 205.82095135748386, 208.0258640795946, 210.17377575859427, 212.31415955163538, 214.41879113577306, 216.5479576997459, 218.62683367729187, 220.70321698486805, 222.72507780604064, 224.73285730183125, 226.73662236519158, 228.73548248037696, 230.69206567667425, 232.63752652704716, 234.57394821569324, 236.48615502379835, 238.36863113194704, 240.26419589295983, 242.13049221225083, 243.96208619698882, 245.77499996684492, 247.58925362117589, 249.38024645857513, 251.13872350007296, 252.9032109156251, 254.66293972171843, 256.41379633918405, 258.1239108107984, 259.8265321329236, 261.52684505470097, 263.2152898442, 264.9069878682494, 266.5398683529347, 268.15619689039886, 269.79907380230725, 271.4049957729876, 273.00456437654793, 274.58395516499877, 276.153169747442, 277.72889871150255, 279.26397323422134, 280.77009350806475, 282.2615590337664, 283.7533121500164, 285.26817203871906, 286.7488357834518, 288.1829420607537, 289.6439583171159, 291.0640343213454, 292.4874737104401, 293.8899916326627, 295.30469360761344, 296.69816752523184, 298.07990545220673, 299.44384709373116, 300.8036707881838, 302.1213699951768, 303.4605143740773, 304.74344245158136, 306.03067627269775, 307.33369802404195, 308.619656983763, 309.8728518439457, 311.13358363788575, 312.3773899031803, 313.62273563910276, 314.8761025397107, 316.09539263136685, 317.3265532888472, 318.5343200219795, 319.7228646511212, 320.87222947832197, 322.0699026873335, 323.2483387151733, 324.39906827174127, 325.5714900586754, 326.7183859804645, 327.8512909617275, 328.9723457666114, 330.09599719848484, 331.20224135089666, 332.2812225064263, 333.36829024460167, 334.41812370717525, 335.46504741720855, 336.53234791662544, 337.5809843670577, 338.6423570243642, 339.67107915412635, 340.6905374629423, 341.72784171812236, 342.78012131527066, 343.8062321525067, 344.81962870340794, 345.8104175757617, 346.81365482788533, 347.78644752316177, 348.72978495340794, 349.68072579149157, 350.61586126033217, 351.5835313461721, 352.53704220056534, 353.5016444809735, 354.4314747052267, 355.3741088267416, 356.29687890037894, 357.2134507773444, 358.1290778145194, 359.0238962294534, 359.9184563020244, 360.81907565239817, 361.7329501407221, 362.60449433885515, 363.51657990925014, 364.39204031508416, 365.22749946825206, 366.1112622190267, 366.9918160736561, 367.856399057433, 368.70880920346826, 369.55253153666854, 370.387508478947, 371.2252864809707, 372.0573847517371, 372.86051818169653, 373.6953428518027, 374.49217377230525, 375.290430967696, 376.090961528942, 376.89898028504103, 377.68512857798487, 378.47626217547804, 379.25412112800404, 380.02953665470704, 380.8058545528911], 'train_accuracy': [0.00980392156862745, 0.03137254901960784, 0.06274509803921569, 0.10294117647058823, 0.16078431372549018, 0.242156862745098, 0.33137254901960783, 0.45098039215686275, 0.5588235294117647, 0.6892156862745098, 0.8382352941176471, 1.0049019607843137, 1.1872549019607843, 1.3784313725490196, 1.5735294117647058, 1.7892156862745097, 2.018627450980392, 2.272549019607843, 2.5176470588235293, 2.7754901960784313, 3.046078431372549, 3.306862745098039, 3.6078431372549016, 3.9235294117647053, 4.273529411764705, 4.5970588235294105, 4.933333333333332, 5.288235294117645, 5.627450980392155, 5.977450980392154, 6.359803921568625, 6.7264705882352915, 7.126470588235292, 7.523529411764704, 7.943137254901959, 8.376470588235293, 8.816666666666665, 9.25098039215686, 9.696078431372547, 10.137254901960782, 10.59019607843137, 11.056862745098037, 11.526470588235291, 11.992156862745095, 12.490196078431369, 12.984313725490193, 13.489215686274505, 14.028431372549015, 14.558823529411761, 15.096078431372545, 15.647058823529408, 16.193137254901956, 16.774509803921564, 17.349019607843132, 17.9156862745098, 18.474509803921563, 19.070588235294114, 19.675490196078428, 20.27941176470588, 20.90098039215686, 21.5156862745098, 22.127450980392155, 22.7578431372549, 23.43333333333333, 24.079411764705878, 24.747058823529407, 25.405882352941173, 26.08333333333333, 26.747058823529407, 27.440196078431367, 28.114705882352936, 28.807843137254896, 29.514705882352935, 30.23431372549019, 30.954901960784305, 31.690196078431363, 32.41372549019607, 33.14509803921568, 33.883333333333326, 34.61666666666666, 35.368627450980384, 36.11078431372548, 36.84607843137254, 37.6313725490196, 38.40882352941176, 39.181372549019606, 39.95196078431373, 40.73137254901961, 41.5186274509804, 42.29607843137256, 43.08235294117648, 43.874509803921576, 44.67352941176471, 45.48137254901961, 46.2764705882353, 47.0921568627451, 47.89901960784314, 48.72549019607843, 49.557843137254906, 50.374509803921576, 51.20392156862746, 52.031372549019615, 52.878431372549024, 53.73137254901961, 54.57450980392157, 55.40294117647059, 56.26666666666667, 57.136274509803926, 57.9843137254902, 58.827450980392165, 59.696078431372555, 60.5686274509804, 61.440196078431384, 62.31470588235295, 63.19313725490197, 64.07352941176471, 64.94411764705883, 65.83039215686276, 66.70686274509805, 67.58823529411765, 68.45392156862745, 69.35686274509804, 70.25196078431372, 71.16176470588235, 72.06960784313725, 72.95588235294117, 73.85294117647058, 74.76666666666665, 75.67450980392155, 76.59411764705881, 77.51176470588234, 78.4156862745098, 79.31372549019606, 80.21666666666665, 81.13235294117646, 82.04607843137254, 82.96470588235293, 83.88725490196077, 84.7970588235294, 85.71470588235293, 86.63529411764705, 87.55882352941175, 88.48823529411763, 89.41470588235292, 90.34607843137253, 91.27745098039215, 92.21764705882352, 93.14607843137253, 94.09215686274509, 95.0392156862745, 95.97745098039215, 96.91764705882352, 97.86666666666666, 98.81176470588234, 99.74999999999999, 100.69117647058822, 101.63431372549017, 102.57941176470585, 103.52549019607841, 104.47941176470586, 105.42450980392154, 106.37843137254899, 107.34117647058821, 108.30098039215683, 109.26666666666664, 110.2254901960784, 111.17647058823526, 112.12352941176468, 113.07843137254899, 114.04117647058821, 114.99803921568625, 115.96274509803919, 116.91666666666664, 117.87352941176468, 118.83431372549016, 119.79215686274506, 120.74705882352937, 121.706862745098, 122.66274509803917, 123.62450980392153, 124.59411764705878, 125.54509803921565, 126.50098039215682, 127.46568627450976, 128.43431372549014, 129.3990196078431, 130.36764705882348, 131.33725490196073, 132.30784313725485, 133.27450980392152, 134.23725490196074, 135.21372549019603, 136.18725490196073, 137.16078431372543, 138.1323529411764, 139.10392156862738, 140.0745098039215, 141.04901960784306, 142.01568627450973, 142.98823529411757], 'val_loss': [4.645399868488312, 10.228325355798006, 16.180986631661654, 21.602277234196663, 26.954288132488728, 32.09179162234068, 37.11919551715255, 42.11302926018834, 47.081077340990305, 52.00371393561363, 56.783222142606974, 61.55180834233761, 66.24734753370285, 71.10242392495275, 75.96943384408951, 80.8368449062109, 85.4415427185595, 90.2243857420981, 94.72055366262794, 99.38919394090772, 104.02963565289974, 108.62540683150291, 113.24532019719481, 117.892852563411, 122.53454493358731, 127.23791647702456, 131.61974371224642, 136.3312721438706, 140.76294079050422, 145.28211805969477, 149.5835294611752, 153.87295573577285, 158.17854391410947, 162.48013251647353, 166.8053796030581, 171.0679755024612, 175.35591299831867, 179.7851256467402, 184.08332539722323, 188.34954576194286, 192.49842400103807, 196.56363703869283, 200.5902201216668, 204.7491570301354, 208.79181483201683, 212.8165249209851, 216.85260679759085, 220.95509199425578, 224.9024646282196, 228.7482552807778, 232.72135223262012, 236.6085752863437, 240.54349607788026, 244.37184865027666, 248.1204676181078, 251.96659210696816, 255.81183954887092, 259.65763414278626, 263.4541675914079, 267.22998658567667, 270.98237227089703, 274.8111105207354, 278.64154747501016, 282.3935894947499, 286.15616976469755, 289.8344868142158, 293.57356512825936, 297.27753715310246, 300.9413307821378, 304.7754381066188, 308.39959811698645, 312.12822143081576, 315.8347999630496, 319.53170077782124, 323.15707208402455, 326.7766565065831, 330.3966107033193, 334.0682266242802, 337.63983166217804, 341.2630565017462, 344.86015434004366, 348.4922195151448, 352.1337931379676, 355.75823406502604, 359.37133394926786, 362.9612875059247, 366.5786521146074, 370.1796307498589, 373.79320832621306, 377.35357076954097, 380.7878731107339, 384.3296612845734, 387.87662435602397, 391.41911332681775, 394.9998170696199, 398.436141975224, 401.99282384850085, 405.4931308571249, 409.00603083893657, 412.4909318089485, 416.03242245689034, 419.5965812653303, 423.092943623662, 426.5699273031205, 430.08211701363325, 433.532193351537, 437.01325076445937, 440.5277704708278, 443.9447472859174, 447.4347067400813, 450.88914576917887, 454.364050231874, 457.9298512339592, 461.4012869466096, 464.90175737440586, 468.28650377132, 471.7703100461513, 475.131341451779, 478.56690763123333, 481.997113449499, 485.38785871863365, 488.74514015577734, 492.1491770017892, 495.5315097682178, 498.9451142568141, 502.3625413943082, 505.71231278404593, 509.17943361774087, 512.548322590068, 515.9530147705227, 519.3364436067641, 522.6985901836306, 526.0882014520466, 529.4445108640939, 532.7813010178506, 536.2012860625982, 539.5522902049124, 542.8201077301055, 546.2236382588744, 549.5863738525659, 552.9692055694759, 556.3436185140163, 559.6552099268883, 563.0032658893615, 566.3963616639376, 569.7943924963474, 573.1840805634856, 576.5642893221229, 579.8926083501428, 583.2958554830402, 586.6582111809403, 589.9980112947524, 593.3594504501671, 596.7311597913504, 600.1155173052102, 603.4980569016188, 606.8951964434236, 610.2256681211293, 613.5623948965222, 616.9061374031007, 620.2761477399617, 623.5736516136676, 626.932062651962, 630.3799088001251, 633.7157612238079, 637.0562768317759, 640.3731704074889, 643.7119207624346, 647.1067874412984, 650.3947953693569, 653.8383974079043, 657.1825485024601, 660.5147179123014, 663.8891112543643, 667.1202242393047, 670.4357200935483, 673.7422879580408, 677.0851824581623, 680.374347820878, 683.6590273492038, 686.9291340298951, 690.1153032500297, 693.4381933957338, 696.7472843825817, 700.0157153308392, 703.3357686121017, 706.582048624754, 709.8979752473533, 713.2693972066045, 716.5910451281816, 719.9611707702279, 723.2630133572966, 726.6245186869055, 729.9326098114252, 733.2665508333594, 736.4672447759658, 739.7491027750075, 743.0310498327017, 746.3084329869598, 749.6382120549679], 'val_accuracy': [0.00980392156862745, 0.0196078431372549, 0.029411764705882353, 0.044117647058823525, 0.05980392156862745, 0.0784313725490196, 0.08823529411764705, 0.1088235294117647, 0.13431372549019607, 0.15980392156862744, 0.18235294117647058, 0.20392156862745098, 0.2323529411764706, 0.2607843137254902, 0.2833333333333333, 0.3029411764705882, 0.32647058823529407, 0.3441176470588235, 0.380392156862745, 0.4058823529411764, 0.43235294117647055, 0.4656862745098039, 0.49803921568627446, 0.5294117647058822, 0.5549019607843136, 0.5823529411764705, 0.638235294117647, 0.6774509803921568, 0.7274509803921568, 0.7578431372549019, 0.8137254901960784, 0.8784313725490196, 0.9352941176470588, 1.0029411764705882, 1.0666666666666667, 1.1372549019607843, 1.2117647058823529, 1.2656862745098039, 1.3274509803921568, 1.3990196078431372, 1.472549019607843, 1.5578431372549018, 1.6480392156862742, 1.725490196078431, 1.8196078431372547, 1.9107843137254898, 2.0039215686274505, 2.0999999999999996, 2.2245098039215683, 2.3431372549019605, 2.4549019607843134, 2.5784313725490193, 2.6931372549019605, 2.830392156862745, 2.97156862745098, 3.1088235294117643, 3.240196078431372, 3.3725490196078427, 3.5088235294117642, 3.6529411764705877, 3.7990196078431366, 3.9450980392156856, 4.0852941176470585, 4.2254901960784315, 4.360784313725491, 4.524509803921569, 4.676470588235295, 4.83529411764706, 4.989215686274512, 5.136274509803924, 5.300980392156865, 5.463725490196081, 5.622549019607846, 5.797058823529415, 5.980392156862749, 6.160784313725494, 6.34509803921569, 6.520588235294122, 6.704901960784318, 6.892156862745103, 7.086274509803927, 7.2568627450980445, 7.433333333333339, 7.620588235294123, 7.810784313725496, 8.003921568627456, 8.185294117647064, 8.368627450980398, 8.545098039215691, 8.733333333333338, 8.95196078431373, 9.145098039215691, 9.331372549019612, 9.522549019607847, 9.721568627450985, 9.926470588235299, 10.113725490196083, 10.314705882352946, 10.503921568627456, 10.707843137254907, 10.90588235294118, 11.098039215686278, 11.305882352941179, 11.525490196078433, 11.721568627450981, 11.938235294117648, 12.143137254901962, 12.340196078431374, 12.55294117647059, 12.748039215686276, 12.96372549019608, 13.17156862745098, 13.368627450980393, 13.579411764705883, 13.783333333333333, 13.998039215686275, 14.193137254901961, 14.420588235294117, 14.638235294117646, 14.851960784313723, 15.072549019607841, 15.30098039215686, 15.520588235294115, 15.741176470588233, 15.95490196078431, 16.171568627450977, 16.407843137254897, 16.61960784313725, 16.849999999999994, 17.068627450980387, 17.29117647058823, 17.518627450980386, 17.749999999999993, 17.973529411764698, 18.198039215686265, 18.404901960784304, 18.637254901960773, 18.87843137254901, 19.100980392156853, 19.32549019607842, 19.548039215686263, 19.77647058823528, 20.027450980392143, 20.264705882352928, 20.48039215686273, 20.699999999999985, 20.905882352941163, 21.124509803921555, 21.35882352941175, 21.57254901960783, 21.81568627450979, 22.05098039215685, 22.286274509803906, 22.51176470588234, 22.72941176470587, 22.94803921568626, 23.17647058823528, 23.41960784313724, 23.642156862745082, 23.87450980392155, 24.09215686274508, 24.322549019607827, 24.54803921568626, 24.7549019607843, 24.989215686274495, 25.218627450980378, 25.461764705882338, 25.695098039215672, 25.920588235294105, 26.174509803921556, 26.389215686274497, 26.621568627450966, 26.865686274509788, 27.08823529411763, 27.347058823529395, 27.58039215686273, 27.822549019607827, 28.059803921568612, 28.314705882352925, 28.552941176470572, 28.815686274509787, 29.09509803921567, 29.343137254901947, 29.59411764705881, 29.853921568627438, 30.095098039215674, 30.354901960784304, 30.60294117647058, 30.834313725490187, 31.080392156862736, 31.30686274509803, 31.554901960784306, 31.78823529411764, 32.03039215686274, 32.26862745098038, 32.53725490196077, 32.796078431372536, 33.051960784313714, 33.302941176470576, 33.53039215686273], 'epochs': [0, 1, 2, 3, 4, 5, 6, 7, 8, 9, 10, 11, 12, 13, 14, 15, 16, 17, 18, 19, 20, 21, 22, 23, 24, 25, 26, 27, 28, 29, 30, 31, 32, 33, 34, 35, 36, 37, 38, 39, 40, 41, 42, 43, 44, 45, 46, 47, 48, 49, 50, 51, 52, 53, 54, 55, 56, 57, 58, 59, 60, 61, 62, 63, 64, 65, 66, 67, 68, 69, 70, 71, 72, 73, 74, 75, 76, 77, 78, 79, 80, 81, 82, 83, 84, 85, 86, 87, 88, 89, 90, 91, 92, 93, 94, 95, 96, 97, 98, 99, 100, 101, 102, 103, 104, 105, 106, 107, 108, 109, 110, 111, 112, 113, 114, 115, 116, 117, 118, 119, 120, 121, 122, 123, 124, 125, 126, 127, 128, 129, 130, 131, 132, 133, 134, 135, 136, 137, 138, 139, 140, 141, 142, 143, 144, 145, 146, 147, 148, 149, 150, 151, 152, 153, 154, 155, 156, 157, 158, 159, 160, 161, 162, 163, 164, 165, 166, 167, 168, 169, 170, 171, 172, 173, 174, 175, 176, 177, 178, 179, 180, 181, 182, 183, 184, 185, 186, 187, 188, 189, 190, 191, 192, 193, 194, 195, 196, 197, 198, 199]}

============================
 Job utilisation efficiency
============================

Job ID: 6823869
Cluster: viking2.yor.alces.network
User/Group: co788/clusterusers
State: COMPLETED (exit code 0)
Cores: 1
CPU Utilized: 02:25:08
CPU Efficiency: 99.03% of 02:26:33 core-walltime
Job Wall-clock time: 02:26:33
Memory Utilized: 1.57 GB
Memory Efficiency: 19.67% of 8.00 GB
 Requested wall clock time: 12:00:00
    Actual wall clock time: 02:26:33
Wall clock time efficiency: 20.4%
           Job queued time: 00:49:56
