Using cuda device
CNNv4(
  (convLayer1): Sequential(
    (0): Conv2d(3, 256, kernel_size=(3, 3), stride=(1, 1), padding=(1, 1))
    (1): BatchNorm2d(256, eps=1e-05, momentum=0.1, affine=True, track_running_stats=True)
    (2): ReLU()
    (3): Conv2d(256, 256, kernel_size=(3, 3), stride=(1, 1), padding=(1, 1))
    (4): BatchNorm2d(256, eps=1e-05, momentum=0.1, affine=True, track_running_stats=True)
    (5): ReLU()
    (6): MaxPool2d(kernel_size=2, stride=2, padding=0, dilation=1, ceil_mode=False)
  )
  (convLayer2): Sequential(
    (0): Conv2d(256, 256, kernel_size=(3, 3), stride=(1, 1), padding=(1, 1))
    (1): BatchNorm2d(256, eps=1e-05, momentum=0.1, affine=True, track_running_stats=True)
    (2): ReLU()
    (3): Conv2d(256, 256, kernel_size=(3, 3), stride=(1, 1), padding=(1, 1))
    (4): BatchNorm2d(256, eps=1e-05, momentum=0.1, affine=True, track_running_stats=True)
    (5): ReLU()
    (6): MaxPool2d(kernel_size=2, stride=2, padding=0, dilation=1, ceil_mode=False)
  )
  (classLayer2): Sequential(
    (0): Flatten(start_dim=1, end_dim=-1)
    (1): Linear(in_features=1048576, out_features=512, bias=True)
    (2): ReLU()
    (3): Linear(in_features=512, out_features=256, bias=True)
    (4): ReLU()
    (5): Linear(in_features=256, out_features=102, bias=True)
  )
  (convLayer3): Sequential(
    (0): Conv2d(256, 256, kernel_size=(3, 3), stride=(1, 1), padding=(1, 1))
    (1): BatchNorm2d(256, eps=1e-05, momentum=0.1, affine=True, track_running_stats=True)
    (2): ReLU()
    (3): Conv2d(256, 256, kernel_size=(3, 3), stride=(1, 1), padding=(1, 1))
    (4): BatchNorm2d(256, eps=1e-05, momentum=0.1, affine=True, track_running_stats=True)
    (5): ReLU()
    (6): MaxPool2d(kernel_size=2, stride=2, padding=0, dilation=1, ceil_mode=False)
  )
  (classLayer3): Sequential(
    (0): Flatten(start_dim=1, end_dim=-1)
    (1): Linear(in_features=262144, out_features=512, bias=True)
    (2): ReLU()
    (3): Linear(in_features=512, out_features=256, bias=True)
    (4): ReLU()
    (5): Linear(in_features=256, out_features=102, bias=True)
  )
  (convLayer4): Sequential(
    (0): Conv2d(256, 256, kernel_size=(3, 3), stride=(1, 1), padding=(1, 1))
    (1): BatchNorm2d(256, eps=1e-05, momentum=0.1, affine=True, track_running_stats=True)
    (2): ReLU()
    (3): Conv2d(256, 256, kernel_size=(3, 3), stride=(1, 1), padding=(1, 1))
    (4): BatchNorm2d(256, eps=1e-05, momentum=0.1, affine=True, track_running_stats=True)
    (5): ReLU()
    (6): MaxPool2d(kernel_size=2, stride=2, padding=0, dilation=1, ceil_mode=False)
  )
  (classLayer4): Sequential(
    (0): Flatten(start_dim=1, end_dim=-1)
    (1): Linear(in_features=65536, out_features=512, bias=True)
    (2): ReLU()
    (3): Linear(in_features=512, out_features=256, bias=True)
    (4): ReLU()
    (5): Linear(in_features=256, out_features=102, bias=True)
  )
  (finalClass): Sequential(
    (0): Linear(in_features=306, out_features=256, bias=True)
    (1): ReLU()
    (2): Linear(in_features=256, out_features=102, bias=True)
  )
)
Epoch 1/200 -------------------------------
Train Error: 
Accuracy: 0.78%, Avg loss: 4.638735 

Validate Error: 
 Accuracy: 2.06%, Avg loss: 4.556930 

Epoch 2/200 -------------------------------
Train Error: 
Accuracy: 1.37%, Avg loss: 4.546045 

Validate Error: 
 Accuracy: 5.59%, Avg loss: 4.431467 

Epoch 3/200 -------------------------------
Train Error: 
Accuracy: 5.49%, Avg loss: 4.403600 

Validate Error: 
 Accuracy: 6.96%, Avg loss: 4.274048 

Epoch 4/200 -------------------------------
Train Error: 
Accuracy: 6.08%, Avg loss: 4.262688 

Validate Error: 
 Accuracy: 6.96%, Avg loss: 4.089695 

Epoch 5/200 -------------------------------
Train Error: 
Accuracy: 8.04%, Avg loss: 4.123559 

Validate Error: 
 Accuracy: 8.04%, Avg loss: 3.985856 

Epoch 6/200 -------------------------------
Train Error: 
Accuracy: 8.92%, Avg loss: 3.977004 

Validate Error: 
 Accuracy: 10.88%, Avg loss: 3.798930 

Epoch 7/200 -------------------------------
Train Error: 
Accuracy: 12.25%, Avg loss: 3.822634 

Validate Error: 
 Accuracy: 13.33%, Avg loss: 3.702258 

Epoch 8/200 -------------------------------
Train Error: 
Accuracy: 14.71%, Avg loss: 3.703182 

Validate Error: 
 Accuracy: 14.80%, Avg loss: 3.589388 

Epoch 9/200 -------------------------------
Train Error: 
Accuracy: 15.20%, Avg loss: 3.574825 

Validate Error: 
 Accuracy: 16.27%, Avg loss: 3.488123 

Epoch 10/200 -------------------------------
Train Error: 
Accuracy: 18.82%, Avg loss: 3.425147 

Validate Error: 
 Accuracy: 19.31%, Avg loss: 3.394511 

Epoch 11/200 -------------------------------
Train Error: 
Accuracy: 22.94%, Avg loss: 3.310350 

Validate Error: 
 Accuracy: 24.02%, Avg loss: 3.238608 

Epoch 12/200 -------------------------------
Train Error: 
Accuracy: 24.51%, Avg loss: 3.198738 

Validate Error: 
 Accuracy: 23.92%, Avg loss: 3.203782 

Epoch 13/200 -------------------------------
Train Error: 
Accuracy: 26.67%, Avg loss: 3.083847 

Validate Error: 
 Accuracy: 26.47%, Avg loss: 3.175662 

Epoch 14/200 -------------------------------
Train Error: 
Accuracy: 31.57%, Avg loss: 3.000629 

Validate Error: 
 Accuracy: 27.55%, Avg loss: 3.072384 

Epoch 15/200 -------------------------------
Train Error: 
Accuracy: 33.63%, Avg loss: 2.886283 

Validate Error: 
 Accuracy: 30.88%, Avg loss: 2.971198 

Epoch 16/200 -------------------------------
Train Error: 
Accuracy: 33.63%, Avg loss: 2.817482 

Validate Error: 
 Accuracy: 27.55%, Avg loss: 2.981015 

Epoch 17/200 -------------------------------
Train Error: 
Accuracy: 34.61%, Avg loss: 2.736401 

Validate Error: 
 Accuracy: 30.29%, Avg loss: 2.897586 

Epoch 18/200 -------------------------------
Train Error: 
Accuracy: 37.16%, Avg loss: 2.620819 

Validate Error: 
 Accuracy: 32.16%, Avg loss: 2.849604 

Epoch 19/200 -------------------------------
Train Error: 
Accuracy: 38.04%, Avg loss: 2.572828 

Validate Error: 
 Accuracy: 33.14%, Avg loss: 2.765661 

Epoch 20/200 -------------------------------
Train Error: 
Accuracy: 41.67%, Avg loss: 2.519218 

Validate Error: 
 Accuracy: 31.18%, Avg loss: 2.841918 

Epoch 21/200 -------------------------------
Train Error: 
Accuracy: 41.18%, Avg loss: 2.483083 

Validate Error: 
 Accuracy: 34.31%, Avg loss: 2.710288 

Epoch 22/200 -------------------------------
Train Error: 
Accuracy: 44.51%, Avg loss: 2.378111 

Validate Error: 
 Accuracy: 32.25%, Avg loss: 2.742193 

Epoch 23/200 -------------------------------
Train Error: 
Accuracy: 44.41%, Avg loss: 2.321584 

Validate Error: 
 Accuracy: 35.78%, Avg loss: 2.688184 

Epoch 24/200 -------------------------------
Train Error: 
Accuracy: 45.29%, Avg loss: 2.269545 

Validate Error: 
 Accuracy: 35.10%, Avg loss: 2.647143 

Epoch 25/200 -------------------------------
Train Error: 
Accuracy: 47.55%, Avg loss: 2.191851 

Validate Error: 
 Accuracy: 38.53%, Avg loss: 2.584521 

Epoch 26/200 -------------------------------
Train Error: 
Accuracy: 50.78%, Avg loss: 2.152255 

Validate Error: 
 Accuracy: 35.29%, Avg loss: 2.641120 

Epoch 27/200 -------------------------------
Train Error: 
Accuracy: 49.71%, Avg loss: 2.093349 

Validate Error: 
 Accuracy: 36.27%, Avg loss: 2.625242 

Epoch 28/200 -------------------------------
Train Error: 
Accuracy: 50.49%, Avg loss: 2.056567 

Validate Error: 
 Accuracy: 33.82%, Avg loss: 2.651597 

Epoch 29/200 -------------------------------
Train Error: 
Accuracy: 54.12%, Avg loss: 1.977637 

Validate Error: 
 Accuracy: 35.78%, Avg loss: 2.605832 

Epoch 30/200 -------------------------------
Train Error: 
Accuracy: 52.25%, Avg loss: 1.978308 

Validate Error: 
 Accuracy: 38.43%, Avg loss: 2.596880 

Epoch 31/200 -------------------------------
Train Error: 
Accuracy: 54.12%, Avg loss: 1.912470 

Validate Error: 
 Accuracy: 37.25%, Avg loss: 2.579466 

Epoch 32/200 -------------------------------
Train Error: 
Accuracy: 55.49%, Avg loss: 1.844765 

Validate Error: 
 Accuracy: 39.51%, Avg loss: 2.532214 

Epoch 33/200 -------------------------------
Train Error: 
Accuracy: 56.96%, Avg loss: 1.847150 

Validate Error: 
 Accuracy: 39.31%, Avg loss: 2.554413 

Epoch 34/200 -------------------------------
Train Error: 
Accuracy: 58.82%, Avg loss: 1.788701 

Validate Error: 
 Accuracy: 39.71%, Avg loss: 2.469151 

Epoch 35/200 -------------------------------
Train Error: 
Accuracy: 57.45%, Avg loss: 1.761719 

Validate Error: 
 Accuracy: 38.53%, Avg loss: 2.619214 

Epoch 36/200 -------------------------------
Train Error: 
Accuracy: 59.31%, Avg loss: 1.737826 

Validate Error: 
 Accuracy: 39.80%, Avg loss: 2.537311 

Epoch 37/200 -------------------------------
Train Error: 
Accuracy: 59.31%, Avg loss: 1.683401 

Validate Error: 
 Accuracy: 39.41%, Avg loss: 2.506588 

Epoch 38/200 -------------------------------
Train Error: 
Accuracy: 60.49%, Avg loss: 1.652082 

Validate Error: 
 Accuracy: 39.41%, Avg loss: 2.484439 

Epoch 39/200 -------------------------------
Train Error: 
Accuracy: 62.06%, Avg loss: 1.638223 

Validate Error: 
 Accuracy: 40.88%, Avg loss: 2.449473 

Epoch 40/200 -------------------------------
Train Error: 
Accuracy: 61.47%, Avg loss: 1.609133 

Validate Error: 
 Accuracy: 39.02%, Avg loss: 2.463796 

Epoch 41/200 -------------------------------
Train Error: 
Accuracy: 63.73%, Avg loss: 1.549647 

Validate Error: 
 Accuracy: 42.16%, Avg loss: 2.430030 

Epoch 42/200 -------------------------------
Train Error: 
Accuracy: 62.45%, Avg loss: 1.552941 

Validate Error: 
 Accuracy: 41.37%, Avg loss: 2.370902 

Epoch 43/200 -------------------------------
Train Error: 
Accuracy: 64.51%, Avg loss: 1.530307 

Validate Error: 
 Accuracy: 40.39%, Avg loss: 2.448118 

Epoch 44/200 -------------------------------
Train Error: 
Accuracy: 65.20%, Avg loss: 1.511786 

Validate Error: 
 Accuracy: 41.18%, Avg loss: 2.479595 

Epoch 45/200 -------------------------------
Train Error: 
Accuracy: 65.98%, Avg loss: 1.463188 

Validate Error: 
 Accuracy: 41.37%, Avg loss: 2.381472 

Epoch 46/200 -------------------------------
Train Error: 
Accuracy: 67.35%, Avg loss: 1.412427 

Validate Error: 
 Accuracy: 41.57%, Avg loss: 2.381649 

Epoch 47/200 -------------------------------
Train Error: 
Accuracy: 67.65%, Avg loss: 1.379932 

Validate Error: 
 Accuracy: 42.65%, Avg loss: 2.333862 

Epoch 48/200 -------------------------------
Train Error: 
Accuracy: 66.67%, Avg loss: 1.369058 

Validate Error: 
 Accuracy: 42.94%, Avg loss: 2.321203 

Epoch 49/200 -------------------------------
Train Error: 
Accuracy: 66.67%, Avg loss: 1.375395 

Validate Error: 
 Accuracy: 43.14%, Avg loss: 2.339705 

Epoch 50/200 -------------------------------
Train Error: 
Accuracy: 69.02%, Avg loss: 1.342031 

Validate Error: 
 Accuracy: 42.16%, Avg loss: 2.340802 

Epoch 51/200 -------------------------------
Train Error: 
Accuracy: 66.96%, Avg loss: 1.345134 

Validate Error: 
 Accuracy: 44.90%, Avg loss: 2.333944 

Epoch 52/200 -------------------------------
Train Error: 
Accuracy: 69.71%, Avg loss: 1.276727 

Validate Error: 
 Accuracy: 44.41%, Avg loss: 2.306609 

Epoch 53/200 -------------------------------
Train Error: 
Accuracy: 71.86%, Avg loss: 1.267968 

Validate Error: 
 Accuracy: 42.45%, Avg loss: 2.357879 

Epoch 54/200 -------------------------------
Train Error: 
Accuracy: 73.24%, Avg loss: 1.213877 

Validate Error: 
 Accuracy: 43.14%, Avg loss: 2.365852 

Epoch 55/200 -------------------------------
Train Error: 
Accuracy: 72.35%, Avg loss: 1.255123 

Validate Error: 
 Accuracy: 44.12%, Avg loss: 2.328079 

Epoch 56/200 -------------------------------
Train Error: 
Accuracy: 72.25%, Avg loss: 1.201196 

Validate Error: 
 Accuracy: 45.69%, Avg loss: 2.293479 

Epoch 57/200 -------------------------------
Train Error: 
Accuracy: 74.71%, Avg loss: 1.148474 

Validate Error: 
 Accuracy: 44.41%, Avg loss: 2.282745 

Epoch 58/200 -------------------------------
Train Error: 
Accuracy: 72.75%, Avg loss: 1.179791 

Validate Error: 
 Accuracy: 45.10%, Avg loss: 2.265156 

Epoch 59/200 -------------------------------
Train Error: 
Accuracy: 75.00%, Avg loss: 1.158145 

Validate Error: 
 Accuracy: 41.47%, Avg loss: 2.383316 

Epoch 60/200 -------------------------------
Train Error: 
Accuracy: 74.61%, Avg loss: 1.109389 

Validate Error: 
 Accuracy: 46.47%, Avg loss: 2.256386 

Epoch 61/200 -------------------------------
Train Error: 
Accuracy: 75.39%, Avg loss: 1.093695 

Validate Error: 
 Accuracy: 45.10%, Avg loss: 2.326941 

Epoch 62/200 -------------------------------
Train Error: 
Accuracy: 75.00%, Avg loss: 1.093296 

Validate Error: 
 Accuracy: 45.69%, Avg loss: 2.251422 

Epoch 63/200 -------------------------------
Train Error: 
Accuracy: 77.65%, Avg loss: 1.057164 

Validate Error: 
 Accuracy: 42.94%, Avg loss: 2.406306 

Epoch 64/200 -------------------------------
Train Error: 
Accuracy: 76.27%, Avg loss: 1.046361 

Validate Error: 
 Accuracy: 45.78%, Avg loss: 2.241223 

Epoch 65/200 -------------------------------
Train Error: 
Accuracy: 77.25%, Avg loss: 1.014627 

Validate Error: 
 Accuracy: 45.00%, Avg loss: 2.268734 

Epoch 66/200 -------------------------------
Train Error: 
Accuracy: 76.76%, Avg loss: 1.051494 

Validate Error: 
 Accuracy: 44.31%, Avg loss: 2.287359 

Epoch 67/200 -------------------------------
Train Error: 
Accuracy: 76.86%, Avg loss: 1.025196 

Validate Error: 
 Accuracy: 46.27%, Avg loss: 2.261817 

Epoch 68/200 -------------------------------
Train Error: 
Accuracy: 78.43%, Avg loss: 0.998713 

Validate Error: 
 Accuracy: 46.37%, Avg loss: 2.251372 

Epoch 69/200 -------------------------------
Train Error: 
Accuracy: 79.80%, Avg loss: 0.957687 

Validate Error: 
 Accuracy: 45.59%, Avg loss: 2.296338 

Epoch 70/200 -------------------------------
Train Error: 
Accuracy: 79.31%, Avg loss: 0.977186 

Validate Error: 
 Accuracy: 44.12%, Avg loss: 2.288253 

Epoch 71/200 -------------------------------
Train Error: 
Accuracy: 79.41%, Avg loss: 0.966572 

Validate Error: 
 Accuracy: 46.96%, Avg loss: 2.205847 

Epoch 72/200 -------------------------------
Train Error: 
Accuracy: 79.71%, Avg loss: 0.936552 

Validate Error: 
 Accuracy: 46.08%, Avg loss: 2.360296 

Epoch 73/200 -------------------------------
Train Error: 
Accuracy: 79.51%, Avg loss: 0.933049 

Validate Error: 
 Accuracy: 47.25%, Avg loss: 2.272348 

Epoch 74/200 -------------------------------
Train Error: 
Accuracy: 80.00%, Avg loss: 0.912847 

Validate Error: 
 Accuracy: 47.16%, Avg loss: 2.235684 

Epoch 75/200 -------------------------------
Train Error: 
Accuracy: 80.49%, Avg loss: 0.907295 

Validate Error: 
 Accuracy: 46.96%, Avg loss: 2.297649 

Epoch 76/200 -------------------------------
Train Error: 
Accuracy: 81.67%, Avg loss: 0.873783 

Validate Error: 
 Accuracy: 47.25%, Avg loss: 2.298113 

Epoch 77/200 -------------------------------
Train Error: 
Accuracy: 82.84%, Avg loss: 0.880151 

Validate Error: 
 Accuracy: 45.59%, Avg loss: 2.286157 

Epoch 78/200 -------------------------------
Train Error: 
Accuracy: 83.24%, Avg loss: 0.841975 

Validate Error: 
 Accuracy: 48.24%, Avg loss: 2.167634 

Epoch 79/200 -------------------------------
Train Error: 
Accuracy: 81.76%, Avg loss: 0.864762 

Validate Error: 
 Accuracy: 49.41%, Avg loss: 2.146879 

Epoch 80/200 -------------------------------
Train Error: 
Accuracy: 84.12%, Avg loss: 0.830509 

Validate Error: 
 Accuracy: 48.53%, Avg loss: 2.178659 

Epoch 81/200 -------------------------------
Train Error: 
Accuracy: 83.24%, Avg loss: 0.815872 

Validate Error: 
 Accuracy: 46.96%, Avg loss: 2.234454 

Epoch 82/200 -------------------------------
Train Error: 
Accuracy: 84.71%, Avg loss: 0.769912 

Validate Error: 
 Accuracy: 47.16%, Avg loss: 2.181963 

Epoch 83/200 -------------------------------
Train Error: 
Accuracy: 82.55%, Avg loss: 0.815460 

Validate Error: 
 Accuracy: 48.33%, Avg loss: 2.152727 

Epoch 84/200 -------------------------------
Train Error: 
Accuracy: 84.71%, Avg loss: 0.773470 

Validate Error: 
 Accuracy: 48.63%, Avg loss: 2.221133 

Epoch 85/200 -------------------------------
Train Error: 
Accuracy: 82.75%, Avg loss: 0.811310 

Validate Error: 
 Accuracy: 47.25%, Avg loss: 2.247356 

Epoch 86/200 -------------------------------
Train Error: 
Accuracy: 85.00%, Avg loss: 0.778855 

Validate Error: 
 Accuracy: 48.53%, Avg loss: 2.174248 

Epoch 87/200 -------------------------------
Train Error: 
Accuracy: 84.22%, Avg loss: 0.746102 

Validate Error: 
 Accuracy: 44.31%, Avg loss: 2.276743 

Epoch 88/200 -------------------------------
Train Error: 
Accuracy: 84.41%, Avg loss: 0.756298 

Validate Error: 
 Accuracy: 49.51%, Avg loss: 2.197021 

Epoch 89/200 -------------------------------
Train Error: 
Accuracy: 85.98%, Avg loss: 0.722543 

Validate Error: 
 Accuracy: 48.14%, Avg loss: 2.241149 

Epoch 90/200 -------------------------------
Train Error: 
Accuracy: 85.98%, Avg loss: 0.740986 

Validate Error: 
 Accuracy: 47.55%, Avg loss: 2.210536 

Epoch 91/200 -------------------------------
Train Error: 
Accuracy: 86.96%, Avg loss: 0.716264 

Validate Error: 
 Accuracy: 48.14%, Avg loss: 2.225831 

Epoch 92/200 -------------------------------
Train Error: 
Accuracy: 89.12%, Avg loss: 0.677275 

Validate Error: 
 Accuracy: 48.14%, Avg loss: 2.205386 

Epoch 93/200 -------------------------------
Train Error: 
Accuracy: 88.14%, Avg loss: 0.694888 

Validate Error: 
 Accuracy: 49.71%, Avg loss: 2.205902 

Epoch 94/200 -------------------------------
Train Error: 
Accuracy: 84.31%, Avg loss: 0.718352 

Validate Error: 
 Accuracy: 47.45%, Avg loss: 2.196817 

Epoch 95/200 -------------------------------
Train Error: 
Accuracy: 86.67%, Avg loss: 0.696380 

Validate Error: 
 Accuracy: 47.75%, Avg loss: 2.190329 

Epoch 96/200 -------------------------------
Train Error: 
Accuracy: 88.63%, Avg loss: 0.668660 

Validate Error: 
 Accuracy: 50.20%, Avg loss: 2.142160 

Epoch 97/200 -------------------------------
Train Error: 
Accuracy: 87.75%, Avg loss: 0.648859 

Validate Error: 
 Accuracy: 49.12%, Avg loss: 2.149016 

Epoch 98/200 -------------------------------
Train Error: 
Accuracy: 87.94%, Avg loss: 0.659799 

Validate Error: 
 Accuracy: 49.90%, Avg loss: 2.156667 

Epoch 99/200 -------------------------------
Train Error: 
Accuracy: 88.24%, Avg loss: 0.658818 

Validate Error: 
 Accuracy: 47.75%, Avg loss: 2.150149 

Epoch 100/200 -------------------------------
Train Error: 
Accuracy: 87.55%, Avg loss: 0.659675 

Validate Error: 
 Accuracy: 48.82%, Avg loss: 2.252880 

Epoch 101/200 -------------------------------
Train Error: 
Accuracy: 88.63%, Avg loss: 0.649972 

Validate Error: 
 Accuracy: 48.92%, Avg loss: 2.200471 

Epoch 102/200 -------------------------------
Train Error: 
Accuracy: 89.12%, Avg loss: 0.638159 

Validate Error: 
 Accuracy: 47.84%, Avg loss: 2.195812 

Epoch 103/200 -------------------------------
Train Error: 
Accuracy: 87.94%, Avg loss: 0.657606 

Validate Error: 
 Accuracy: 49.80%, Avg loss: 2.189410 

Epoch 104/200 -------------------------------
Train Error: 
Accuracy: 88.82%, Avg loss: 0.629519 

Validate Error: 
 Accuracy: 51.27%, Avg loss: 2.119354 

Epoch 105/200 -------------------------------
Train Error: 
Accuracy: 91.47%, Avg loss: 0.566122 

Validate Error: 
 Accuracy: 49.02%, Avg loss: 2.187631 

Epoch 106/200 -------------------------------
Train Error: 
Accuracy: 89.80%, Avg loss: 0.597514 

Validate Error: 
 Accuracy: 50.39%, Avg loss: 2.152847 

Epoch 107/200 -------------------------------
Train Error: 
Accuracy: 88.33%, Avg loss: 0.617085 

Validate Error: 
 Accuracy: 48.92%, Avg loss: 2.191865 

Epoch 108/200 -------------------------------
Train Error: 
Accuracy: 89.90%, Avg loss: 0.586643 

Validate Error: 
 Accuracy: 49.12%, Avg loss: 2.189240 

Epoch 109/200 -------------------------------
Train Error: 
Accuracy: 90.00%, Avg loss: 0.574794 

Validate Error: 
 Accuracy: 51.37%, Avg loss: 2.150570 

Epoch 110/200 -------------------------------
Train Error: 
Accuracy: 90.29%, Avg loss: 0.591755 

Validate Error: 
 Accuracy: 48.14%, Avg loss: 2.106867 

Epoch 111/200 -------------------------------
Train Error: 
Accuracy: 89.90%, Avg loss: 0.591072 

Validate Error: 
 Accuracy: 49.71%, Avg loss: 2.130258 

Epoch 112/200 -------------------------------
Train Error: 
Accuracy: 91.67%, Avg loss: 0.543955 

Validate Error: 
 Accuracy: 51.76%, Avg loss: 2.201680 

Epoch 113/200 -------------------------------
Train Error: 
Accuracy: 91.18%, Avg loss: 0.555301 

Validate Error: 
 Accuracy: 45.98%, Avg loss: 2.242898 

Epoch 114/200 -------------------------------
Train Error: 
Accuracy: 91.18%, Avg loss: 0.556299 

Validate Error: 
 Accuracy: 48.24%, Avg loss: 2.207201 

Epoch 115/200 -------------------------------
Train Error: 
Accuracy: 91.96%, Avg loss: 0.550836 

Validate Error: 
 Accuracy: 50.00%, Avg loss: 2.119612 

Epoch 116/200 -------------------------------
Train Error: 
Accuracy: 91.76%, Avg loss: 0.536091 

Validate Error: 
 Accuracy: 49.51%, Avg loss: 2.187305 

Epoch 117/200 -------------------------------
Train Error: 
Accuracy: 91.67%, Avg loss: 0.531606 

Validate Error: 
 Accuracy: 48.73%, Avg loss: 2.221619 

Epoch 118/200 -------------------------------
Train Error: 
Accuracy: 91.37%, Avg loss: 0.526354 

Validate Error: 
 Accuracy: 51.08%, Avg loss: 2.188012 

Epoch 119/200 -------------------------------
Train Error: 
Accuracy: 91.18%, Avg loss: 0.550716 

Validate Error: 
 Accuracy: 49.61%, Avg loss: 2.167685 

Epoch 120/200 -------------------------------
Train Error: 
Accuracy: 92.16%, Avg loss: 0.531465 

Validate Error: 
 Accuracy: 47.45%, Avg loss: 2.154131 

Epoch 121/200 -------------------------------
Train Error: 
Accuracy: 92.75%, Avg loss: 0.528199 

Validate Error: 
 Accuracy: 51.08%, Avg loss: 2.189613 

Epoch 122/200 -------------------------------
Train Error: 
Accuracy: 92.84%, Avg loss: 0.517381 

Validate Error: 
 Accuracy: 48.73%, Avg loss: 2.218258 

Epoch 123/200 -------------------------------
Train Error: 
Accuracy: 91.67%, Avg loss: 0.495796 

Validate Error: 
 Accuracy: 49.31%, Avg loss: 2.269519 

Epoch 124/200 -------------------------------
Train Error: 
Accuracy: 93.63%, Avg loss: 0.475606 

Validate Error: 
 Accuracy: 50.88%, Avg loss: 2.161143 

Epoch 125/200 -------------------------------
Train Error: 
Accuracy: 92.84%, Avg loss: 0.491810 

Validate Error: 
 Accuracy: 49.41%, Avg loss: 2.164120 

Epoch 126/200 -------------------------------
Train Error: 
Accuracy: 91.57%, Avg loss: 0.526588 

Validate Error: 
 Accuracy: 51.76%, Avg loss: 2.260204 

Epoch 127/200 -------------------------------
Train Error: 
Accuracy: 91.86%, Avg loss: 0.521839 

Validate Error: 
 Accuracy: 49.61%, Avg loss: 2.249194 

Epoch 128/200 -------------------------------
Train Error: 
Accuracy: 93.43%, Avg loss: 0.484393 

Validate Error: 
 Accuracy: 49.22%, Avg loss: 2.167096 

Epoch 129/200 -------------------------------
Train Error: 
Accuracy: 93.33%, Avg loss: 0.474025 

Validate Error: 
 Accuracy: 50.20%, Avg loss: 2.222382 

Epoch 130/200 -------------------------------
Train Error: 
Accuracy: 92.65%, Avg loss: 0.482170 

Validate Error: 
 Accuracy: 51.86%, Avg loss: 2.119099 

Epoch 131/200 -------------------------------
Train Error: 
Accuracy: 93.73%, Avg loss: 0.477238 

Validate Error: 
 Accuracy: 51.57%, Avg loss: 2.155786 

Epoch 132/200 -------------------------------
Train Error: 
Accuracy: 94.51%, Avg loss: 0.457750 

Validate Error: 
 Accuracy: 53.14%, Avg loss: 2.182942 

Epoch 133/200 -------------------------------
Train Error: 
Accuracy: 92.35%, Avg loss: 0.482562 

Validate Error: 
 Accuracy: 50.20%, Avg loss: 2.169506 

Epoch 134/200 -------------------------------
Train Error: 
Accuracy: 93.73%, Avg loss: 0.467863 

Validate Error: 
 Accuracy: 48.24%, Avg loss: 2.337661 

Epoch 135/200 -------------------------------
Train Error: 
Accuracy: 93.43%, Avg loss: 0.471143 

Validate Error: 
 Accuracy: 49.90%, Avg loss: 2.130424 

Epoch 136/200 -------------------------------
Train Error: 
Accuracy: 94.22%, Avg loss: 0.474685 

Validate Error: 
 Accuracy: 53.73%, Avg loss: 2.186990 

Epoch 137/200 -------------------------------
Train Error: 
Accuracy: 94.02%, Avg loss: 0.447925 

Validate Error: 
 Accuracy: 51.96%, Avg loss: 2.118929 

Epoch 138/200 -------------------------------
Train Error: 
Accuracy: 94.12%, Avg loss: 0.445866 

Validate Error: 
 Accuracy: 51.47%, Avg loss: 2.092541 

Epoch 139/200 -------------------------------
Train Error: 
Accuracy: 93.63%, Avg loss: 0.458567 

Validate Error: 
 Accuracy: 49.80%, Avg loss: 2.176638 

Epoch 140/200 -------------------------------
Train Error: 
Accuracy: 95.29%, Avg loss: 0.423373 

Validate Error: 
 Accuracy: 52.65%, Avg loss: 2.065519 

Epoch 141/200 -------------------------------
Train Error: 
Accuracy: 95.10%, Avg loss: 0.401045 

Validate Error: 
 Accuracy: 50.98%, Avg loss: 2.166781 

Epoch 142/200 -------------------------------
Train Error: 
Accuracy: 93.92%, Avg loss: 0.434501 

Validate Error: 
 Accuracy: 50.20%, Avg loss: 2.263153 

Epoch 143/200 -------------------------------
Train Error: 
Accuracy: 94.02%, Avg loss: 0.439762 

Validate Error: 
 Accuracy: 49.51%, Avg loss: 2.205289 

Epoch 144/200 -------------------------------
Train Error: 
Accuracy: 93.53%, Avg loss: 0.421905 

Validate Error: 
 Accuracy: 51.96%, Avg loss: 2.130907 

Epoch 145/200 -------------------------------
Train Error: 
Accuracy: 94.02%, Avg loss: 0.445939 

Validate Error: 
 Accuracy: 50.88%, Avg loss: 2.154756 

Epoch 146/200 -------------------------------
Train Error: 
Accuracy: 95.49%, Avg loss: 0.416000 

Validate Error: 
 Accuracy: 52.45%, Avg loss: 2.104266 

Epoch 147/200 -------------------------------
Train Error: 
Accuracy: 94.41%, Avg loss: 0.414257 

Validate Error: 
 Accuracy: 49.90%, Avg loss: 2.164499 

Epoch 148/200 -------------------------------
Train Error: 
Accuracy: 94.31%, Avg loss: 0.395803 

Validate Error: 
 Accuracy: 51.18%, Avg loss: 2.144533 

Epoch 149/200 -------------------------------
Train Error: 
Accuracy: 94.80%, Avg loss: 0.410398 

Validate Error: 
 Accuracy: 51.18%, Avg loss: 2.140454 

Epoch 150/200 -------------------------------
Train Error: 
Accuracy: 94.31%, Avg loss: 0.427263 

Validate Error: 
 Accuracy: 48.33%, Avg loss: 2.275966 

Epoch 151/200 -------------------------------
Train Error: 
Accuracy: 95.10%, Avg loss: 0.406204 

Validate Error: 
 Accuracy: 51.47%, Avg loss: 2.116734 

Epoch 152/200 -------------------------------
Train Error: 
Accuracy: 94.80%, Avg loss: 0.421222 

Validate Error: 
 Accuracy: 50.39%, Avg loss: 2.124521 

Epoch 153/200 -------------------------------
Train Error: 
Accuracy: 95.78%, Avg loss: 0.396361 

Validate Error: 
 Accuracy: 51.47%, Avg loss: 2.224281 

Epoch 154/200 -------------------------------
Train Error: 
Accuracy: 95.29%, Avg loss: 0.396395 

Validate Error: 
 Accuracy: 51.18%, Avg loss: 2.170297 

Epoch 155/200 -------------------------------
Train Error: 
Accuracy: 95.20%, Avg loss: 0.399173 

Validate Error: 
 Accuracy: 51.18%, Avg loss: 2.153760 

Epoch 156/200 -------------------------------
Train Error: 
Accuracy: 95.00%, Avg loss: 0.419193 

Validate Error: 
 Accuracy: 49.31%, Avg loss: 2.299216 

Epoch 157/200 -------------------------------
Train Error: 
Accuracy: 96.57%, Avg loss: 0.383420 

Validate Error: 
 Accuracy: 51.76%, Avg loss: 2.128000 

Epoch 158/200 -------------------------------
Train Error: 
Accuracy: 95.49%, Avg loss: 0.385344 

Validate Error: 
 Accuracy: 50.49%, Avg loss: 2.306791 

Epoch 159/200 -------------------------------
Train Error: 
Accuracy: 94.71%, Avg loss: 0.412526 

Validate Error: 
 Accuracy: 49.80%, Avg loss: 2.212384 

Epoch 160/200 -------------------------------
Train Error: 
Accuracy: 95.10%, Avg loss: 0.388492 

Validate Error: 
 Accuracy: 52.84%, Avg loss: 2.104709 

Epoch 161/200 -------------------------------
Train Error: 
Accuracy: 95.39%, Avg loss: 0.367705 

Validate Error: 
 Accuracy: 51.96%, Avg loss: 2.110877 

Epoch 162/200 -------------------------------
Train Error: 
Accuracy: 95.29%, Avg loss: 0.378115 

Validate Error: 
 Accuracy: 52.75%, Avg loss: 2.197620 

Epoch 163/200 -------------------------------
Train Error: 
Accuracy: 95.10%, Avg loss: 0.365959 

Validate Error: 
 Accuracy: 51.76%, Avg loss: 2.155835 

Epoch 164/200 -------------------------------
Train Error: 
Accuracy: 95.00%, Avg loss: 0.382174 

Validate Error: 
 Accuracy: 51.18%, Avg loss: 2.151402 

Epoch 165/200 -------------------------------
Train Error: 
Accuracy: 95.78%, Avg loss: 0.376939 

Validate Error: 
 Accuracy: 50.98%, Avg loss: 2.159838 

Epoch 166/200 -------------------------------
Train Error: 
Accuracy: 95.98%, Avg loss: 0.368789 

Validate Error: 
 Accuracy: 51.37%, Avg loss: 2.091227 

Epoch 167/200 -------------------------------
Train Error: 
Accuracy: 95.10%, Avg loss: 0.370860 

Validate Error: 
 Accuracy: 52.25%, Avg loss: 2.143193 

Epoch 168/200 -------------------------------
Train Error: 
Accuracy: 96.76%, Avg loss: 0.369132 

Validate Error: 
 Accuracy: 50.98%, Avg loss: 2.138462 

Epoch 169/200 -------------------------------
Train Error: 
Accuracy: 96.57%, Avg loss: 0.348988 

Validate Error: 
 Accuracy: 52.65%, Avg loss: 2.138954 

Epoch 170/200 -------------------------------
Train Error: 
Accuracy: 95.59%, Avg loss: 0.367655 

Validate Error: 
 Accuracy: 49.51%, Avg loss: 2.239842 

Epoch 171/200 -------------------------------
Train Error: 
Accuracy: 96.76%, Avg loss: 0.349784 

Validate Error: 
 Accuracy: 53.24%, Avg loss: 2.190872 

Epoch 172/200 -------------------------------
Train Error: 
Accuracy: 97.35%, Avg loss: 0.326879 

Validate Error: 
 Accuracy: 49.02%, Avg loss: 2.318830 

Epoch 173/200 -------------------------------
Train Error: 
Accuracy: 96.08%, Avg loss: 0.353706 

Validate Error: 
 Accuracy: 50.59%, Avg loss: 2.152637 

Epoch 174/200 -------------------------------
Train Error: 
Accuracy: 96.76%, Avg loss: 0.349981 

Validate Error: 
 Accuracy: 51.47%, Avg loss: 2.178426 

Epoch 175/200 -------------------------------
Train Error: 
Accuracy: 96.37%, Avg loss: 0.337403 

Validate Error: 
 Accuracy: 52.06%, Avg loss: 2.133823 

Epoch 176/200 -------------------------------
Train Error: 
Accuracy: 96.96%, Avg loss: 0.328061 

Validate Error: 
 Accuracy: 52.06%, Avg loss: 2.162285 

Epoch 177/200 -------------------------------
Train Error: 
Accuracy: 96.86%, Avg loss: 0.327273 

Validate Error: 
 Accuracy: 49.61%, Avg loss: 2.198042 

Epoch 178/200 -------------------------------
Train Error: 
Accuracy: 97.55%, Avg loss: 0.319289 

Validate Error: 
 Accuracy: 52.84%, Avg loss: 2.092325 

Epoch 179/200 -------------------------------
Train Error: 
Accuracy: 97.25%, Avg loss: 0.305810 

Validate Error: 
 Accuracy: 53.14%, Avg loss: 2.099110 

Epoch 180/200 -------------------------------
Train Error: 
Accuracy: 97.55%, Avg loss: 0.322469 

Validate Error: 
 Accuracy: 52.75%, Avg loss: 2.145474 

Epoch 181/200 -------------------------------
Train Error: 
Accuracy: 97.25%, Avg loss: 0.325847 

Validate Error: 
 Accuracy: 52.94%, Avg loss: 2.077420 

Epoch 182/200 -------------------------------
Train Error: 
Accuracy: 94.90%, Avg loss: 0.358826 

Validate Error: 
 Accuracy: 49.22%, Avg loss: 2.196599 

Epoch 183/200 -------------------------------
Train Error: 
Accuracy: 97.06%, Avg loss: 0.326674 

Validate Error: 
 Accuracy: 52.25%, Avg loss: 2.097113 

Epoch 184/200 -------------------------------
Train Error: 
Accuracy: 97.35%, Avg loss: 0.296398 

Validate Error: 
 Accuracy: 54.12%, Avg loss: 2.075900 

Epoch 185/200 -------------------------------
Train Error: 
Accuracy: 96.76%, Avg loss: 0.324672 

Validate Error: 
 Accuracy: 53.53%, Avg loss: 2.175082 

Epoch 186/200 -------------------------------
Train Error: 
Accuracy: 96.37%, Avg loss: 0.325893 

Validate Error: 
 Accuracy: 51.76%, Avg loss: 2.087995 

Epoch 187/200 -------------------------------
Train Error: 
Accuracy: 97.84%, Avg loss: 0.303698 

Validate Error: 
 Accuracy: 50.69%, Avg loss: 2.211373 

Epoch 188/200 -------------------------------
Train Error: 
Accuracy: 97.55%, Avg loss: 0.297792 

Validate Error: 
 Accuracy: 53.24%, Avg loss: 2.033220 

Epoch 189/200 -------------------------------
Train Error: 
Accuracy: 96.86%, Avg loss: 0.341299 

Validate Error: 
 Accuracy: 52.35%, Avg loss: 2.103898 

Epoch 190/200 -------------------------------
Train Error: 
Accuracy: 95.88%, Avg loss: 0.355497 

Validate Error: 
 Accuracy: 48.04%, Avg loss: 2.362771 

Epoch 191/200 -------------------------------
Train Error: 
Accuracy: 96.67%, Avg loss: 0.344487 

Validate Error: 
 Accuracy: 53.04%, Avg loss: 2.077579 

Epoch 192/200 -------------------------------
Train Error: 
Accuracy: 98.53%, Avg loss: 0.272927 

Validate Error: 
 Accuracy: 54.80%, Avg loss: 2.017564 

Epoch 193/200 -------------------------------
Train Error: 
Accuracy: 96.96%, Avg loss: 0.289911 

Validate Error: 
 Accuracy: 53.43%, Avg loss: 2.113440 

Epoch 194/200 -------------------------------
Train Error: 
Accuracy: 97.45%, Avg loss: 0.288696 

Validate Error: 
 Accuracy: 52.55%, Avg loss: 2.161987 

Epoch 195/200 -------------------------------
Train Error: 
Accuracy: 97.65%, Avg loss: 0.289975 

Validate Error: 
 Accuracy: 53.14%, Avg loss: 2.170229 

Epoch 196/200 -------------------------------
Train Error: 
Accuracy: 96.37%, Avg loss: 0.310102 

Validate Error: 
 Accuracy: 53.53%, Avg loss: 2.121776 

Epoch 197/200 -------------------------------
Train Error: 
Accuracy: 97.35%, Avg loss: 0.306180 

Validate Error: 
 Accuracy: 55.00%, Avg loss: 2.092886 

Epoch 198/200 -------------------------------
Train Error: 
Accuracy: 96.76%, Avg loss: 0.304976 

Validate Error: 
 Accuracy: 52.84%, Avg loss: 2.137987 

Epoch 199/200 -------------------------------
Train Error: 
Accuracy: 96.96%, Avg loss: 0.314898 

Validate Error: 
 Accuracy: 51.67%, Avg loss: 2.212149 

Epoch 200/200 -------------------------------
Train Error: 
Accuracy: 97.16%, Avg loss: 0.333873 

Validate Error: 
 Accuracy: 52.45%, Avg loss: 2.222341 

Test Error: 
 Accuracy: 47.06%, Avg loss: 2.427994 

#Hyperparameters
lr = 0.00001
momentum = 0
weight_decay = 0.05
dampening = 0

#Other
batch_size = 16
epochs = 200
{'train_loss': [4.638735115528107, 4.546045050024986, 4.403600417077541, 4.26268819719553, 4.123559348285198, 3.9770039841532707, 3.8226341642439365, 3.7031815722584724, 3.5748246051371098, 3.4251467622816563, 3.310349803417921, 3.1987382285296917, 3.083847153931856, 3.000628773123026, 2.8862827606499195, 2.81748179346323, 2.736400969326496, 2.620819065719843, 2.5728276073932648, 2.519217958673835, 2.483082989230752, 2.378110811114311, 2.321583531796932, 2.2695450857281685, 2.1918510254472494, 2.1522553991526365, 2.0933485589921474, 2.0565674528479576, 1.977636868134141, 1.9783084839582443, 1.9124701339751482, 1.8447649963200092, 1.8471501022577286, 1.7887009270489216, 1.761718625202775, 1.7378257811069489, 1.683401083573699, 1.6520819868892431, 1.6382234245538712, 1.6091331401839852, 1.549646571278572, 1.5529414461925626, 1.5303068542852998, 1.5117856385186315, 1.4631883474066854, 1.4124273769557476, 1.3799321074038744, 1.3690583128482103, 1.375394749455154, 1.3420312274247408, 1.3451343029737473, 1.2767270170152187, 1.2679681656882167, 1.213877072557807, 1.2551226085051894, 1.201195607893169, 1.1484738383442163, 1.1797911003232002, 1.1581451129168272, 1.1093888888135552, 1.093695062212646, 1.0932960957288742, 1.0571640711277723, 1.0463605402037501, 1.0146269956603646, 1.0514935376122594, 1.0251960279420018, 0.9987132428213954, 0.9576872307807207, 0.9771857364103198, 0.9665722297504544, 0.9365520784631371, 0.9330493221059442, 0.9128470662981272, 0.9072947455570102, 0.8737830379977822, 0.8801507377065718, 0.8419747850857675, 0.864761701785028, 0.8305091061629355, 0.8158722040243447, 0.7699115192517638, 0.8154596388339996, 0.7734697898849845, 0.8113103448413312, 0.778854688629508, 0.7461022906936705, 0.7562975930050015, 0.7225427972152829, 0.7409861455671489, 0.7162640341557562, 0.6772750015370548, 0.6948879854753613, 0.7183517622761428, 0.6963796084746718, 0.6686602868139744, 0.6488594268448651, 0.659799253102392, 0.6588178034871817, 0.6596747194416821, 0.6499717221595347, 0.6381586818024516, 0.6576055148616433, 0.6295186998322606, 0.5661224746145308, 0.5975143392570317, 0.6170846926979721, 0.5866434941999614, 0.5747944987379014, 0.5917550455778837, 0.5910715907812119, 0.543955298140645, 0.555300798965618, 0.556299012620002, 0.5508357170037925, 0.5360913285985589, 0.5316062727943063, 0.5263537750579417, 0.550715786870569, 0.5314646761398762, 0.5281989036593586, 0.5173813938163221, 0.49579587019979954, 0.47560578491538763, 0.49180988990701735, 0.5265881051309407, 0.5218392654787749, 0.48439324810169637, 0.4740248089656234, 0.4821701170876622, 0.4772376741748303, 0.45775030413642526, 0.48256241041235626, 0.4678629923146218, 0.4711431683972478, 0.4746853690594435, 0.44792482582852244, 0.4458659547381103, 0.4585670246742666, 0.4233727341052145, 0.4010450327768922, 0.434500579489395, 0.4397624300327152, 0.42190543888136744, 0.44593915482982993, 0.41600049706175923, 0.4142566171940416, 0.3958032759837806, 0.4103975447360426, 0.4272626016754657, 0.40620392677374184, 0.42122219456359744, 0.39636122342199087, 0.39639450889080763, 0.39917282154783607, 0.4191932522226125, 0.3834204024169594, 0.3853440929669887, 0.4125262515153736, 0.38849230227060616, 0.3677053698338568, 0.3781145962420851, 0.36595941649284214, 0.3821742758154869, 0.3769386091735214, 0.3687890744768083, 0.3708599987439811, 0.36913171457126737, 0.3489878037944436, 0.36765477852895856, 0.3497835360467434, 0.32687869598157704, 0.3537055980414152, 0.34998111682944, 0.33740257914178073, 0.3280611736699939, 0.3272732561454177, 0.3192889899946749, 0.30581046477891505, 0.3224694000091404, 0.3258467249106616, 0.35882647219114006, 0.32667372352443635, 0.2963984436355531, 0.32467189943417907, 0.32589340629056096, 0.3036979322787374, 0.2977917427197099, 0.3412992476951331, 0.35549736418761313, 0.3444868070073426, 0.2729274982120842, 0.2899113035527989, 0.2886960133910179, 0.28997484664432704, 0.31010169500950724, 0.3061798948328942, 0.3049759508576244, 0.3148984764702618, 0.3338734512217343], 'train_accuracy': [0.00784313725490196, 0.013725490196078431, 0.054901960784313725, 0.060784313725490195, 0.0803921568627451, 0.0892156862745098, 0.12254901960784313, 0.14705882352941177, 0.15196078431372548, 0.18823529411764706, 0.22941176470588234, 0.24509803921568626, 0.26666666666666666, 0.3156862745098039, 0.3362745098039216, 0.3362745098039216, 0.346078431372549, 0.3715686274509804, 0.3803921568627451, 0.4166666666666667, 0.4117647058823529, 0.44509803921568625, 0.4441176470588235, 0.45294117647058824, 0.47549019607843135, 0.5078431372549019, 0.4970588235294118, 0.5049019607843137, 0.5411764705882353, 0.5225490196078432, 0.5411764705882353, 0.5549019607843138, 0.5696078431372549, 0.5882352941176471, 0.5745098039215686, 0.5931372549019608, 0.5931372549019608, 0.6049019607843137, 0.6205882352941177, 0.6147058823529412, 0.6372549019607843, 0.6245098039215686, 0.6450980392156863, 0.6519607843137255, 0.6598039215686274, 0.6735294117647059, 0.6764705882352942, 0.6666666666666666, 0.6666666666666666, 0.6901960784313725, 0.6696078431372549, 0.6970588235294117, 0.7186274509803922, 0.7323529411764705, 0.7235294117647059, 0.7225490196078431, 0.7470588235294118, 0.7274509803921568, 0.75, 0.746078431372549, 0.753921568627451, 0.75, 0.7764705882352941, 0.7627450980392156, 0.7725490196078432, 0.7676470588235295, 0.7686274509803922, 0.7843137254901961, 0.7980392156862746, 0.7931372549019607, 0.7941176470588235, 0.7970588235294118, 0.7950980392156862, 0.8, 0.8049019607843138, 0.8166666666666667, 0.8284313725490197, 0.8323529411764706, 0.8176470588235294, 0.8411764705882353, 0.8323529411764706, 0.8470588235294118, 0.8254901960784313, 0.8470588235294118, 0.8274509803921568, 0.85, 0.842156862745098, 0.8441176470588235, 0.8598039215686275, 0.8598039215686275, 0.8696078431372549, 0.8911764705882353, 0.8813725490196078, 0.8431372549019608, 0.8666666666666667, 0.8862745098039215, 0.8774509803921569, 0.8794117647058823, 0.8823529411764706, 0.8754901960784314, 0.8862745098039215, 0.8911764705882353, 0.8794117647058823, 0.888235294117647, 0.9147058823529411, 0.8980392156862745, 0.8833333333333333, 0.8990196078431373, 0.9, 0.9029411764705882, 0.8990196078431373, 0.9166666666666666, 0.9117647058823529, 0.9117647058823529, 0.9196078431372549, 0.9176470588235294, 0.9166666666666666, 0.9137254901960784, 0.9117647058823529, 0.9215686274509803, 0.9274509803921569, 0.9284313725490196, 0.9166666666666666, 0.9362745098039216, 0.9284313725490196, 0.9156862745098039, 0.9186274509803921, 0.9343137254901961, 0.9333333333333333, 0.9264705882352942, 0.9372549019607843, 0.9450980392156862, 0.9235294117647059, 0.9372549019607843, 0.9343137254901961, 0.942156862745098, 0.9401960784313725, 0.9411764705882353, 0.9362745098039216, 0.9529411764705882, 0.9509803921568627, 0.9392156862745098, 0.9401960784313725, 0.9352941176470588, 0.9401960784313725, 0.9549019607843138, 0.9441176470588235, 0.9431372549019608, 0.9480392156862745, 0.9431372549019608, 0.9509803921568627, 0.9480392156862745, 0.957843137254902, 0.9529411764705882, 0.9519607843137254, 0.95, 0.9656862745098039, 0.9549019607843138, 0.9470588235294117, 0.9509803921568627, 0.953921568627451, 0.9529411764705882, 0.9509803921568627, 0.95, 0.957843137254902, 0.9598039215686275, 0.9509803921568627, 0.9676470588235294, 0.9656862745098039, 0.9558823529411765, 0.9676470588235294, 0.9735294117647059, 0.9607843137254902, 0.9676470588235294, 0.9637254901960784, 0.9696078431372549, 0.9686274509803922, 0.9754901960784313, 0.9725490196078431, 0.9754901960784313, 0.9725490196078431, 0.9490196078431372, 0.9705882352941176, 0.9735294117647059, 0.9676470588235294, 0.9637254901960784, 0.9784313725490196, 0.9754901960784313, 0.9686274509803922, 0.9588235294117647, 0.9666666666666667, 0.9852941176470589, 0.9696078431372549, 0.9745098039215686, 0.9764705882352941, 0.9637254901960784, 0.9735294117647059, 0.9676470588235294, 0.9696078431372549, 0.9715686274509804], 'val_loss': [4.556930251419544, 4.431466646492481, 4.274047568440437, 4.089694671332836, 3.9858555644750595, 3.7989299446344376, 3.7022582665085793, 3.5893880985677242, 3.488123305141926, 3.394511330872774, 3.2386084385216236, 3.203782059252262, 3.1756618432700634, 3.0723843313753605, 2.971198147162795, 2.9810149278491735, 2.8975857263430953, 2.8496036818251014, 2.765661094337702, 2.8419182980433106, 2.7102882666513324, 2.7421933198347688, 2.688184137456119, 2.6471425923518836, 2.58452114649117, 2.641120223328471, 2.625241981819272, 2.6515970127657056, 2.6058317190036178, 2.5968797407113016, 2.579465721733868, 2.5322136185131967, 2.5544128282926977, 2.4691511495038867, 2.6192141238134354, 2.537311198655516, 2.506588495336473, 2.484438889659941, 2.4494732902385294, 2.4637963413260877, 2.4300301435869187, 2.370902217924595, 2.4481179183349013, 2.4795950944535434, 2.3814717521891, 2.381649329327047, 2.3338619200512767, 2.3212032727897167, 2.3397052413783967, 2.340801603393629, 2.3339443164877594, 2.3066092227818444, 2.3578787280712277, 2.365851764800027, 2.3280791484285146, 2.2934787534177303, 2.2827446101000533, 2.2651558043435216, 2.3833161648362875, 2.2563863419927657, 2.3269405495375395, 2.2514217456337065, 2.406306129763834, 2.241222540847957, 2.2687344278674573, 2.2873587163630873, 2.2618169584311545, 2.2513720360584557, 2.2963384257163852, 2.2882526024477556, 2.205846882541664, 2.360296083847061, 2.272348108701408, 2.2356842508306727, 2.2976490409346297, 2.298113209195435, 2.286157427064609, 2.167634492041543, 2.146879299893044, 2.178658937336877, 2.2344535167794675, 2.181962851434946, 2.152726530097425, 2.2211329436395317, 2.2473564486717805, 2.1742475096834823, 2.2767431256361306, 2.197020830353722, 2.2411491558887064, 2.2105364515446126, 2.2258307947195135, 2.205385922221467, 2.205901603680104, 2.1968171796179377, 2.1903286644956097, 2.1421595938736573, 2.149016039678827, 2.1566665335558355, 2.1501494160620496, 2.2528798489365727, 2.20047081715893, 2.1958117528120056, 2.1894102807273157, 2.119353663700167, 2.1876308218343183, 2.1528466095915064, 2.1918651779997163, 2.1892396778566763, 2.150569796329364, 2.106867038179189, 2.130257876822725, 2.2016797304386273, 2.242897752788849, 2.207201111508766, 2.1196122623514384, 2.1873048086999916, 2.2216189957689494, 2.1880119374836795, 2.167685453547165, 2.1541309802560136, 2.1896130573004484, 2.2182578274514526, 2.2695192170795053, 2.1611431658966467, 2.164119593333453, 2.2602044127415866, 2.249193694384303, 2.1670962510397658, 2.2223816831829026, 2.1190992287592962, 2.155785631213803, 2.1829418857814744, 2.169505675032269, 2.3376610896666534, 2.130423897644505, 2.1869895044947043, 2.1189290524926037, 2.092541308142245, 2.1766378281172365, 2.0655187016236596, 2.166781485429965, 2.263152595493011, 2.2052887744503096, 2.1309065602254122, 2.1547561089973897, 2.1042656083591282, 2.1644989030901343, 2.1445333124138415, 2.140453871747013, 2.2759659960865974, 2.1167338617669884, 2.1245208780746907, 2.2242806535505224, 2.1702968823956326, 2.1537600260344334, 2.299215967010241, 2.1280000942060724, 2.3067909213132225, 2.2123840972199105, 2.10470932116732, 2.1108767554396763, 2.1976202261284925, 2.1558349492843263, 2.15140223671915, 2.159838387160562, 2.0912267771782354, 2.143193192430772, 2.1384621636243537, 2.1389535675989464, 2.2398418745724484, 2.190871897910256, 2.318829647032544, 2.152636805200018, 2.178426147234859, 2.133823269221466, 2.16228508669883, 2.198041964904405, 2.092324592813384, 2.099110463692341, 2.145474246586673, 2.0774201276362874, 2.196598541457206, 2.097112961811945, 2.0759003711864352, 2.175082071858924, 2.0879951301030815, 2.2113726173120085, 2.0332201314740814, 2.1038980812299997, 2.3627712033339776, 2.0775791285559535, 2.0175636427593417, 2.1134396306879353, 2.16198745300062, 2.1702294879360124, 2.121776112355292, 2.0928863541339524, 2.1379871005774476, 2.212149355269503, 2.2223412143066525], 'val_accuracy': [0.020588235294117647, 0.05588235294117647, 0.0696078431372549, 0.0696078431372549, 0.0803921568627451, 0.10882352941176471, 0.13333333333333333, 0.1480392156862745, 0.1627450980392157, 0.1931372549019608, 0.24019607843137256, 0.23921568627450981, 0.2647058823529412, 0.2754901960784314, 0.3088235294117647, 0.2754901960784314, 0.3029411764705882, 0.3215686274509804, 0.33137254901960783, 0.31176470588235294, 0.3431372549019608, 0.32254901960784316, 0.35784313725490197, 0.3509803921568627, 0.38529411764705884, 0.35294117647058826, 0.3627450980392157, 0.3382352941176471, 0.35784313725490197, 0.3843137254901961, 0.37254901960784315, 0.39509803921568626, 0.3931372549019608, 0.39705882352941174, 0.38529411764705884, 0.3980392156862745, 0.3941176470588235, 0.3941176470588235, 0.4088235294117647, 0.39019607843137255, 0.4215686274509804, 0.4137254901960784, 0.403921568627451, 0.4117647058823529, 0.4137254901960784, 0.41568627450980394, 0.4264705882352941, 0.4294117647058823, 0.43137254901960786, 0.4215686274509804, 0.44901960784313727, 0.4441176470588235, 0.4245098039215686, 0.43137254901960786, 0.4411764705882353, 0.4568627450980392, 0.4441176470588235, 0.45098039215686275, 0.4147058823529412, 0.4647058823529412, 0.45098039215686275, 0.4568627450980392, 0.4294117647058823, 0.45784313725490194, 0.45, 0.44313725490196076, 0.4627450980392157, 0.46372549019607845, 0.45588235294117646, 0.4411764705882353, 0.4696078431372549, 0.46078431372549017, 0.4725490196078431, 0.4715686274509804, 0.4696078431372549, 0.4725490196078431, 0.45588235294117646, 0.4823529411764706, 0.49411764705882355, 0.4852941176470588, 0.4696078431372549, 0.4715686274509804, 0.48333333333333334, 0.48627450980392156, 0.4725490196078431, 0.4852941176470588, 0.44313725490196076, 0.4950980392156863, 0.48137254901960785, 0.47549019607843135, 0.48137254901960785, 0.48137254901960785, 0.4970588235294118, 0.4745098039215686, 0.4774509803921569, 0.5019607843137255, 0.49117647058823527, 0.49901960784313726, 0.4774509803921569, 0.48823529411764705, 0.4892156862745098, 0.47843137254901963, 0.4980392156862745, 0.5127450980392156, 0.49019607843137253, 0.503921568627451, 0.4892156862745098, 0.49117647058823527, 0.5137254901960784, 0.48137254901960785, 0.4970588235294118, 0.5176470588235295, 0.4598039215686274, 0.4823529411764706, 0.5, 0.4950980392156863, 0.4872549019607843, 0.5107843137254902, 0.49607843137254903, 0.4745098039215686, 0.5107843137254902, 0.4872549019607843, 0.4931372549019608, 0.5088235294117647, 0.49411764705882355, 0.5176470588235295, 0.49607843137254903, 0.492156862745098, 0.5019607843137255, 0.5186274509803922, 0.515686274509804, 0.5313725490196078, 0.5019607843137255, 0.4823529411764706, 0.49901960784313726, 0.5372549019607843, 0.5196078431372549, 0.5147058823529411, 0.4980392156862745, 0.5264705882352941, 0.5098039215686274, 0.5019607843137255, 0.4950980392156863, 0.5196078431372549, 0.5088235294117647, 0.5245098039215687, 0.49901960784313726, 0.5117647058823529, 0.5117647058823529, 0.48333333333333334, 0.5147058823529411, 0.503921568627451, 0.5147058823529411, 0.5117647058823529, 0.5117647058823529, 0.4931372549019608, 0.5176470588235295, 0.5049019607843137, 0.4980392156862745, 0.5284313725490196, 0.5196078431372549, 0.5274509803921569, 0.5176470588235295, 0.5117647058823529, 0.5098039215686274, 0.5137254901960784, 0.5225490196078432, 0.5098039215686274, 0.5264705882352941, 0.4950980392156863, 0.5323529411764706, 0.49019607843137253, 0.5058823529411764, 0.5147058823529411, 0.5205882352941177, 0.5205882352941177, 0.49607843137254903, 0.5284313725490196, 0.5313725490196078, 0.5274509803921569, 0.5294117647058824, 0.492156862745098, 0.5225490196078432, 0.5411764705882353, 0.5352941176470588, 0.5176470588235295, 0.5068627450980392, 0.5323529411764706, 0.5235294117647059, 0.4803921568627451, 0.5303921568627451, 0.5480392156862746, 0.5343137254901961, 0.5254901960784314, 0.5313725490196078, 0.5352941176470588, 0.55, 0.5284313725490196, 0.5166666666666667, 0.5245098039215687]}

============================
 Job utilisation efficiency
============================

Job ID: 6676665
Cluster: viking2.yor.alces.network
User/Group: co788/clusterusers
State: COMPLETED (exit code 0)
Cores: 1
CPU Utilized: 02:27:52
CPU Efficiency: 99.11% of 02:29:12 core-walltime
Job Wall-clock time: 02:29:12
Memory Utilized: 1.92 GB
Memory Efficiency: 24.04% of 8.00 GB
 Requested wall clock time: 08:00:00
    Actual wall clock time: 02:29:12
Wall clock time efficiency: 31.1%
           Job queued time: 00:00:10
