Using cuda device
CNNv3(
  (convLayer1): Sequential(
    (0): Conv2d(3, 256, kernel_size=(3, 3), stride=(1, 1), padding=(1, 1))
    (1): BatchNorm2d(256, eps=1e-05, momentum=0.1, affine=True, track_running_stats=True)
    (2): ReLU()
    (3): Conv2d(256, 256, kernel_size=(3, 3), stride=(1, 1), padding=(1, 1))
    (4): BatchNorm2d(256, eps=1e-05, momentum=0.1, affine=True, track_running_stats=True)
    (5): ReLU()
    (6): MaxPool2d(kernel_size=2, stride=2, padding=0, dilation=1, ceil_mode=False)
  )
  (convLayer2): Sequential(
    (0): Conv2d(256, 256, kernel_size=(3, 3), stride=(1, 1), padding=(1, 1))
    (1): BatchNorm2d(256, eps=1e-05, momentum=0.1, affine=True, track_running_stats=True)
    (2): ReLU()
    (3): Conv2d(256, 256, kernel_size=(3, 3), stride=(1, 1), padding=(1, 1))
    (4): BatchNorm2d(256, eps=1e-05, momentum=0.1, affine=True, track_running_stats=True)
    (5): ReLU()
    (6): MaxPool2d(kernel_size=2, stride=2, padding=0, dilation=1, ceil_mode=False)
  )
  (convLayer3): Sequential(
    (0): Conv2d(256, 256, kernel_size=(3, 3), stride=(1, 1), padding=(1, 1))
    (1): BatchNorm2d(256, eps=1e-05, momentum=0.1, affine=True, track_running_stats=True)
    (2): ReLU()
    (3): Conv2d(256, 256, kernel_size=(3, 3), stride=(1, 1), padding=(1, 1))
    (4): BatchNorm2d(256, eps=1e-05, momentum=0.1, affine=True, track_running_stats=True)
    (5): ReLU()
    (6): MaxPool2d(kernel_size=2, stride=2, padding=0, dilation=1, ceil_mode=False)
  )
  (convLayer4): Sequential(
    (0): Conv2d(256, 256, kernel_size=(3, 3), stride=(1, 1), padding=(1, 1))
    (1): BatchNorm2d(256, eps=1e-05, momentum=0.1, affine=True, track_running_stats=True)
    (2): ReLU()
    (3): Conv2d(256, 256, kernel_size=(3, 3), stride=(1, 1), padding=(1, 1))
    (4): BatchNorm2d(256, eps=1e-05, momentum=0.1, affine=True, track_running_stats=True)
    (5): ReLU()
    (6): MaxPool2d(kernel_size=2, stride=2, padding=0, dilation=1, ceil_mode=False)
  )
  (classifier): Sequential(
    (0): Flatten(start_dim=1, end_dim=-1)
    (1): Linear(in_features=65536, out_features=1024, bias=True)
    (2): BatchNorm1d(1024, eps=1e-05, momentum=0.1, affine=True, track_running_stats=True)
    (3): ReLU()
    (4): Linear(in_features=1024, out_features=512, bias=True)
    (5): BatchNorm1d(512, eps=1e-05, momentum=0.1, affine=True, track_running_stats=True)
    (6): ReLU()
    (7): Linear(in_features=512, out_features=102, bias=True)
  )
)
Epoch 1/200 -------------------------------
Train Error: 
Accuracy: 2.75%, Avg loss: 4.548784 

Validate Error: 
 Accuracy: 8.33%, Avg loss: 4.303462 

Epoch 2/200 -------------------------------
Train Error: 
Accuracy: 9.80%, Avg loss: 4.243677 

Validate Error: 
 Accuracy: 12.65%, Avg loss: 4.077877 

Epoch 3/200 -------------------------------
Train Error: 
Accuracy: 15.39%, Avg loss: 4.024253 

Validate Error: 
 Accuracy: 17.65%, Avg loss: 3.880963 

Epoch 4/200 -------------------------------
Train Error: 
Accuracy: 18.24%, Avg loss: 3.864304 

Validate Error: 
 Accuracy: 20.78%, Avg loss: 3.744514 

Epoch 5/200 -------------------------------
Train Error: 
Accuracy: 21.76%, Avg loss: 3.734298 

Validate Error: 
 Accuracy: 23.14%, Avg loss: 3.632632 

Epoch 6/200 -------------------------------
Train Error: 
Accuracy: 27.65%, Avg loss: 3.587802 

Validate Error: 
 Accuracy: 24.80%, Avg loss: 3.563087 

Epoch 7/200 -------------------------------
Train Error: 
Accuracy: 29.12%, Avg loss: 3.498443 

Validate Error: 
 Accuracy: 26.47%, Avg loss: 3.456557 

Epoch 8/200 -------------------------------
Train Error: 
Accuracy: 33.04%, Avg loss: 3.390455 

Validate Error: 
 Accuracy: 29.80%, Avg loss: 3.409354 

Epoch 9/200 -------------------------------
Train Error: 
Accuracy: 36.76%, Avg loss: 3.291534 

Validate Error: 
 Accuracy: 30.69%, Avg loss: 3.314270 

Epoch 10/200 -------------------------------
Train Error: 
Accuracy: 37.16%, Avg loss: 3.241406 

Validate Error: 
 Accuracy: 32.55%, Avg loss: 3.233681 

Epoch 11/200 -------------------------------
Train Error: 
Accuracy: 39.80%, Avg loss: 3.155674 

Validate Error: 
 Accuracy: 33.82%, Avg loss: 3.176388 

Epoch 12/200 -------------------------------
Train Error: 
Accuracy: 43.92%, Avg loss: 3.062676 

Validate Error: 
 Accuracy: 34.41%, Avg loss: 3.200960 

Epoch 13/200 -------------------------------
Train Error: 
Accuracy: 44.90%, Avg loss: 3.018529 

Validate Error: 
 Accuracy: 35.78%, Avg loss: 3.118752 

Epoch 14/200 -------------------------------
Train Error: 
Accuracy: 48.14%, Avg loss: 2.949887 

Validate Error: 
 Accuracy: 36.86%, Avg loss: 3.082012 

Epoch 15/200 -------------------------------
Train Error: 
Accuracy: 48.43%, Avg loss: 2.909463 

Validate Error: 
 Accuracy: 38.63%, Avg loss: 3.056971 

Epoch 16/200 -------------------------------
Train Error: 
Accuracy: 50.59%, Avg loss: 2.829830 

Validate Error: 
 Accuracy: 38.33%, Avg loss: 2.980078 

Epoch 17/200 -------------------------------
Train Error: 
Accuracy: 53.43%, Avg loss: 2.767383 

Validate Error: 
 Accuracy: 40.39%, Avg loss: 2.954118 

Epoch 18/200 -------------------------------
Train Error: 
Accuracy: 55.29%, Avg loss: 2.727123 

Validate Error: 
 Accuracy: 39.90%, Avg loss: 2.959746 

Epoch 19/200 -------------------------------
Train Error: 
Accuracy: 56.47%, Avg loss: 2.661438 

Validate Error: 
 Accuracy: 41.86%, Avg loss: 2.904122 

Epoch 20/200 -------------------------------
Train Error: 
Accuracy: 58.73%, Avg loss: 2.608726 

Validate Error: 
 Accuracy: 40.20%, Avg loss: 2.900839 

Epoch 21/200 -------------------------------
Train Error: 
Accuracy: 58.92%, Avg loss: 2.582515 

Validate Error: 
 Accuracy: 41.27%, Avg loss: 2.872441 

Epoch 22/200 -------------------------------
Train Error: 
Accuracy: 60.10%, Avg loss: 2.550871 

Validate Error: 
 Accuracy: 42.65%, Avg loss: 2.849571 

Epoch 23/200 -------------------------------
Train Error: 
Accuracy: 61.47%, Avg loss: 2.501586 

Validate Error: 
 Accuracy: 44.12%, Avg loss: 2.842326 

Epoch 24/200 -------------------------------
Train Error: 
Accuracy: 63.43%, Avg loss: 2.432217 

Validate Error: 
 Accuracy: 42.45%, Avg loss: 2.854906 

Epoch 25/200 -------------------------------
Train Error: 
Accuracy: 64.71%, Avg loss: 2.410158 

Validate Error: 
 Accuracy: 43.24%, Avg loss: 2.747987 

Epoch 26/200 -------------------------------
Train Error: 
Accuracy: 65.20%, Avg loss: 2.364712 

Validate Error: 
 Accuracy: 45.49%, Avg loss: 2.715305 

Epoch 27/200 -------------------------------
Train Error: 
Accuracy: 67.35%, Avg loss: 2.316774 

Validate Error: 
 Accuracy: 44.71%, Avg loss: 2.740884 

Epoch 28/200 -------------------------------
Train Error: 
Accuracy: 67.55%, Avg loss: 2.296226 

Validate Error: 
 Accuracy: 45.39%, Avg loss: 2.743675 

Epoch 29/200 -------------------------------
Train Error: 
Accuracy: 68.14%, Avg loss: 2.277115 

Validate Error: 
 Accuracy: 45.49%, Avg loss: 2.713568 

Epoch 30/200 -------------------------------
Train Error: 
Accuracy: 70.69%, Avg loss: 2.202712 

Validate Error: 
 Accuracy: 45.00%, Avg loss: 2.720685 

Epoch 31/200 -------------------------------
Train Error: 
Accuracy: 72.75%, Avg loss: 2.157396 

Validate Error: 
 Accuracy: 46.57%, Avg loss: 2.667936 

Epoch 32/200 -------------------------------
Train Error: 
Accuracy: 70.88%, Avg loss: 2.154994 

Validate Error: 
 Accuracy: 45.00%, Avg loss: 2.678815 

Epoch 33/200 -------------------------------
Train Error: 
Accuracy: 72.75%, Avg loss: 2.129653 

Validate Error: 
 Accuracy: 46.86%, Avg loss: 2.686326 

Epoch 34/200 -------------------------------
Train Error: 
Accuracy: 74.80%, Avg loss: 2.069042 

Validate Error: 
 Accuracy: 47.55%, Avg loss: 2.652670 

Epoch 35/200 -------------------------------
Train Error: 
Accuracy: 75.69%, Avg loss: 2.039493 

Validate Error: 
 Accuracy: 47.94%, Avg loss: 2.621640 

Epoch 36/200 -------------------------------
Train Error: 
Accuracy: 77.35%, Avg loss: 1.988390 

Validate Error: 
 Accuracy: 46.47%, Avg loss: 2.617036 

Epoch 37/200 -------------------------------
Train Error: 
Accuracy: 76.57%, Avg loss: 1.977314 

Validate Error: 
 Accuracy: 47.65%, Avg loss: 2.627850 

Epoch 38/200 -------------------------------
Train Error: 
Accuracy: 78.43%, Avg loss: 1.923606 

Validate Error: 
 Accuracy: 46.08%, Avg loss: 2.606215 

Epoch 39/200 -------------------------------
Train Error: 
Accuracy: 78.82%, Avg loss: 1.927477 

Validate Error: 
 Accuracy: 46.96%, Avg loss: 2.609177 

Epoch 40/200 -------------------------------
Train Error: 
Accuracy: 80.00%, Avg loss: 1.883577 

Validate Error: 
 Accuracy: 49.12%, Avg loss: 2.550002 

Epoch 41/200 -------------------------------
Train Error: 
Accuracy: 79.90%, Avg loss: 1.880023 

Validate Error: 
 Accuracy: 46.86%, Avg loss: 2.589331 

Epoch 42/200 -------------------------------
Train Error: 
Accuracy: 80.88%, Avg loss: 1.817785 

Validate Error: 
 Accuracy: 48.24%, Avg loss: 2.559593 

Epoch 43/200 -------------------------------
Train Error: 
Accuracy: 83.14%, Avg loss: 1.775123 

Validate Error: 
 Accuracy: 47.16%, Avg loss: 2.589472 

Epoch 44/200 -------------------------------
Train Error: 
Accuracy: 82.45%, Avg loss: 1.781306 

Validate Error: 
 Accuracy: 46.76%, Avg loss: 2.584306 

Epoch 45/200 -------------------------------
Train Error: 
Accuracy: 82.25%, Avg loss: 1.764063 

Validate Error: 
 Accuracy: 49.12%, Avg loss: 2.566498 

Epoch 46/200 -------------------------------
Train Error: 
Accuracy: 83.53%, Avg loss: 1.741174 

Validate Error: 
 Accuracy: 48.43%, Avg loss: 2.538227 

Epoch 47/200 -------------------------------
Train Error: 
Accuracy: 82.75%, Avg loss: 1.743786 

Validate Error: 
 Accuracy: 47.84%, Avg loss: 2.548012 

Epoch 48/200 -------------------------------
Train Error: 
Accuracy: 84.31%, Avg loss: 1.675130 

Validate Error: 
 Accuracy: 49.71%, Avg loss: 2.505058 

Epoch 49/200 -------------------------------
Train Error: 
Accuracy: 85.39%, Avg loss: 1.642305 

Validate Error: 
 Accuracy: 48.82%, Avg loss: 2.513878 

Epoch 50/200 -------------------------------
Train Error: 
Accuracy: 86.96%, Avg loss: 1.601867 

Validate Error: 
 Accuracy: 48.24%, Avg loss: 2.587907 

Epoch 51/200 -------------------------------
Train Error: 
Accuracy: 84.61%, Avg loss: 1.598557 

Validate Error: 
 Accuracy: 48.82%, Avg loss: 2.514280 

Epoch 52/200 -------------------------------
Train Error: 
Accuracy: 88.73%, Avg loss: 1.563140 

Validate Error: 
 Accuracy: 48.92%, Avg loss: 2.544011 

Epoch 53/200 -------------------------------
Train Error: 
Accuracy: 86.96%, Avg loss: 1.521727 

Validate Error: 
 Accuracy: 48.04%, Avg loss: 2.541459 

Epoch 54/200 -------------------------------
Train Error: 
Accuracy: 88.04%, Avg loss: 1.526425 

Validate Error: 
 Accuracy: 50.10%, Avg loss: 2.487500 

Epoch 55/200 -------------------------------
Train Error: 
Accuracy: 89.22%, Avg loss: 1.507363 

Validate Error: 
 Accuracy: 51.47%, Avg loss: 2.461552 

Epoch 56/200 -------------------------------
Train Error: 
Accuracy: 87.06%, Avg loss: 1.484777 

Validate Error: 
 Accuracy: 49.51%, Avg loss: 2.471492 

Epoch 57/200 -------------------------------
Train Error: 
Accuracy: 88.33%, Avg loss: 1.492386 

Validate Error: 
 Accuracy: 49.80%, Avg loss: 2.463960 

Epoch 58/200 -------------------------------
Train Error: 
Accuracy: 90.49%, Avg loss: 1.397040 

Validate Error: 
 Accuracy: 50.69%, Avg loss: 2.469110 

Epoch 59/200 -------------------------------
Train Error: 
Accuracy: 90.49%, Avg loss: 1.405769 

Validate Error: 
 Accuracy: 50.59%, Avg loss: 2.472125 

Epoch 60/200 -------------------------------
Train Error: 
Accuracy: 89.61%, Avg loss: 1.412963 

Validate Error: 
 Accuracy: 50.29%, Avg loss: 2.471979 

Epoch 61/200 -------------------------------
Train Error: 
Accuracy: 91.18%, Avg loss: 1.400413 

Validate Error: 
 Accuracy: 48.73%, Avg loss: 2.501492 

Epoch 62/200 -------------------------------
Train Error: 
Accuracy: 90.98%, Avg loss: 1.352456 

Validate Error: 
 Accuracy: 50.29%, Avg loss: 2.480265 

Epoch 63/200 -------------------------------
Train Error: 
Accuracy: 90.69%, Avg loss: 1.356849 

Validate Error: 
 Accuracy: 49.61%, Avg loss: 2.493699 

Epoch 64/200 -------------------------------
Train Error: 
Accuracy: 91.27%, Avg loss: 1.340352 

Validate Error: 
 Accuracy: 51.57%, Avg loss: 2.494392 

Epoch 65/200 -------------------------------
Train Error: 
Accuracy: 91.96%, Avg loss: 1.298150 

Validate Error: 
 Accuracy: 50.98%, Avg loss: 2.476954 

Epoch 66/200 -------------------------------
Train Error: 
Accuracy: 91.96%, Avg loss: 1.293681 

Validate Error: 
 Accuracy: 52.16%, Avg loss: 2.417889 

Epoch 67/200 -------------------------------
Train Error: 
Accuracy: 91.96%, Avg loss: 1.263439 

Validate Error: 
 Accuracy: 51.27%, Avg loss: 2.415436 

Epoch 68/200 -------------------------------
Train Error: 
Accuracy: 91.67%, Avg loss: 1.266527 

Validate Error: 
 Accuracy: 50.20%, Avg loss: 2.483181 

Epoch 69/200 -------------------------------
Train Error: 
Accuracy: 91.76%, Avg loss: 1.283335 

Validate Error: 
 Accuracy: 50.78%, Avg loss: 2.449424 

Epoch 70/200 -------------------------------
Train Error: 
Accuracy: 92.16%, Avg loss: 1.246574 

Validate Error: 
 Accuracy: 51.47%, Avg loss: 2.398996 

Epoch 71/200 -------------------------------
Train Error: 
Accuracy: 92.35%, Avg loss: 1.201970 

Validate Error: 
 Accuracy: 52.65%, Avg loss: 2.382279 

Epoch 72/200 -------------------------------
Train Error: 
Accuracy: 94.02%, Avg loss: 1.192963 

Validate Error: 
 Accuracy: 51.37%, Avg loss: 2.430603 

Epoch 73/200 -------------------------------
Train Error: 
Accuracy: 94.61%, Avg loss: 1.177888 

Validate Error: 
 Accuracy: 51.86%, Avg loss: 2.454041 

Epoch 74/200 -------------------------------
Train Error: 
Accuracy: 93.73%, Avg loss: 1.177694 

Validate Error: 
 Accuracy: 51.96%, Avg loss: 2.375424 

Epoch 75/200 -------------------------------
Train Error: 
Accuracy: 93.73%, Avg loss: 1.161111 

Validate Error: 
 Accuracy: 50.78%, Avg loss: 2.382429 

Epoch 76/200 -------------------------------
Train Error: 
Accuracy: 92.65%, Avg loss: 1.154825 

Validate Error: 
 Accuracy: 52.06%, Avg loss: 2.389544 

Epoch 77/200 -------------------------------
Train Error: 
Accuracy: 94.71%, Avg loss: 1.108600 

Validate Error: 
 Accuracy: 51.96%, Avg loss: 2.400469 

Epoch 78/200 -------------------------------
Train Error: 
Accuracy: 95.29%, Avg loss: 1.093429 

Validate Error: 
 Accuracy: 53.33%, Avg loss: 2.366944 

Epoch 79/200 -------------------------------
Train Error: 
Accuracy: 94.12%, Avg loss: 1.102316 

Validate Error: 
 Accuracy: 52.16%, Avg loss: 2.364566 

Epoch 80/200 -------------------------------
Train Error: 
Accuracy: 96.57%, Avg loss: 1.044180 

Validate Error: 
 Accuracy: 50.59%, Avg loss: 2.428131 

Epoch 81/200 -------------------------------
Train Error: 
Accuracy: 96.76%, Avg loss: 1.037344 

Validate Error: 
 Accuracy: 51.18%, Avg loss: 2.357326 

Epoch 82/200 -------------------------------
Train Error: 
Accuracy: 96.57%, Avg loss: 1.023845 

Validate Error: 
 Accuracy: 54.12%, Avg loss: 2.361210 

Epoch 83/200 -------------------------------
Train Error: 
Accuracy: 95.59%, Avg loss: 1.048912 

Validate Error: 
 Accuracy: 51.37%, Avg loss: 2.385438 

Epoch 84/200 -------------------------------
Train Error: 
Accuracy: 94.71%, Avg loss: 1.023270 

Validate Error: 
 Accuracy: 52.65%, Avg loss: 2.355709 

Epoch 85/200 -------------------------------
Train Error: 
Accuracy: 95.88%, Avg loss: 0.981880 

Validate Error: 
 Accuracy: 52.75%, Avg loss: 2.400292 

Epoch 86/200 -------------------------------
Train Error: 
Accuracy: 95.20%, Avg loss: 0.983832 

Validate Error: 
 Accuracy: 52.94%, Avg loss: 2.321369 

Epoch 87/200 -------------------------------
Train Error: 
Accuracy: 95.59%, Avg loss: 0.977794 

Validate Error: 
 Accuracy: 52.35%, Avg loss: 2.349556 

Epoch 88/200 -------------------------------
Train Error: 
Accuracy: 95.39%, Avg loss: 0.973115 

Validate Error: 
 Accuracy: 53.14%, Avg loss: 2.364069 

Epoch 89/200 -------------------------------
Train Error: 
Accuracy: 95.88%, Avg loss: 0.980476 

Validate Error: 
 Accuracy: 54.12%, Avg loss: 2.349484 

Epoch 90/200 -------------------------------
Train Error: 
Accuracy: 97.45%, Avg loss: 0.929201 

Validate Error: 
 Accuracy: 52.45%, Avg loss: 2.365928 

Epoch 91/200 -------------------------------
Train Error: 
Accuracy: 96.76%, Avg loss: 0.917410 

Validate Error: 
 Accuracy: 52.55%, Avg loss: 2.342904 

Epoch 92/200 -------------------------------
Train Error: 
Accuracy: 96.76%, Avg loss: 0.941052 

Validate Error: 
 Accuracy: 52.94%, Avg loss: 2.356580 

Epoch 93/200 -------------------------------
Train Error: 
Accuracy: 96.96%, Avg loss: 0.901236 

Validate Error: 
 Accuracy: 54.22%, Avg loss: 2.335050 

Epoch 94/200 -------------------------------
Train Error: 
Accuracy: 97.35%, Avg loss: 0.889202 

Validate Error: 
 Accuracy: 52.75%, Avg loss: 2.411004 

Epoch 95/200 -------------------------------
Train Error: 
Accuracy: 97.35%, Avg loss: 0.858892 

Validate Error: 
 Accuracy: 51.76%, Avg loss: 2.335029 

Epoch 96/200 -------------------------------
Train Error: 
Accuracy: 96.37%, Avg loss: 0.895957 

Validate Error: 
 Accuracy: 54.80%, Avg loss: 2.328388 

Epoch 97/200 -------------------------------
Train Error: 
Accuracy: 97.06%, Avg loss: 0.839459 

Validate Error: 
 Accuracy: 52.94%, Avg loss: 2.324028 

Epoch 98/200 -------------------------------
Train Error: 
Accuracy: 96.67%, Avg loss: 0.864631 

Validate Error: 
 Accuracy: 53.33%, Avg loss: 2.318819 

Epoch 99/200 -------------------------------
Train Error: 
Accuracy: 96.57%, Avg loss: 0.868062 

Validate Error: 
 Accuracy: 54.02%, Avg loss: 2.323034 

Epoch 100/200 -------------------------------
Train Error: 
Accuracy: 97.65%, Avg loss: 0.843054 

Validate Error: 
 Accuracy: 54.22%, Avg loss: 2.342520 

Epoch 101/200 -------------------------------
Train Error: 
Accuracy: 97.94%, Avg loss: 0.820407 

Validate Error: 
 Accuracy: 54.90%, Avg loss: 2.313956 

Epoch 102/200 -------------------------------
Train Error: 
Accuracy: 97.45%, Avg loss: 0.835270 

Validate Error: 
 Accuracy: 52.65%, Avg loss: 2.319273 

Epoch 103/200 -------------------------------
Train Error: 
Accuracy: 97.65%, Avg loss: 0.853463 

Validate Error: 
 Accuracy: 52.84%, Avg loss: 2.315218 

Epoch 104/200 -------------------------------
Train Error: 
Accuracy: 97.35%, Avg loss: 0.822873 

Validate Error: 
 Accuracy: 54.02%, Avg loss: 2.302980 

Epoch 105/200 -------------------------------
Train Error: 
Accuracy: 97.55%, Avg loss: 0.832867 

Validate Error: 
 Accuracy: 54.61%, Avg loss: 2.270221 

Epoch 106/200 -------------------------------
Train Error: 
Accuracy: 96.18%, Avg loss: 0.828007 

Validate Error: 
 Accuracy: 53.43%, Avg loss: 2.345699 

Epoch 107/200 -------------------------------
Train Error: 
Accuracy: 98.53%, Avg loss: 0.796233 

Validate Error: 
 Accuracy: 53.63%, Avg loss: 2.275670 

Epoch 108/200 -------------------------------
Train Error: 
Accuracy: 97.35%, Avg loss: 0.796045 

Validate Error: 
 Accuracy: 54.02%, Avg loss: 2.308550 

Epoch 109/200 -------------------------------
Train Error: 
Accuracy: 98.04%, Avg loss: 0.774276 

Validate Error: 
 Accuracy: 54.12%, Avg loss: 2.290295 

Epoch 110/200 -------------------------------
Train Error: 
Accuracy: 98.53%, Avg loss: 0.759608 

Validate Error: 
 Accuracy: 52.65%, Avg loss: 2.308954 

Epoch 111/200 -------------------------------
Train Error: 
Accuracy: 98.14%, Avg loss: 0.745878 

Validate Error: 
 Accuracy: 53.82%, Avg loss: 2.332445 

Epoch 112/200 -------------------------------
Train Error: 
Accuracy: 97.55%, Avg loss: 0.758974 

Validate Error: 
 Accuracy: 53.53%, Avg loss: 2.282889 

Epoch 113/200 -------------------------------
Train Error: 
Accuracy: 97.94%, Avg loss: 0.759779 

Validate Error: 
 Accuracy: 53.73%, Avg loss: 2.308953 

Epoch 114/200 -------------------------------
Train Error: 
Accuracy: 98.14%, Avg loss: 0.707820 

Validate Error: 
 Accuracy: 54.31%, Avg loss: 2.322906 

Epoch 115/200 -------------------------------
Train Error: 
Accuracy: 98.82%, Avg loss: 0.710811 

Validate Error: 
 Accuracy: 53.43%, Avg loss: 2.308461 

Epoch 116/200 -------------------------------
Train Error: 
Accuracy: 96.37%, Avg loss: 0.770802 

Validate Error: 
 Accuracy: 52.45%, Avg loss: 2.307987 

Epoch 117/200 -------------------------------
Train Error: 
Accuracy: 98.14%, Avg loss: 0.705802 

Validate Error: 
 Accuracy: 53.24%, Avg loss: 2.323461 

Epoch 118/200 -------------------------------
Train Error: 
Accuracy: 98.92%, Avg loss: 0.702392 

Validate Error: 
 Accuracy: 54.90%, Avg loss: 2.312404 

Epoch 119/200 -------------------------------
Train Error: 
Accuracy: 98.53%, Avg loss: 0.689991 

Validate Error: 
 Accuracy: 53.92%, Avg loss: 2.360932 

Epoch 120/200 -------------------------------
Train Error: 
Accuracy: 98.82%, Avg loss: 0.691244 

Validate Error: 
 Accuracy: 53.92%, Avg loss: 2.290548 

Epoch 121/200 -------------------------------
Train Error: 
Accuracy: 98.92%, Avg loss: 0.703603 

Validate Error: 
 Accuracy: 53.43%, Avg loss: 2.315558 

Epoch 122/200 -------------------------------
Train Error: 
Accuracy: 98.53%, Avg loss: 0.677991 

Validate Error: 
 Accuracy: 54.71%, Avg loss: 2.284770 

Epoch 123/200 -------------------------------
Train Error: 
Accuracy: 98.53%, Avg loss: 0.695881 

Validate Error: 
 Accuracy: 54.80%, Avg loss: 2.279376 

Epoch 124/200 -------------------------------
Train Error: 
Accuracy: 98.73%, Avg loss: 0.669635 

Validate Error: 
 Accuracy: 54.41%, Avg loss: 2.270519 

Epoch 125/200 -------------------------------
Train Error: 
Accuracy: 98.53%, Avg loss: 0.670688 

Validate Error: 
 Accuracy: 52.65%, Avg loss: 2.328826 

Epoch 126/200 -------------------------------
Train Error: 
Accuracy: 98.24%, Avg loss: 0.681178 

Validate Error: 
 Accuracy: 53.24%, Avg loss: 2.307834 

Epoch 127/200 -------------------------------
Train Error: 
Accuracy: 98.63%, Avg loss: 0.653211 

Validate Error: 
 Accuracy: 53.14%, Avg loss: 2.285581 

Epoch 128/200 -------------------------------
Train Error: 
Accuracy: 99.12%, Avg loss: 0.647607 

Validate Error: 
 Accuracy: 54.02%, Avg loss: 2.288570 

Epoch 129/200 -------------------------------
Train Error: 
Accuracy: 98.33%, Avg loss: 0.663131 

Validate Error: 
 Accuracy: 52.65%, Avg loss: 2.297841 

Epoch 130/200 -------------------------------
Train Error: 
Accuracy: 98.92%, Avg loss: 0.655655 

Validate Error: 
 Accuracy: 54.71%, Avg loss: 2.299486 

Epoch 131/200 -------------------------------
Train Error: 
Accuracy: 99.22%, Avg loss: 0.612493 

Validate Error: 
 Accuracy: 53.82%, Avg loss: 2.351289 

Epoch 132/200 -------------------------------
Train Error: 
Accuracy: 98.73%, Avg loss: 0.648341 

Validate Error: 
 Accuracy: 54.22%, Avg loss: 2.297950 

Epoch 133/200 -------------------------------
Train Error: 
Accuracy: 98.73%, Avg loss: 0.653477 

Validate Error: 
 Accuracy: 54.61%, Avg loss: 2.288437 

Epoch 134/200 -------------------------------
Train Error: 
Accuracy: 99.22%, Avg loss: 0.619108 

Validate Error: 
 Accuracy: 54.51%, Avg loss: 2.286485 

Epoch 135/200 -------------------------------
Train Error: 
Accuracy: 98.43%, Avg loss: 0.625403 

Validate Error: 
 Accuracy: 54.71%, Avg loss: 2.283530 

Epoch 136/200 -------------------------------
Train Error: 
Accuracy: 99.31%, Avg loss: 0.607413 

Validate Error: 
 Accuracy: 54.41%, Avg loss: 2.258758 

Epoch 137/200 -------------------------------
Train Error: 
Accuracy: 98.33%, Avg loss: 0.615403 

Validate Error: 
 Accuracy: 55.20%, Avg loss: 2.264246 

Epoch 138/200 -------------------------------
Train Error: 
Accuracy: 98.53%, Avg loss: 0.628024 

Validate Error: 
 Accuracy: 54.02%, Avg loss: 2.309344 

Epoch 139/200 -------------------------------
Train Error: 
Accuracy: 98.73%, Avg loss: 0.616410 

Validate Error: 
 Accuracy: 54.80%, Avg loss: 2.303013 

Epoch 140/200 -------------------------------
Train Error: 
Accuracy: 99.51%, Avg loss: 0.573589 

Validate Error: 
 Accuracy: 56.57%, Avg loss: 2.278075 

Epoch 141/200 -------------------------------
Train Error: 
Accuracy: 98.73%, Avg loss: 0.614348 

Validate Error: 
 Accuracy: 55.10%, Avg loss: 2.262706 

Epoch 142/200 -------------------------------
Train Error: 
Accuracy: 98.63%, Avg loss: 0.649017 

Validate Error: 
 Accuracy: 54.22%, Avg loss: 2.270981 

Epoch 143/200 -------------------------------
Train Error: 
Accuracy: 98.82%, Avg loss: 0.610407 

Validate Error: 
 Accuracy: 52.84%, Avg loss: 2.324923 

Epoch 144/200 -------------------------------
Train Error: 
Accuracy: 99.22%, Avg loss: 0.586343 

Validate Error: 
 Accuracy: 54.41%, Avg loss: 2.252102 

Epoch 145/200 -------------------------------
Train Error: 
Accuracy: 98.82%, Avg loss: 0.619051 

Validate Error: 
 Accuracy: 54.61%, Avg loss: 2.295254 

Epoch 146/200 -------------------------------
Train Error: 
Accuracy: 99.12%, Avg loss: 0.563263 

Validate Error: 
 Accuracy: 55.00%, Avg loss: 2.249449 

Epoch 147/200 -------------------------------
Train Error: 
Accuracy: 98.82%, Avg loss: 0.580967 

Validate Error: 
 Accuracy: 55.00%, Avg loss: 2.256062 

Epoch 148/200 -------------------------------
Train Error: 
Accuracy: 99.31%, Avg loss: 0.576523 

Validate Error: 
 Accuracy: 56.08%, Avg loss: 2.276966 

Epoch 149/200 -------------------------------
Train Error: 
Accuracy: 99.41%, Avg loss: 0.563275 

Validate Error: 
 Accuracy: 55.59%, Avg loss: 2.260619 

Epoch 150/200 -------------------------------
Train Error: 
Accuracy: 99.51%, Avg loss: 0.556284 

Validate Error: 
 Accuracy: 56.27%, Avg loss: 2.245577 

Epoch 151/200 -------------------------------
Train Error: 
Accuracy: 99.12%, Avg loss: 0.548762 

Validate Error: 
 Accuracy: 55.88%, Avg loss: 2.276473 

Epoch 152/200 -------------------------------
Train Error: 
Accuracy: 98.82%, Avg loss: 0.548798 

Validate Error: 
 Accuracy: 54.41%, Avg loss: 2.293035 

Epoch 153/200 -------------------------------
Train Error: 
Accuracy: 98.92%, Avg loss: 0.544009 

Validate Error: 
 Accuracy: 54.71%, Avg loss: 2.311280 

Epoch 154/200 -------------------------------
Train Error: 
Accuracy: 99.61%, Avg loss: 0.554179 

Validate Error: 
 Accuracy: 55.98%, Avg loss: 2.255467 

Epoch 155/200 -------------------------------
Train Error: 
Accuracy: 99.51%, Avg loss: 0.544488 

Validate Error: 
 Accuracy: 56.67%, Avg loss: 2.246280 

Epoch 156/200 -------------------------------
Train Error: 
Accuracy: 99.22%, Avg loss: 0.527496 

Validate Error: 
 Accuracy: 54.80%, Avg loss: 2.275025 

Epoch 157/200 -------------------------------
Train Error: 
Accuracy: 98.92%, Avg loss: 0.555673 

Validate Error: 
 Accuracy: 53.63%, Avg loss: 2.261070 

Epoch 158/200 -------------------------------
Train Error: 
Accuracy: 98.63%, Avg loss: 0.561224 

Validate Error: 
 Accuracy: 54.31%, Avg loss: 2.283894 

Epoch 159/200 -------------------------------
Train Error: 
Accuracy: 99.51%, Avg loss: 0.537441 

Validate Error: 
 Accuracy: 57.06%, Avg loss: 2.241718 

Epoch 160/200 -------------------------------
Train Error: 
Accuracy: 99.41%, Avg loss: 0.534641 

Validate Error: 
 Accuracy: 55.10%, Avg loss: 2.252564 

Epoch 161/200 -------------------------------
Train Error: 
Accuracy: 99.51%, Avg loss: 0.519645 

Validate Error: 
 Accuracy: 55.49%, Avg loss: 2.258413 

Epoch 162/200 -------------------------------
Train Error: 
Accuracy: 99.41%, Avg loss: 0.542944 

Validate Error: 
 Accuracy: 54.80%, Avg loss: 2.283780 

Epoch 163/200 -------------------------------
Train Error: 
Accuracy: 99.61%, Avg loss: 0.527664 

Validate Error: 
 Accuracy: 55.59%, Avg loss: 2.264546 

Epoch 164/200 -------------------------------
Train Error: 
Accuracy: 99.12%, Avg loss: 0.535045 

Validate Error: 
 Accuracy: 57.16%, Avg loss: 2.256649 

Epoch 165/200 -------------------------------
Train Error: 
Accuracy: 98.82%, Avg loss: 0.564286 

Validate Error: 
 Accuracy: 54.41%, Avg loss: 2.264802 

Epoch 166/200 -------------------------------
Train Error: 
Accuracy: 99.31%, Avg loss: 0.537454 

Validate Error: 
 Accuracy: 55.29%, Avg loss: 2.259085 

Epoch 167/200 -------------------------------
Train Error: 
Accuracy: 99.51%, Avg loss: 0.509657 

Validate Error: 
 Accuracy: 55.29%, Avg loss: 2.270192 

Epoch 168/200 -------------------------------
Train Error: 
Accuracy: 100.00%, Avg loss: 0.482874 

Validate Error: 
 Accuracy: 55.29%, Avg loss: 2.273497 

Epoch 169/200 -------------------------------
Train Error: 
Accuracy: 99.12%, Avg loss: 0.529338 

Validate Error: 
 Accuracy: 54.51%, Avg loss: 2.251644 

Epoch 170/200 -------------------------------
Train Error: 
Accuracy: 99.61%, Avg loss: 0.528106 

Validate Error: 
 Accuracy: 56.27%, Avg loss: 2.239937 

Epoch 171/200 -------------------------------
Train Error: 
Accuracy: 99.41%, Avg loss: 0.542498 

Validate Error: 
 Accuracy: 55.78%, Avg loss: 2.266782 

Epoch 172/200 -------------------------------
Train Error: 
Accuracy: 98.92%, Avg loss: 0.503404 

Validate Error: 
 Accuracy: 56.67%, Avg loss: 2.198237 

Epoch 173/200 -------------------------------
Train Error: 
Accuracy: 99.22%, Avg loss: 0.508095 

Validate Error: 
 Accuracy: 54.80%, Avg loss: 2.280276 

Epoch 174/200 -------------------------------
Train Error: 
Accuracy: 99.51%, Avg loss: 0.543011 

Validate Error: 
 Accuracy: 57.35%, Avg loss: 2.231378 

Epoch 175/200 -------------------------------
Train Error: 
Accuracy: 98.82%, Avg loss: 0.519855 

Validate Error: 
 Accuracy: 54.51%, Avg loss: 2.300079 

Epoch 176/200 -------------------------------
Train Error: 
Accuracy: 99.22%, Avg loss: 0.511565 

Validate Error: 
 Accuracy: 56.08%, Avg loss: 2.230421 

Epoch 177/200 -------------------------------
Train Error: 
Accuracy: 99.22%, Avg loss: 0.513428 

Validate Error: 
 Accuracy: 55.39%, Avg loss: 2.238242 

Epoch 178/200 -------------------------------
Train Error: 
Accuracy: 99.61%, Avg loss: 0.495536 

Validate Error: 
 Accuracy: 54.12%, Avg loss: 2.293065 

Epoch 179/200 -------------------------------
Train Error: 
Accuracy: 99.71%, Avg loss: 0.515940 

Validate Error: 
 Accuracy: 55.39%, Avg loss: 2.246620 

Epoch 180/200 -------------------------------
Train Error: 
Accuracy: 99.31%, Avg loss: 0.515533 

Validate Error: 
 Accuracy: 56.37%, Avg loss: 2.245987 

Epoch 181/200 -------------------------------
Train Error: 
Accuracy: 99.61%, Avg loss: 0.501374 

Validate Error: 
 Accuracy: 55.88%, Avg loss: 2.234896 

Epoch 182/200 -------------------------------
Train Error: 
Accuracy: 99.41%, Avg loss: 0.500941 

Validate Error: 
 Accuracy: 54.80%, Avg loss: 2.258520 

Epoch 183/200 -------------------------------
Train Error: 
Accuracy: 99.51%, Avg loss: 0.491692 

Validate Error: 
 Accuracy: 57.25%, Avg loss: 2.190490 

Epoch 184/200 -------------------------------
Train Error: 
Accuracy: 99.61%, Avg loss: 0.484982 

Validate Error: 
 Accuracy: 55.10%, Avg loss: 2.232807 

Epoch 185/200 -------------------------------
Train Error: 
Accuracy: 99.61%, Avg loss: 0.498098 

Validate Error: 
 Accuracy: 55.69%, Avg loss: 2.253007 

Epoch 186/200 -------------------------------
Train Error: 
Accuracy: 99.41%, Avg loss: 0.483674 

Validate Error: 
 Accuracy: 56.18%, Avg loss: 2.240996 

Epoch 187/200 -------------------------------
Train Error: 
Accuracy: 99.61%, Avg loss: 0.493909 

Validate Error: 
 Accuracy: 57.25%, Avg loss: 2.252025 

Epoch 188/200 -------------------------------
Train Error: 
Accuracy: 99.71%, Avg loss: 0.496616 

Validate Error: 
 Accuracy: 54.90%, Avg loss: 2.261639 

Epoch 189/200 -------------------------------
Train Error: 
Accuracy: 98.82%, Avg loss: 0.504433 

Validate Error: 
 Accuracy: 56.18%, Avg loss: 2.242921 

Epoch 190/200 -------------------------------
Train Error: 
Accuracy: 99.61%, Avg loss: 0.504825 

Validate Error: 
 Accuracy: 54.90%, Avg loss: 2.285349 

Epoch 191/200 -------------------------------
Train Error: 
Accuracy: 99.22%, Avg loss: 0.476552 

Validate Error: 
 Accuracy: 55.29%, Avg loss: 2.256543 

Epoch 192/200 -------------------------------
Train Error: 
Accuracy: 99.12%, Avg loss: 0.505984 

Validate Error: 
 Accuracy: 53.82%, Avg loss: 2.263784 

Epoch 193/200 -------------------------------
Train Error: 
Accuracy: 99.22%, Avg loss: 0.497669 

Validate Error: 
 Accuracy: 56.67%, Avg loss: 2.219647 

Epoch 194/200 -------------------------------
Train Error: 
Accuracy: 99.51%, Avg loss: 0.466224 

Validate Error: 
 Accuracy: 56.67%, Avg loss: 2.244454 

Epoch 195/200 -------------------------------
Train Error: 
Accuracy: 99.12%, Avg loss: 0.487544 

Validate Error: 
 Accuracy: 57.06%, Avg loss: 2.237579 

Epoch 196/200 -------------------------------
Train Error: 
Accuracy: 99.31%, Avg loss: 0.486076 

Validate Error: 
 Accuracy: 54.71%, Avg loss: 2.244514 

Epoch 197/200 -------------------------------
Train Error: 
Accuracy: 99.71%, Avg loss: 0.484564 

Validate Error: 
 Accuracy: 55.69%, Avg loss: 2.221909 

Epoch 198/200 -------------------------------
Train Error: 
Accuracy: 99.61%, Avg loss: 0.470804 

Validate Error: 
 Accuracy: 56.27%, Avg loss: 2.254846 

Epoch 199/200 -------------------------------
Train Error: 
Accuracy: 99.71%, Avg loss: 0.469201 

Validate Error: 
 Accuracy: 56.27%, Avg loss: 2.208706 

Epoch 200/200 -------------------------------
Train Error: 
Accuracy: 99.71%, Avg loss: 0.475994 

Validate Error: 
 Accuracy: 57.06%, Avg loss: 2.213532 

Test Error: 
 Accuracy: 54.03%, Avg loss: 2.329048 

#Hyperparameters
lr = 0.00001
momentum = 0
weight_decay = 0.05
dampening = 0

#Other
batch_size = 16
epochs = 200
{'train_loss': [4.548784412443638, 8.792461887001991, 12.81671467795968, 16.68101878836751, 20.415316991508007, 24.003119114786386, 27.501562479883432, 30.892017252743244, 34.18355128914118, 37.42495710775256, 40.58063131570816, 43.64330777525902, 46.66183681041002, 49.61172332242131, 52.52118647843599, 55.351016849279404, 58.118399392813444, 60.84552248194814, 63.506960734725, 66.11568650230765, 68.69820152595639, 71.24907295033336, 73.75065869092941, 76.18287611193955, 78.5930345915258, 80.95774681679904, 83.27452036738396, 85.57074601389468, 87.8478613011539, 90.05057327076793, 92.20796975493431, 94.36296328157187, 96.49261665903032, 98.5616581980139, 100.60115162655711, 102.58954132162035, 104.5668551325798, 106.49046119302511, 108.41793826781213, 110.30151543393731, 112.18153843469918, 113.99932326003909, 115.77444624342024, 117.55575249530375, 119.31981568783522, 121.06098960153759, 122.80477522872388, 124.47990565001965, 126.1222108323127, 127.72407766990364, 129.32263502664864, 130.88577487505972, 132.40750183165073, 133.93392634019256, 135.44128968939185, 136.92606662772596, 138.41845268569887, 139.81549308635294, 141.2212618906051, 142.63422528654337, 144.03463825769722, 145.38709422014654, 146.74394297227263, 148.0842946972698, 149.38244515657425, 150.67612620536238, 151.9395654015243, 153.2060925932601, 154.4894272144884, 155.7360009578988, 156.93797128275037, 158.1309339599684, 159.30882198736072, 160.4865159103647, 161.6476271096617, 162.80245226994157, 163.91105269361287, 165.00448211282492, 166.10679847560823, 167.1509783640504, 168.18832244351506, 169.21216703485698, 170.26107909157872, 171.28434905782342, 172.2662294358015, 173.2500613378361, 174.2278557131067, 175.20097038149834, 176.18144643306732, 177.11064708419144, 178.02805698942393, 178.9691091021523, 179.8703449871391, 180.75954699330032, 181.61843887437135, 182.51439594104886, 183.35385538917035, 184.21848630625755, 185.0865482026711, 185.92960252519697, 186.75000999122858, 187.585280302912, 188.43874372541904, 189.26161686703563, 190.0944836800918, 190.92249067593366, 191.7187240095809, 192.5147688165307, 193.2890449296683, 194.04865283425897, 194.7945311195217, 195.55350546725094, 196.31328431051224, 197.02110479865223, 197.73191568395123, 198.50271745817736, 199.20851906528696, 199.9109109165147, 200.60090190870687, 201.29214547295123, 201.99574805097654, 202.67373930942267, 203.36962041258812, 204.03925528004766, 204.70994343655184, 205.39112138794735, 206.04433271149173, 206.69193959748372, 207.35507083218545, 208.0107261496596, 208.62321925116703, 209.27156013762578, 209.9250372997485, 210.54414547793567, 211.16954832337797, 211.7769611137919, 212.3923644614406, 213.0203881347552, 213.6367984134704, 214.21038765786216, 214.82473560096696, 215.47375237755477, 216.08415973279625, 216.6705032205209, 217.2895544199273, 217.85281747439876, 218.4337840648368, 219.01030684867874, 219.57358171744272, 220.1298659206368, 220.67862836737186, 221.2274265247397, 221.77143573807552, 222.32561480579898, 222.87010235805064, 223.39759786752984, 223.9532706765458, 224.5144946030341, 225.0519358436577, 225.58657704060897, 226.10622173268348, 226.64916562242433, 227.17682978324592, 227.71187470434234, 228.27616038313136, 228.81361424922943, 229.32327097840607, 229.80614536674693, 230.33548376243562, 230.86358956899494, 231.40608790889382, 231.90949166519567, 232.41758688306436, 232.96059801243246, 233.48045347305015, 233.9920186600648, 234.5054466095753, 235.00098257511854, 235.51692213257775, 236.0324547891505, 236.5338290501386, 237.0347705250606, 237.52646290371194, 238.0114447833039, 238.50954325916246, 238.99321702076122, 239.48712623491883, 239.98374245828018, 240.48817589506507, 240.99300108430907, 241.46955319633707, 241.97553675621748, 242.4732061047107, 242.93943044589832, 243.4269746663049, 243.9130508173257, 244.39761478593573, 244.86841927748173, 245.33761995006353, 245.81361367879435], 'train_accuracy': [0.027450980392156862, 0.12549019607843137, 0.27941176470588236, 0.46176470588235297, 0.6794117647058824, 0.9558823529411765, 1.2470588235294118, 1.5774509803921568, 1.9450980392156862, 2.3166666666666664, 2.714705882352941, 3.1539215686274504, 3.602941176470588, 4.084313725490196, 4.568627450980392, 5.074509803921568, 5.608823529411764, 6.161764705882352, 6.726470588235293, 7.313725490196077, 7.902941176470587, 8.50392156862745, 9.11862745098039, 9.752941176470587, 10.399999999999999, 11.051960784313724, 11.72549019607843, 12.400980392156862, 13.08235294117647, 13.78921568627451, 14.516666666666666, 15.22549019607843, 15.952941176470587, 16.70098039215686, 17.4578431372549, 18.231372549019607, 18.99705882352941, 19.781372549019608, 20.569607843137256, 21.369607843137256, 22.168627450980395, 22.97745098039216, 23.808823529411768, 24.633333333333336, 25.45588235294118, 26.29117647058824, 27.118627450980398, 27.96176470588236, 28.81568627450981, 29.685294117647068, 30.53137254901962, 31.418627450980402, 32.288235294117655, 33.1686274509804, 34.0607843137255, 34.93137254901961, 35.814705882352946, 36.71960784313726, 37.624509803921576, 38.52058823529413, 39.43235294117648, 40.34215686274511, 41.249019607843145, 42.16176470588236, 43.08137254901962, 44.000980392156876, 44.92058823529413, 45.8372549019608, 46.75490196078432, 47.676470588235304, 48.60000000000001, 49.54019607843138, 50.48627450980393, 51.42352941176471, 52.360784313725496, 53.28725490196079, 54.2343137254902, 55.18725490196079, 56.128431372549024, 57.09411764705883, 58.06176470588236, 59.02745098039217, 59.98333333333334, 60.93039215686275, 61.88921568627452, 62.841176470588245, 63.79705882352942, 64.75098039215688, 65.70980392156864, 66.6843137254902, 67.65196078431373, 68.61960784313726, 69.58921568627451, 70.56274509803922, 71.53627450980392, 72.5, 73.47058823529412, 74.43725490196078, 75.40294117647059, 76.37941176470588, 77.35882352941177, 78.33333333333333, 79.30980392156862, 80.28333333333332, 81.25882352941174, 82.2205882352941, 83.20588235294116, 84.17941176470586, 85.15980392156861, 86.14509803921567, 87.12647058823528, 88.1019607843137, 89.08137254901959, 90.0627450980392, 91.05098039215684, 92.01470588235293, 92.99607843137254, 93.98529411764704, 94.9705882352941, 95.95882352941175, 96.94803921568625, 97.93333333333331, 98.91862745098037, 99.90588235294115, 100.8911764705882, 101.87352941176468, 102.8598039215686, 103.85098039215683, 104.83431372549016, 105.82352941176467, 106.81568627450977, 107.80294117647055, 108.79019607843134, 109.78235294117644, 110.76666666666664, 111.7598039215686, 112.74313725490194, 113.728431372549, 114.71568627450978, 115.71078431372547, 116.69803921568625, 117.68431372549017, 118.67254901960781, 119.6647058823529, 120.65294117647055, 121.64411764705878, 122.63235294117642, 123.62549019607839, 124.61960784313722, 125.61470588235291, 126.60588235294114, 127.59411764705878, 128.5833333333333, 129.57941176470584, 130.57450980392153, 131.56666666666663, 132.55588235294115, 133.5421568627451, 134.53725490196078, 135.5313725490196, 136.5264705882353, 137.52058823529413, 138.51666666666668, 139.50784313725492, 140.49607843137258, 141.48921568627455, 142.48431372549024, 143.48431372549024, 144.47549019607848, 145.47156862745103, 146.46568627450986, 147.45490196078438, 148.4470588235295, 149.44215686274518, 150.43039215686284, 151.42254901960794, 152.41470588235305, 153.4107843137256, 154.407843137255, 155.40098039215698, 156.39705882352953, 157.39117647058836, 158.38627450980405, 159.3823529411766, 160.37843137254916, 161.372549019608, 162.36862745098054, 163.36568627450995, 164.3539215686276, 165.35000000000016, 166.34215686274527, 167.3333333333335, 168.32549019607862, 169.3205882352943, 170.31176470588255, 171.30490196078452, 172.30196078431393, 173.2980392156865, 174.2950980392159, 175.29215686274532], 'val_loss': [4.30346168205142, 8.381338618695736, 12.26230151578784, 16.006815627217293, 19.639447862282395, 23.202534778043628, 26.659091532230377, 30.068445973098278, 33.382716454565525, 36.61639759130776, 39.79278520680964, 42.993745382875204, 46.1124973539263, 49.19450969994068, 52.25148102082312, 55.231559234671295, 58.18567764572799, 61.14542348776013, 64.04954562988132, 66.95038451161236, 69.82282519992441, 72.67239590454847, 75.51472146250308, 78.36962766572833, 81.11761478008702, 83.83292014012113, 86.57380447955802, 89.317479880061, 92.03104831697419, 94.75173319177702, 97.4196688667871, 100.09848348377272, 102.7848098683171, 105.43747974792495, 108.05911967018619, 110.67615544749424, 113.30400563636795, 115.91022045211866, 118.51939710928127, 121.0693991035223, 123.65873046498746, 126.21832319069654, 128.80779534578323, 131.39210164453834, 133.95859938673675, 136.49682663939893, 139.04483872652054, 141.54989657457918, 144.0637742667459, 146.65168107138015, 149.1659609072376, 151.70997155853547, 154.25143040693365, 156.73893028940074, 159.20048222248442, 161.67197436629795, 164.13593408395536, 166.60504406993277, 169.07716867676936, 171.54914812068455, 174.05064032948576, 176.53090579411946, 179.02460479247384, 181.5189971968066, 183.99595094448887, 186.41383974882774, 188.82927534286864, 191.31245623505674, 193.76188052655198, 196.16087669949047, 198.54315568949096, 200.9737584728282, 203.42779989377595, 205.8032240078319, 208.18565311678685, 210.57519697980024, 212.97566585126333, 215.34260972612537, 217.70717532630078, 220.1353064768482, 222.49263282795437, 224.8538431499619, 227.2392812736798, 229.5949903067667, 231.99528234801255, 234.3166508928407, 236.66620725137182, 239.0302758293692, 241.37976015894674, 243.74568844703026, 246.08859241683967, 248.44517201022245, 250.78022215212695, 253.19122660229914, 255.5262555491645, 257.85464352346025, 260.17867115768604, 262.49748987308703, 264.82052406086586, 267.1630441949237, 269.4769999142736, 271.7962728976272, 274.1114905704744, 276.41447017434984, 278.6846914887428, 281.0303900530562, 283.30606016376987, 285.61460987641476, 287.9049051895272, 290.2138591406401, 292.5463043204509, 294.82919311663136, 297.13814661093056, 299.4610521956347, 301.76951272506267, 304.07749955309555, 306.4009603590239, 308.7133648474701, 311.07429704023525, 313.36484492826276, 315.6804027596954, 317.9651723566931, 320.244548589224, 322.515067999484, 324.8438942648936, 327.15172796393745, 329.43730905489065, 331.72587905987166, 334.02371989074163, 336.32320577232167, 338.67449434660375, 340.9724444360472, 343.2608816707507, 345.54736640607007, 347.83089673356153, 350.0896550237667, 352.35390142793767, 354.6632449848112, 356.9662581747398, 359.2443335321732, 361.50703990040347, 363.7780208317563, 366.10294388607144, 368.35504594864324, 370.6502998075448, 372.89974885154516, 375.1558108343743, 377.43277697009034, 379.69339559949003, 381.93897212925367, 384.2154454761185, 386.5084803320933, 388.8197606583126, 391.0752280103043, 393.321507649729, 395.59653253876604, 397.85760296764784, 400.1414972736966, 402.38321538153104, 404.6357790871989, 406.8941921296064, 409.1779720487539, 411.44251785753295, 413.6991664702073, 415.96396863786504, 418.22305410169065, 420.49324634927325, 422.7667429263238, 425.0183873923961, 427.25832460355014, 429.5251066237688, 431.7233433248475, 434.0036194967106, 436.23499709321186, 438.53507615206763, 440.76549672544934, 443.0037391586229, 445.2968037519604, 447.54342404101044, 449.7894111147616, 452.0243071021978, 454.28282716148533, 456.47331669414416, 458.70612338511273, 460.9591302848421, 463.2001264085993, 465.45215096208267, 467.71378987049684, 469.9567110738717, 472.24205968528986, 474.4986031576991, 476.7623875862919, 478.9820346706547, 481.2264889506623, 483.4640680603916, 485.70858185493853, 487.9304906342877, 490.1853365985444, 492.3940426885383, 494.60757419944275], 'val_accuracy': [0.08333333333333333, 0.20980392156862743, 0.38627450980392153, 0.5941176470588235, 0.8254901960784313, 1.0735294117647058, 1.338235294117647, 1.6362745098039215, 1.9431372549019608, 2.268627450980392, 2.6068627450980393, 2.950980392156863, 3.308823529411765, 3.677450980392157, 4.063725490196079, 4.447058823529413, 4.850980392156864, 5.250000000000002, 5.668627450980394, 6.07058823529412, 6.483333333333336, 6.90980392156863, 7.350980392156866, 7.775490196078435, 8.207843137254905, 8.662745098039219, 9.10980392156863, 9.56372549019608, 10.018627450980395, 10.468627450980394, 10.934313725490197, 11.384313725490196, 11.852941176470589, 12.32843137254902, 12.8078431372549, 13.272549019607842, 13.749019607843136, 14.209803921568627, 14.67941176470588, 15.170588235294115, 15.639215686274508, 16.121568627450976, 16.593137254901958, 17.060784313725488, 17.551960784313724, 18.03627450980392, 18.51470588235294, 19.01176470588235, 19.499999999999996, 19.982352941176465, 20.470588235294112, 20.95980392156862, 21.440196078431367, 21.94117647058823, 22.45588235294117, 22.950980392156858, 23.449019607843134, 23.955882352941174, 24.461764705882352, 24.96470588235294, 25.451960784313727, 25.954901960784316, 26.450980392156865, 26.96666666666667, 27.476470588235294, 27.998039215686276, 28.51078431372549, 29.01274509803922, 29.52058823529412, 30.035294117647062, 30.561764705882357, 31.075490196078434, 31.594117647058827, 32.11372549019608, 32.62156862745098, 33.142156862745104, 33.66176470588236, 34.195098039215694, 34.716666666666676, 35.222549019607854, 35.73431372549021, 36.275490196078444, 36.789215686274524, 37.315686274509815, 37.843137254901976, 38.37254901960786, 38.896078431372565, 39.42745098039217, 39.96862745098041, 40.493137254901974, 41.018627450980404, 41.54803921568629, 42.09019607843138, 42.61764705882354, 43.13529411764707, 43.683333333333344, 44.21274509803923, 44.74607843137256, 45.28627450980393, 45.828431372549026, 46.37745098039216, 46.90392156862745, 47.432352941176475, 47.97254901960785, 48.5186274509804, 49.05294117647059, 49.589215686274514, 50.129411764705885, 50.67058823529412, 51.19705882352941, 51.73529411764706, 52.27058823529412, 52.807843137254906, 53.35098039215687, 53.885294117647064, 54.40980392156863, 54.9421568627451, 55.491176470588236, 56.030392156862746, 56.569607843137256, 57.10392156862745, 57.65098039215686, 58.199019607843134, 58.74313725490196, 59.26960784313725, 59.80196078431372, 60.33333333333333, 60.8735294117647, 61.39999999999999, 61.9470588235294, 62.48529411764705, 63.027450980392146, 63.573529411764696, 64.11862745098038, 64.6656862745098, 65.20980392156862, 65.76176470588234, 66.30196078431372, 66.85, 67.4156862745098, 67.96666666666665, 68.50882352941176, 69.03725490196078, 69.5813725490196, 70.12745098039215, 70.67745098039215, 71.22745098039215, 71.78823529411764, 72.34411764705882, 72.90686274509804, 73.4656862745098, 74.00980392156863, 74.55686274509804, 75.11666666666667, 75.68333333333334, 76.23137254901961, 76.76764705882353, 77.31078431372549, 77.88137254901962, 78.43235294117648, 78.9872549019608, 79.53529411764707, 80.09117647058825, 80.66274509803924, 81.20686274509806, 81.75980392156865, 82.31274509803923, 82.86568627450981, 83.4107843137255, 83.97352941176472, 84.53137254901962, 85.09803921568628, 85.64607843137256, 86.21960784313727, 86.76470588235296, 87.32549019607845, 87.87941176470589, 88.42058823529413, 88.97450980392158, 89.53823529411765, 90.09705882352942, 90.6450980392157, 91.21764705882354, 91.7686274509804, 92.32549019607845, 92.8872549019608, 93.45980392156865, 94.00882352941179, 94.57058823529414, 95.11960784313727, 95.67254901960786, 96.2107843137255, 96.77745098039216, 97.34411764705882, 97.91470588235295, 98.46176470588236, 99.0186274509804, 99.58137254901962, 100.14411764705883, 100.71470588235296], 'epochs': [0, 1, 2, 3, 4, 5, 6, 7, 8, 9, 10, 11, 12, 13, 14, 15, 16, 17, 18, 19, 20, 21, 22, 23, 24, 25, 26, 27, 28, 29, 30, 31, 32, 33, 34, 35, 36, 37, 38, 39, 40, 41, 42, 43, 44, 45, 46, 47, 48, 49, 50, 51, 52, 53, 54, 55, 56, 57, 58, 59, 60, 61, 62, 63, 64, 65, 66, 67, 68, 69, 70, 71, 72, 73, 74, 75, 76, 77, 78, 79, 80, 81, 82, 83, 84, 85, 86, 87, 88, 89, 90, 91, 92, 93, 94, 95, 96, 97, 98, 99, 100, 101, 102, 103, 104, 105, 106, 107, 108, 109, 110, 111, 112, 113, 114, 115, 116, 117, 118, 119, 120, 121, 122, 123, 124, 125, 126, 127, 128, 129, 130, 131, 132, 133, 134, 135, 136, 137, 138, 139, 140, 141, 142, 143, 144, 145, 146, 147, 148, 149, 150, 151, 152, 153, 154, 155, 156, 157, 158, 159, 160, 161, 162, 163, 164, 165, 166, 167, 168, 169, 170, 171, 172, 173, 174, 175, 176, 177, 178, 179, 180, 181, 182, 183, 184, 185, 186, 187, 188, 189, 190, 191, 192, 193, 194, 195, 196, 197, 198, 199]}

============================
 Job utilisation efficiency
============================

Job ID: 6823868
Cluster: viking2.yor.alces.network
User/Group: co788/clusterusers
State: COMPLETED (exit code 0)
Cores: 1
CPU Utilized: 02:30:05
CPU Efficiency: 99.04% of 02:31:32 core-walltime
Job Wall-clock time: 02:31:32
Memory Utilized: 1.85 GB
Memory Efficiency: 23.15% of 8.00 GB
 Requested wall clock time: 12:00:00
    Actual wall clock time: 02:31:32
Wall clock time efficiency: 21.0%
           Job queued time: 00:46:30
