Using cuda device
CNNv4(
  (convLayer1): Sequential(
    (0): Conv2d(3, 256, kernel_size=(3, 3), stride=(1, 1), padding=(1, 1))
    (1): BatchNorm2d(256, eps=1e-05, momentum=0.1, affine=True, track_running_stats=True)
    (2): ReLU()
    (3): Conv2d(256, 256, kernel_size=(3, 3), stride=(1, 1), padding=(1, 1))
    (4): BatchNorm2d(256, eps=1e-05, momentum=0.1, affine=True, track_running_stats=True)
    (5): ReLU()
    (6): MaxPool2d(kernel_size=2, stride=2, padding=0, dilation=1, ceil_mode=False)
  )
  (convLayer2): Sequential(
    (0): Conv2d(256, 256, kernel_size=(3, 3), stride=(1, 1), padding=(1, 1))
    (1): BatchNorm2d(256, eps=1e-05, momentum=0.1, affine=True, track_running_stats=True)
    (2): ReLU()
    (3): Conv2d(256, 256, kernel_size=(3, 3), stride=(1, 1), padding=(1, 1))
    (4): BatchNorm2d(256, eps=1e-05, momentum=0.1, affine=True, track_running_stats=True)
    (5): ReLU()
    (6): MaxPool2d(kernel_size=2, stride=2, padding=0, dilation=1, ceil_mode=False)
  )
  (classLayer2): Sequential(
    (0): Flatten(start_dim=1, end_dim=-1)
    (1): Linear(in_features=1048576, out_features=512, bias=True)
    (2): ReLU()
    (3): Linear(in_features=512, out_features=256, bias=True)
    (4): ReLU()
    (5): Linear(in_features=256, out_features=102, bias=True)
  )
  (convLayer3): Sequential(
    (0): Conv2d(256, 256, kernel_size=(3, 3), stride=(1, 1), padding=(1, 1))
    (1): BatchNorm2d(256, eps=1e-05, momentum=0.1, affine=True, track_running_stats=True)
    (2): ReLU()
    (3): Conv2d(256, 256, kernel_size=(3, 3), stride=(1, 1), padding=(1, 1))
    (4): BatchNorm2d(256, eps=1e-05, momentum=0.1, affine=True, track_running_stats=True)
    (5): ReLU()
    (6): MaxPool2d(kernel_size=2, stride=2, padding=0, dilation=1, ceil_mode=False)
  )
  (classLayer3): Sequential(
    (0): Flatten(start_dim=1, end_dim=-1)
    (1): Linear(in_features=262144, out_features=512, bias=True)
    (2): ReLU()
    (3): Linear(in_features=512, out_features=256, bias=True)
    (4): ReLU()
    (5): Linear(in_features=256, out_features=102, bias=True)
  )
  (convLayer4): Sequential(
    (0): Conv2d(256, 256, kernel_size=(3, 3), stride=(1, 1), padding=(1, 1))
    (1): BatchNorm2d(256, eps=1e-05, momentum=0.1, affine=True, track_running_stats=True)
    (2): ReLU()
    (3): Conv2d(256, 256, kernel_size=(3, 3), stride=(1, 1), padding=(1, 1))
    (4): BatchNorm2d(256, eps=1e-05, momentum=0.1, affine=True, track_running_stats=True)
    (5): ReLU()
    (6): MaxPool2d(kernel_size=2, stride=2, padding=0, dilation=1, ceil_mode=False)
  )
  (classLayer4): Sequential(
    (0): Flatten(start_dim=1, end_dim=-1)
    (1): Linear(in_features=65536, out_features=512, bias=True)
    (2): ReLU()
    (3): Linear(in_features=512, out_features=256, bias=True)
    (4): ReLU()
    (5): Linear(in_features=256, out_features=102, bias=True)
  )
  (finalClass): Sequential(
    (0): Linear(in_features=306, out_features=256, bias=True)
    (1): ReLU()
    (2): Linear(in_features=256, out_features=102, bias=True)
  )
)
Epoch 1/100 -------------------------------
Train Error: 
Accuracy: 0.98%, Avg loss: 4.645904 

Validate Error: 
 Accuracy: 1.96%, Avg loss: 4.582306 

Epoch 2/100 -------------------------------
Train Error: 
Accuracy: 2.16%, Avg loss: 4.560026 

Validate Error: 
 Accuracy: 3.24%, Avg loss: 4.469638 

Epoch 3/100 -------------------------------
Train Error: 
Accuracy: 3.63%, Avg loss: 4.458168 

Validate Error: 
 Accuracy: 2.94%, Avg loss: 4.337835 

Epoch 4/100 -------------------------------
Train Error: 
Accuracy: 4.12%, Avg loss: 4.338240 

Validate Error: 
 Accuracy: 6.76%, Avg loss: 4.201871 

Epoch 5/100 -------------------------------
Train Error: 
Accuracy: 6.67%, Avg loss: 4.216122 

Validate Error: 
 Accuracy: 7.16%, Avg loss: 4.095538 

Epoch 6/100 -------------------------------
Train Error: 
Accuracy: 7.75%, Avg loss: 4.114656 

Validate Error: 
 Accuracy: 9.90%, Avg loss: 3.973404 

Epoch 7/100 -------------------------------
Train Error: 
Accuracy: 10.59%, Avg loss: 3.968678 

Validate Error: 
 Accuracy: 10.00%, Avg loss: 3.865440 

Epoch 8/100 -------------------------------
Train Error: 
Accuracy: 11.18%, Avg loss: 3.842741 

Validate Error: 
 Accuracy: 14.02%, Avg loss: 3.712221 

Epoch 9/100 -------------------------------
Train Error: 
Accuracy: 13.92%, Avg loss: 3.714376 

Validate Error: 
 Accuracy: 16.76%, Avg loss: 3.600132 

Epoch 10/100 -------------------------------
Train Error: 
Accuracy: 16.47%, Avg loss: 3.588276 

Validate Error: 
 Accuracy: 17.35%, Avg loss: 3.554649 

Epoch 11/100 -------------------------------
Train Error: 
Accuracy: 18.24%, Avg loss: 3.482415 

Validate Error: 
 Accuracy: 21.37%, Avg loss: 3.397179 

Epoch 12/100 -------------------------------
Train Error: 
Accuracy: 21.86%, Avg loss: 3.354670 

Validate Error: 
 Accuracy: 23.33%, Avg loss: 3.318233 

Epoch 13/100 -------------------------------
Train Error: 
Accuracy: 23.04%, Avg loss: 3.241260 

Validate Error: 
 Accuracy: 21.37%, Avg loss: 3.269041 

Epoch 14/100 -------------------------------
Train Error: 
Accuracy: 26.57%, Avg loss: 3.143060 

Validate Error: 
 Accuracy: 21.86%, Avg loss: 3.251502 

Epoch 15/100 -------------------------------
Train Error: 
Accuracy: 28.73%, Avg loss: 3.028363 

Validate Error: 
 Accuracy: 25.20%, Avg loss: 3.153248 

Epoch 16/100 -------------------------------
Train Error: 
Accuracy: 29.71%, Avg loss: 2.951043 

Validate Error: 
 Accuracy: 24.71%, Avg loss: 3.134355 

Epoch 17/100 -------------------------------
Train Error: 
Accuracy: 32.35%, Avg loss: 2.859984 

Validate Error: 
 Accuracy: 27.25%, Avg loss: 3.046006 

Epoch 18/100 -------------------------------
Train Error: 
Accuracy: 33.92%, Avg loss: 2.770546 

Validate Error: 
 Accuracy: 29.02%, Avg loss: 2.948118 

Epoch 19/100 -------------------------------
Train Error: 
Accuracy: 35.69%, Avg loss: 2.701526 

Validate Error: 
 Accuracy: 29.61%, Avg loss: 2.849142 

Epoch 20/100 -------------------------------
Train Error: 
Accuracy: 40.20%, Avg loss: 2.580259 

Validate Error: 
 Accuracy: 30.88%, Avg loss: 2.830850 

Epoch 21/100 -------------------------------
Train Error: 
Accuracy: 38.14%, Avg loss: 2.541608 

Validate Error: 
 Accuracy: 31.18%, Avg loss: 2.866861 

Epoch 22/100 -------------------------------
Train Error: 
Accuracy: 42.84%, Avg loss: 2.453105 

Validate Error: 
 Accuracy: 30.49%, Avg loss: 2.801332 

Epoch 23/100 -------------------------------
Train Error: 
Accuracy: 42.25%, Avg loss: 2.417931 

Validate Error: 
 Accuracy: 35.10%, Avg loss: 2.719806 

Epoch 24/100 -------------------------------
Train Error: 
Accuracy: 45.49%, Avg loss: 2.318523 

Validate Error: 
 Accuracy: 32.75%, Avg loss: 2.716571 

Epoch 25/100 -------------------------------
Train Error: 
Accuracy: 46.96%, Avg loss: 2.281966 

Validate Error: 
 Accuracy: 35.98%, Avg loss: 2.652335 

Epoch 26/100 -------------------------------
Train Error: 
Accuracy: 47.06%, Avg loss: 2.222750 

Validate Error: 
 Accuracy: 34.41%, Avg loss: 2.670644 

Epoch 27/100 -------------------------------
Train Error: 
Accuracy: 49.12%, Avg loss: 2.158879 

Validate Error: 
 Accuracy: 36.27%, Avg loss: 2.620118 

Epoch 28/100 -------------------------------
Train Error: 
Accuracy: 48.82%, Avg loss: 2.164715 

Validate Error: 
 Accuracy: 34.12%, Avg loss: 2.658739 

Epoch 29/100 -------------------------------
Train Error: 
Accuracy: 50.00%, Avg loss: 2.065222 

Validate Error: 
 Accuracy: 37.06%, Avg loss: 2.559727 

Epoch 30/100 -------------------------------
Train Error: 
Accuracy: 51.57%, Avg loss: 2.047521 

Validate Error: 
 Accuracy: 37.45%, Avg loss: 2.559306 

Epoch 31/100 -------------------------------
Train Error: 
Accuracy: 51.86%, Avg loss: 1.989956 

Validate Error: 
 Accuracy: 37.75%, Avg loss: 2.496699 

Epoch 32/100 -------------------------------
Train Error: 
Accuracy: 54.51%, Avg loss: 1.940390 

Validate Error: 
 Accuracy: 36.86%, Avg loss: 2.530809 

Epoch 33/100 -------------------------------
Train Error: 
Accuracy: 53.63%, Avg loss: 1.929063 

Validate Error: 
 Accuracy: 38.92%, Avg loss: 2.472613 

Epoch 34/100 -------------------------------
Train Error: 
Accuracy: 57.06%, Avg loss: 1.877217 

Validate Error: 
 Accuracy: 36.27%, Avg loss: 2.573890 

Epoch 35/100 -------------------------------
Train Error: 
Accuracy: 56.86%, Avg loss: 1.837599 

Validate Error: 
 Accuracy: 39.22%, Avg loss: 2.486208 

Epoch 36/100 -------------------------------
Train Error: 
Accuracy: 59.71%, Avg loss: 1.756867 

Validate Error: 
 Accuracy: 39.22%, Avg loss: 2.459954 

Epoch 37/100 -------------------------------
Train Error: 
Accuracy: 57.35%, Avg loss: 1.732635 

Validate Error: 
 Accuracy: 40.29%, Avg loss: 2.444918 

Epoch 38/100 -------------------------------
Train Error: 
Accuracy: 58.92%, Avg loss: 1.728905 

Validate Error: 
 Accuracy: 38.82%, Avg loss: 2.428470 

Epoch 39/100 -------------------------------
Train Error: 
Accuracy: 60.39%, Avg loss: 1.696773 

Validate Error: 
 Accuracy: 38.63%, Avg loss: 2.452015 

Epoch 40/100 -------------------------------
Train Error: 
Accuracy: 60.39%, Avg loss: 1.682637 

Validate Error: 
 Accuracy: 41.76%, Avg loss: 2.387791 

Epoch 41/100 -------------------------------
Train Error: 
Accuracy: 60.69%, Avg loss: 1.641592 

Validate Error: 
 Accuracy: 39.61%, Avg loss: 2.441768 

Epoch 42/100 -------------------------------
Train Error: 
Accuracy: 61.76%, Avg loss: 1.612594 

Validate Error: 
 Accuracy: 40.59%, Avg loss: 2.383497 

Epoch 43/100 -------------------------------
Train Error: 
Accuracy: 62.75%, Avg loss: 1.555785 

Validate Error: 
 Accuracy: 40.49%, Avg loss: 2.398238 

Epoch 44/100 -------------------------------
Train Error: 
Accuracy: 64.31%, Avg loss: 1.530403 

Validate Error: 
 Accuracy: 41.86%, Avg loss: 2.345302 

Epoch 45/100 -------------------------------
Train Error: 
Accuracy: 66.47%, Avg loss: 1.474645 

Validate Error: 
 Accuracy: 41.67%, Avg loss: 2.348153 

Epoch 46/100 -------------------------------
Train Error: 
Accuracy: 64.31%, Avg loss: 1.512593 

Validate Error: 
 Accuracy: 41.96%, Avg loss: 2.307088 

Epoch 47/100 -------------------------------
Train Error: 
Accuracy: 65.98%, Avg loss: 1.438847 

Validate Error: 
 Accuracy: 43.63%, Avg loss: 2.319966 

Epoch 48/100 -------------------------------
Train Error: 
Accuracy: 65.59%, Avg loss: 1.435107 

Validate Error: 
 Accuracy: 42.55%, Avg loss: 2.328637 

Epoch 49/100 -------------------------------
Train Error: 
Accuracy: 67.84%, Avg loss: 1.413946 

Validate Error: 
 Accuracy: 41.86%, Avg loss: 2.339469 

Epoch 50/100 -------------------------------
Train Error: 
Accuracy: 66.86%, Avg loss: 1.383804 

Validate Error: 
 Accuracy: 41.27%, Avg loss: 2.396880 

Epoch 51/100 -------------------------------
Train Error: 
Accuracy: 68.33%, Avg loss: 1.400018 

Validate Error: 
 Accuracy: 42.84%, Avg loss: 2.314823 

Epoch 52/100 -------------------------------
Train Error: 
Accuracy: 68.53%, Avg loss: 1.352423 

Validate Error: 
 Accuracy: 39.90%, Avg loss: 2.406447 

Epoch 53/100 -------------------------------
Train Error: 
Accuracy: 68.14%, Avg loss: 1.352078 

Validate Error: 
 Accuracy: 43.82%, Avg loss: 2.385677 

Epoch 54/100 -------------------------------
Train Error: 
Accuracy: 69.61%, Avg loss: 1.307715 

Validate Error: 
 Accuracy: 43.53%, Avg loss: 2.339529 

Epoch 55/100 -------------------------------
Train Error: 
Accuracy: 70.69%, Avg loss: 1.265650 

Validate Error: 
 Accuracy: 45.10%, Avg loss: 2.279632 

Epoch 56/100 -------------------------------
Train Error: 
Accuracy: 70.98%, Avg loss: 1.239213 

Validate Error: 
 Accuracy: 43.92%, Avg loss: 2.300895 

Epoch 57/100 -------------------------------
Train Error: 
Accuracy: 71.27%, Avg loss: 1.219096 

Validate Error: 
 Accuracy: 41.08%, Avg loss: 2.328931 

Epoch 58/100 -------------------------------
Train Error: 
Accuracy: 73.24%, Avg loss: 1.207173 

Validate Error: 
 Accuracy: 44.02%, Avg loss: 2.275901 

Epoch 59/100 -------------------------------
Train Error: 
Accuracy: 72.84%, Avg loss: 1.191887 

Validate Error: 
 Accuracy: 44.71%, Avg loss: 2.227051 

Epoch 60/100 -------------------------------
Train Error: 
Accuracy: 72.94%, Avg loss: 1.165731 

Validate Error: 
 Accuracy: 46.18%, Avg loss: 2.283703 

Epoch 61/100 -------------------------------
Train Error: 
Accuracy: 74.71%, Avg loss: 1.159834 

Validate Error: 
 Accuracy: 43.63%, Avg loss: 2.230762 

Epoch 62/100 -------------------------------
Train Error: 
Accuracy: 76.08%, Avg loss: 1.110283 

Validate Error: 
 Accuracy: 45.29%, Avg loss: 2.278760 

Epoch 63/100 -------------------------------
Train Error: 
Accuracy: 76.76%, Avg loss: 1.102982 

Validate Error: 
 Accuracy: 43.82%, Avg loss: 2.347101 

Epoch 64/100 -------------------------------
Train Error: 
Accuracy: 74.02%, Avg loss: 1.140339 

Validate Error: 
 Accuracy: 44.61%, Avg loss: 2.304664 

Epoch 65/100 -------------------------------
Train Error: 
Accuracy: 75.10%, Avg loss: 1.097219 

Validate Error: 
 Accuracy: 47.75%, Avg loss: 2.181742 

Epoch 66/100 -------------------------------
Train Error: 
Accuracy: 75.78%, Avg loss: 1.109167 

Validate Error: 
 Accuracy: 48.14%, Avg loss: 2.193228 

Epoch 67/100 -------------------------------
Train Error: 
Accuracy: 76.86%, Avg loss: 1.054693 

Validate Error: 
 Accuracy: 45.39%, Avg loss: 2.190426 

Epoch 68/100 -------------------------------
Train Error: 
Accuracy: 76.67%, Avg loss: 1.050155 

Validate Error: 
 Accuracy: 47.65%, Avg loss: 2.172986 

Epoch 69/100 -------------------------------
Train Error: 
Accuracy: 76.96%, Avg loss: 1.017163 

Validate Error: 
 Accuracy: 45.10%, Avg loss: 2.338339 

Epoch 70/100 -------------------------------
Train Error: 
Accuracy: 75.98%, Avg loss: 1.033268 

Validate Error: 
 Accuracy: 45.98%, Avg loss: 2.208154 

Epoch 71/100 -------------------------------
Train Error: 
Accuracy: 78.92%, Avg loss: 1.001798 

Validate Error: 
 Accuracy: 48.14%, Avg loss: 2.190792 

Epoch 72/100 -------------------------------
Train Error: 
Accuracy: 78.24%, Avg loss: 0.972394 

Validate Error: 
 Accuracy: 47.55%, Avg loss: 2.171492 

Epoch 73/100 -------------------------------
Train Error: 
Accuracy: 79.41%, Avg loss: 0.986099 

Validate Error: 
 Accuracy: 47.75%, Avg loss: 2.202041 

Epoch 74/100 -------------------------------
Train Error: 
Accuracy: 77.25%, Avg loss: 0.979579 

Validate Error: 
 Accuracy: 46.47%, Avg loss: 2.208575 

Epoch 75/100 -------------------------------
Train Error: 
Accuracy: 81.47%, Avg loss: 0.915675 

Validate Error: 
 Accuracy: 46.96%, Avg loss: 2.224792 

Epoch 76/100 -------------------------------
Train Error: 
Accuracy: 78.92%, Avg loss: 0.971643 

Validate Error: 
 Accuracy: 47.84%, Avg loss: 2.180053 

Epoch 77/100 -------------------------------
Train Error: 
Accuracy: 79.22%, Avg loss: 0.923281 

Validate Error: 
 Accuracy: 45.78%, Avg loss: 2.256843 

Epoch 78/100 -------------------------------
Train Error: 
Accuracy: 81.67%, Avg loss: 0.895237 

Validate Error: 
 Accuracy: 48.04%, Avg loss: 2.152414 

Epoch 79/100 -------------------------------
Train Error: 
Accuracy: 80.49%, Avg loss: 0.901170 

Validate Error: 
 Accuracy: 47.35%, Avg loss: 2.203303 

Epoch 80/100 -------------------------------
Train Error: 
Accuracy: 82.45%, Avg loss: 0.889291 

Validate Error: 
 Accuracy: 47.94%, Avg loss: 2.180548 

Epoch 81/100 -------------------------------
Train Error: 
Accuracy: 81.67%, Avg loss: 0.890308 

Validate Error: 
 Accuracy: 49.61%, Avg loss: 2.107169 

Epoch 82/100 -------------------------------
Train Error: 
Accuracy: 82.55%, Avg loss: 0.851027 

Validate Error: 
 Accuracy: 47.65%, Avg loss: 2.169805 

Epoch 83/100 -------------------------------
Train Error: 
Accuracy: 82.35%, Avg loss: 0.851595 

Validate Error: 
 Accuracy: 48.53%, Avg loss: 2.106674 

Epoch 84/100 -------------------------------
Train Error: 
Accuracy: 81.96%, Avg loss: 0.838134 

Validate Error: 
 Accuracy: 46.96%, Avg loss: 2.202675 

Epoch 85/100 -------------------------------
Train Error: 
Accuracy: 82.06%, Avg loss: 0.846834 

Validate Error: 
 Accuracy: 47.06%, Avg loss: 2.176103 

Epoch 86/100 -------------------------------
Train Error: 
Accuracy: 84.31%, Avg loss: 0.804473 

Validate Error: 
 Accuracy: 48.33%, Avg loss: 2.167116 

Epoch 87/100 -------------------------------
Train Error: 
Accuracy: 84.31%, Avg loss: 0.802029 

Validate Error: 
 Accuracy: 48.33%, Avg loss: 2.188064 

Epoch 88/100 -------------------------------
Train Error: 
Accuracy: 84.22%, Avg loss: 0.795921 

Validate Error: 
 Accuracy: 46.86%, Avg loss: 2.210899 

Epoch 89/100 -------------------------------
Train Error: 
Accuracy: 84.12%, Avg loss: 0.798382 

Validate Error: 
 Accuracy: 45.98%, Avg loss: 2.197541 

Epoch 90/100 -------------------------------
Train Error: 
Accuracy: 84.51%, Avg loss: 0.776988 

Validate Error: 
 Accuracy: 48.24%, Avg loss: 2.123704 

Epoch 91/100 -------------------------------
Train Error: 
Accuracy: 84.31%, Avg loss: 0.765765 

Validate Error: 
 Accuracy: 48.14%, Avg loss: 2.167434 

Epoch 92/100 -------------------------------
Train Error: 
Accuracy: 84.31%, Avg loss: 0.750632 

Validate Error: 
 Accuracy: 46.76%, Avg loss: 2.153832 

Epoch 93/100 -------------------------------
Train Error: 
Accuracy: 85.78%, Avg loss: 0.742057 

Validate Error: 
 Accuracy: 47.65%, Avg loss: 2.184727 

Epoch 94/100 -------------------------------
Train Error: 
Accuracy: 85.10%, Avg loss: 0.764230 

Validate Error: 
 Accuracy: 49.22%, Avg loss: 2.120496 

Epoch 95/100 -------------------------------
Train Error: 
Accuracy: 85.39%, Avg loss: 0.730502 

Validate Error: 
 Accuracy: 49.71%, Avg loss: 2.105929 

Epoch 96/100 -------------------------------
Train Error: 
Accuracy: 87.06%, Avg loss: 0.694656 

Validate Error: 
 Accuracy: 49.12%, Avg loss: 2.180937 

Epoch 97/100 -------------------------------
Train Error: 
Accuracy: 86.96%, Avg loss: 0.702326 

Validate Error: 
 Accuracy: 49.31%, Avg loss: 2.161346 

Epoch 98/100 -------------------------------
Train Error: 
Accuracy: 85.59%, Avg loss: 0.726289 

Validate Error: 
 Accuracy: 47.16%, Avg loss: 2.215601 

Epoch 99/100 -------------------------------
Train Error: 
Accuracy: 86.67%, Avg loss: 0.713751 

Validate Error: 
 Accuracy: 50.59%, Avg loss: 2.130569 

Epoch 100/100 -------------------------------
Train Error: 
Accuracy: 88.33%, Avg loss: 0.674162 

Validate Error: 
 Accuracy: 48.82%, Avg loss: 2.141708 

Test Error: 
 Accuracy: 47.19%, Avg loss: 2.288080 

#Hyperparameters
lr = 0.00001
momentum = 0
weight_decay = 0.05
dampening = 0

#Other
batch_size = 16
epochs = 100
{'train_loss': [4.645904079079628, 4.560026295483112, 4.458167769014835, 4.338240131735802, 4.2161216996610165, 4.114655550569296, 3.968677818775177, 3.842740587890148, 3.714375849813223, 3.58827593550086, 3.4824149012565613, 3.35466992482543, 3.241260439157486, 3.1430595107376575, 3.028362911194563, 2.951043389737606, 2.8599842861294746, 2.770545933395624, 2.7015255577862263, 2.5802591294050217, 2.541607888415456, 2.4531046207994223, 2.4179308842867613, 2.318522922694683, 2.281966160982847, 2.222750026732683, 2.1588790994137526, 2.1647150348871946, 2.0652224607765675, 2.0475206468254328, 1.9899559523910284, 1.9403900019824505, 1.9290627911686897, 1.8772170431911945, 1.837598841637373, 1.7568669766187668, 1.7326346244663, 1.7289052624255419, 1.6967728063464165, 1.68263746984303, 1.6415918488055468, 1.6125938687473536, 1.555784510448575, 1.5304034352302551, 1.4746448304504156, 1.5125928595662117, 1.4388473108410835, 1.435107252560556, 1.4139461480081081, 1.3838036861270666, 1.4000181509181857, 1.3524227645248175, 1.3520783940330148, 1.3077153004705906, 1.2656497675925493, 1.2392131108790636, 1.2190956575796008, 1.2071726433932781, 1.1918867705389857, 1.1657307464629412, 1.1598340142518282, 1.110283361747861, 1.1029821876436472, 1.1403389750048518, 1.0972189623862505, 1.1091671688482165, 1.0546934325248003, 1.0501554473303258, 1.0171626154333353, 1.0332678323611617, 1.001797623001039, 0.9723943024873734, 0.98609877564013, 0.9795790687203407, 0.9156751311384141, 0.9716433435678482, 0.9232808221131563, 0.8952367403544486, 0.9011700740084052, 0.8892907318659127, 0.8903079251758754, 0.8510266286320984, 0.851594602689147, 0.8381337155587971, 0.8468336672522128, 0.8044727295637131, 0.8020289596170187, 0.7959210532717407, 0.7983819399960339, 0.7769878469407558, 0.7657650355249643, 0.7506324909627438, 0.7420567097142339, 0.764230421744287, 0.7305022454820573, 0.694655625615269, 0.702326147351414, 0.7262886837124825, 0.7137511651962996, 0.6741622681729496], 'train_accuracy': [0.00980392156862745, 0.021568627450980392, 0.03627450980392157, 0.041176470588235294, 0.06666666666666667, 0.07745098039215687, 0.10588235294117647, 0.11176470588235295, 0.1392156862745098, 0.16470588235294117, 0.18235294117647058, 0.21862745098039216, 0.23039215686274508, 0.2656862745098039, 0.2872549019607843, 0.29705882352941176, 0.3235294117647059, 0.3392156862745098, 0.3568627450980392, 0.4019607843137255, 0.3813725490196078, 0.4284313725490196, 0.42254901960784313, 0.4549019607843137, 0.4696078431372549, 0.47058823529411764, 0.49117647058823527, 0.48823529411764705, 0.5, 0.515686274509804, 0.5186274509803922, 0.5450980392156862, 0.5362745098039216, 0.5705882352941176, 0.5686274509803921, 0.5970588235294118, 0.5735294117647058, 0.5892156862745098, 0.6039215686274509, 0.6039215686274509, 0.6068627450980392, 0.6176470588235294, 0.6274509803921569, 0.6431372549019608, 0.6647058823529411, 0.6431372549019608, 0.6598039215686274, 0.6558823529411765, 0.6784313725490196, 0.6686274509803921, 0.6833333333333333, 0.6852941176470588, 0.6813725490196079, 0.696078431372549, 0.7068627450980393, 0.7098039215686275, 0.7127450980392157, 0.7323529411764705, 0.7284313725490196, 0.7294117647058823, 0.7470588235294118, 0.7607843137254902, 0.7676470588235295, 0.7401960784313726, 0.7509803921568627, 0.7578431372549019, 0.7686274509803922, 0.7666666666666667, 0.7696078431372549, 0.7598039215686274, 0.7892156862745098, 0.7823529411764706, 0.7941176470588235, 0.7725490196078432, 0.8147058823529412, 0.7892156862745098, 0.792156862745098, 0.8166666666666667, 0.8049019607843138, 0.8245098039215686, 0.8166666666666667, 0.8254901960784313, 0.8235294117647058, 0.8196078431372549, 0.8205882352941176, 0.8431372549019608, 0.8431372549019608, 0.842156862745098, 0.8411764705882353, 0.8450980392156863, 0.8431372549019608, 0.8431372549019608, 0.8578431372549019, 0.8509803921568627, 0.8539215686274509, 0.8705882352941177, 0.8696078431372549, 0.8558823529411764, 0.8666666666666667, 0.8833333333333333], 'val_loss': [4.582305520772934, 4.469638388603926, 4.337834864854813, 4.201871234923601, 4.095538388937712, 3.97340365126729, 3.865439973771572, 3.7122205309569836, 3.600131891667843, 3.554648708552122, 3.3971793614327908, 3.3182327393442392, 3.26904109492898, 3.251501752063632, 3.153247596696019, 3.134354932233691, 3.046005569398403, 2.948117660358548, 2.8491417691111565, 2.8308502212166786, 2.8668608563020825, 2.801332359202206, 2.7198057817295194, 2.716571074910462, 2.6523348884657025, 2.6706440509296954, 2.6201179521158338, 2.658738739322871, 2.559726608917117, 2.5593064189888537, 2.4966989778913558, 2.5308094639331102, 2.472613458754495, 2.573889983817935, 2.4862075899727643, 2.4599544829688966, 2.4449179051443934, 2.4284698739647865, 2.452015201561153, 2.3877914953045547, 2.441767713520676, 2.3834968402516097, 2.3982380870729685, 2.345301587600261, 2.3481529562268406, 2.307088485220447, 2.319966059178114, 2.328637166880071, 2.3394688023254275, 2.3968800224829465, 2.314822646556422, 2.4064470606390387, 2.3856766945682466, 2.3395291971974075, 2.279631634010002, 2.3008947456255555, 2.328930717660114, 2.2759012170135975, 2.227051454014145, 2.283703480148688, 2.2307615778408945, 2.278760489774868, 2.3471011493820697, 2.3046644700225443, 2.181741955690086, 2.1932278200984, 2.190425713546574, 2.172986107179895, 2.33833855134435, 2.2081542562809773, 2.190791927278042, 2.171491956571117, 2.202040667179972, 2.2085752526763827, 2.224792272783816, 2.1800528747262433, 2.2568433550186455, 2.1524141856934875, 2.203302771435119, 2.1805478231981397, 2.1071694947313517, 2.169804686855059, 2.106673685950227, 2.2026753851678222, 2.1761029069311917, 2.1671157251112163, 2.1880641562165692, 2.2108991984277964, 2.1975406162673607, 2.1237038668477908, 2.167433640337549, 2.1538321477128193, 2.184727470157668, 2.1204964125645347, 2.105929432087578, 2.180936601012945, 2.161345584783703, 2.215600709663704, 2.1305692018941045, 2.14170788472984], 'val_accuracy': [0.0196078431372549, 0.03235294117647059, 0.029411764705882353, 0.06764705882352941, 0.07156862745098039, 0.09901960784313725, 0.1, 0.14019607843137255, 0.1676470588235294, 0.17352941176470588, 0.21372549019607842, 0.23333333333333334, 0.21372549019607842, 0.21862745098039216, 0.2519607843137255, 0.24705882352941178, 0.2725490196078431, 0.2901960784313726, 0.296078431372549, 0.3088235294117647, 0.31176470588235294, 0.30490196078431375, 0.3509803921568627, 0.32745098039215687, 0.35980392156862745, 0.34411764705882353, 0.3627450980392157, 0.3411764705882353, 0.37058823529411766, 0.37450980392156863, 0.37745098039215685, 0.3686274509803922, 0.3892156862745098, 0.3627450980392157, 0.39215686274509803, 0.39215686274509803, 0.40294117647058825, 0.38823529411764707, 0.3862745098039216, 0.4176470588235294, 0.396078431372549, 0.40588235294117647, 0.40490196078431373, 0.41862745098039217, 0.4166666666666667, 0.4196078431372549, 0.4362745098039216, 0.42549019607843136, 0.41862745098039217, 0.41274509803921566, 0.4284313725490196, 0.3990196078431373, 0.43823529411764706, 0.43529411764705883, 0.45098039215686275, 0.4392156862745098, 0.4107843137254902, 0.44019607843137254, 0.4470588235294118, 0.46176470588235297, 0.4362745098039216, 0.45294117647058824, 0.43823529411764706, 0.44607843137254904, 0.4774509803921569, 0.48137254901960785, 0.453921568627451, 0.4764705882352941, 0.45098039215686275, 0.4598039215686274, 0.48137254901960785, 0.47549019607843135, 0.4774509803921569, 0.4647058823529412, 0.4696078431372549, 0.47843137254901963, 0.45784313725490194, 0.4803921568627451, 0.47352941176470587, 0.47941176470588237, 0.49607843137254903, 0.4764705882352941, 0.4852941176470588, 0.4696078431372549, 0.47058823529411764, 0.48333333333333334, 0.48333333333333334, 0.46862745098039216, 0.4598039215686274, 0.4823529411764706, 0.48137254901960785, 0.4676470588235294, 0.4764705882352941, 0.492156862745098, 0.4970588235294118, 0.49117647058823527, 0.4931372549019608, 0.4715686274509804, 0.5058823529411764, 0.48823529411764705]}

============================
 Job utilisation efficiency
============================

Job ID: 6622309
Cluster: viking2.yor.alces.network
User/Group: co788/clusterusers
State: COMPLETED (exit code 0)
Cores: 1
CPU Utilized: 01:15:10
CPU Efficiency: 98.99% of 01:15:56 core-walltime
Job Wall-clock time: 01:15:56
Memory Utilized: 1.82 GB
Memory Efficiency: 22.77% of 8.00 GB
 Requested wall clock time: 08:00:00
    Actual wall clock time: 01:15:56
Wall clock time efficiency: 15.8%
           Job queued time: 00:00:13
